{"E:\\Projects\\GoBoomTown\\sdk-ts\\sdk\\src\\index.ts": {"path":"E:\\Projects\\GoBoomTown\\sdk-ts\\sdk\\src\\index.ts","statementMap":{"0":{"start":{"line":1,"column":0},"end":{"line":1,"column":26}},"1":{"start":{"line":2,"column":0},"end":{"line":2,"column":54}},"2":{"start":{"line":3,"column":0},"end":{"line":3,"column":67}},"3":{"start":{"line":4,"column":0},"end":{"line":4,"column":66}},"4":{"start":{"line":5,"column":0},"end":{"line":5,"column":60}},"5":{"start":{"line":7,"column":33},"end":{"line":14,"column":1}},"6":{"start":{"line":8,"column":4},"end":{"line":8,"column":51}},"7":{"start":{"line":9,"column":4},"end":{"line":13,"column":6}},"8":{"start":{"line":7,"column":13},"end":{"line":7,"column":33}},"9":{"start":{"line":16,"column":0},"end":{"line":16,"column":13}},"10":{"start":{"line":19,"column":4},"end":{"line":22,"column":null}},"11":{"start":{"line":20,"column":8},"end":{"line":20,"column":33}},"12":{"start":{"line":21,"column":8},"end":{"line":21,"column":35}},"13":{"start":{"line":17,"column":11},"end":{"line":17,"column":30}},"14":{"start":{"line":18,"column":11},"end":{"line":18,"column":31}},"15":{"start":{"line":23,"column":0},"end":{"line":23,"column":null}},"16":{"start":{"line":16,"column":13},"end":{"line":16,"column":23}}},"fnMap":{"0":{"name":"(anonymous_0)","decl":{"start":{"line":7,"column":33},"end":{"line":7,"column":34}},"loc":{"start":{"line":7,"column":63},"end":{"line":14,"column":1}}},"1":{"name":"(anonymous_1)","decl":{"start":{"line":16,"column":0},"end":{"line":16,"column":13}},"loc":{"start":{"line":16,"column":0},"end":{"line":16,"column":13}}},"2":{"name":"(anonymous_3)","decl":{"start":{"line":19,"column":4},"end":{"line":19,"column":18}},"loc":{"start":{"line":19,"column":48},"end":{"line":22,"column":5}}}},"branchMap":{},"s":{"0":6,"1":6,"2":6,"3":6,"4":6,"5":6,"6":0,"7":0,"8":6,"9":6,"10":6,"11":0,"12":0,"13":6,"14":6,"15":6,"16":6},"f":{"0":0,"1":6,"2":0},"b":{}}
,"E:\\Projects\\GoBoomTown\\sdk-ts\\sdk\\src\\api\\controllers\\case-file.ts": {"path":"E:\\Projects\\GoBoomTown\\sdk-ts\\sdk\\src\\api\\controllers\\case-file.ts","statementMap":{"0":{"start":{"line":1,"column":0},"end":{"line":1,"column":33}},"1":{"start":{"line":6,"column":0},"end":{"line":6,"column":13}},"2":{"start":{"line":7,"column":33},"end":{"line":7,"column":74}},"3":{"start":{"line":13,"column":10},"end":{"line":15,"column":null}},"4":{"start":{"line":14,"column":8},"end":{"line":14,"column":56}},"5":{"start":{"line":24,"column":10},"end":{"line":26,"column":null}},"6":{"start":{"line":25,"column":8},"end":{"line":25,"column":64}},"7":{"start":{"line":34,"column":10},"end":{"line":36,"column":null}},"8":{"start":{"line":35,"column":8},"end":{"line":35,"column":59}},"9":{"start":{"line":6,"column":13},"end":{"line":37,"column":null}},"10":{"start":{"line":37,"column":0},"end":{"line":37,"column":null}},"11":{"start":{"line":6,"column":13},"end":{"line":6,"column":21}}},"fnMap":{"0":{"name":"(anonymous_15)","decl":{"start":{"line":6,"column":0},"end":{"line":6,"column":13}},"loc":{"start":{"line":6,"column":0},"end":{"line":6,"column":13}}},"1":{"name":"CaseFile","decl":{"start":{"line":7,"column":4},"end":{"line":7,"column":33}},"loc":{"start":{"line":7,"column":74},"end":{"line":7,"column":78}}},"2":{"name":"(anonymous_17)","decl":{"start":{"line":13,"column":4},"end":{"line":13,"column":10}},"loc":{"start":{"line":13,"column":36},"end":{"line":15,"column":null}}},"3":{"name":"(anonymous_20)","decl":{"start":{"line":24,"column":4},"end":{"line":24,"column":10}},"loc":{"start":{"line":24,"column":68},"end":{"line":26,"column":null}}},"4":{"name":"(anonymous_23)","decl":{"start":{"line":34,"column":4},"end":{"line":34,"column":10}},"loc":{"start":{"line":34,"column":47},"end":{"line":36,"column":null}}}},"branchMap":{},"s":{"0":3,"1":3,"2":0,"3":3,"4":0,"5":3,"6":0,"7":3,"8":0,"9":3,"10":3,"11":3},"f":{"0":3,"1":0,"2":0,"3":0,"4":0},"b":{}}
,"E:\\Projects\\GoBoomTown\\sdk-ts\\sdk\\src\\api\\controllers\\case-log.ts": {"path":"E:\\Projects\\GoBoomTown\\sdk-ts\\sdk\\src\\api\\controllers\\case-log.ts","statementMap":{"0":{"start":{"line":1,"column":0},"end":{"line":1,"column":33}},"1":{"start":{"line":6,"column":0},"end":{"line":6,"column":13}},"2":{"start":{"line":7,"column":33},"end":{"line":7,"column":72}},"3":{"start":{"line":14,"column":10},"end":{"line":16,"column":null}},"4":{"start":{"line":15,"column":8},"end":{"line":15,"column":54}},"5":{"start":{"line":24,"column":10},"end":{"line":26,"column":null}},"6":{"start":{"line":25,"column":8},"end":{"line":25,"column":62}},"7":{"start":{"line":34,"column":10},"end":{"line":36,"column":null}},"8":{"start":{"line":35,"column":8},"end":{"line":35,"column":68}},"9":{"start":{"line":6,"column":13},"end":{"line":37,"column":null}},"10":{"start":{"line":37,"column":0},"end":{"line":37,"column":null}},"11":{"start":{"line":6,"column":13},"end":{"line":6,"column":20}}},"fnMap":{"0":{"name":"(anonymous_15)","decl":{"start":{"line":6,"column":0},"end":{"line":6,"column":13}},"loc":{"start":{"line":6,"column":0},"end":{"line":6,"column":13}}},"1":{"name":"CaseLog","decl":{"start":{"line":7,"column":4},"end":{"line":7,"column":33}},"loc":{"start":{"line":7,"column":72},"end":{"line":7,"column":77}}},"2":{"name":"(anonymous_17)","decl":{"start":{"line":14,"column":4},"end":{"line":14,"column":10}},"loc":{"start":{"line":14,"column":35},"end":{"line":16,"column":null}}},"3":{"name":"(anonymous_20)","decl":{"start":{"line":24,"column":4},"end":{"line":24,"column":10}},"loc":{"start":{"line":24,"column":51},"end":{"line":26,"column":null}}},"4":{"name":"(anonymous_23)","decl":{"start":{"line":34,"column":4},"end":{"line":34,"column":10}},"loc":{"start":{"line":34,"column":57},"end":{"line":36,"column":null}}}},"branchMap":{},"s":{"0":3,"1":3,"2":1,"3":3,"4":2,"5":3,"6":2,"7":3,"8":2,"9":3,"10":3,"11":3},"f":{"0":3,"1":1,"2":2,"3":2,"4":2},"b":{}}
,"E:\\Projects\\GoBoomTown\\sdk-ts\\sdk\\src\\api\\controllers\\case-meta.ts": {"path":"E:\\Projects\\GoBoomTown\\sdk-ts\\sdk\\src\\api\\controllers\\case-meta.ts","statementMap":{"0":{"start":{"line":1,"column":0},"end":{"line":1,"column":33}},"1":{"start":{"line":6,"column":0},"end":{"line":6,"column":13}},"2":{"start":{"line":7,"column":33},"end":{"line":7,"column":74}},"3":{"start":{"line":13,"column":10},"end":{"line":15,"column":null}},"4":{"start":{"line":14,"column":8},"end":{"line":14,"column":50}},"5":{"start":{"line":21,"column":10},"end":{"line":23,"column":null}},"6":{"start":{"line":22,"column":8},"end":{"line":22,"column":46}},"7":{"start":{"line":29,"column":10},"end":{"line":31,"column":null}},"8":{"start":{"line":30,"column":8},"end":{"line":30,"column":52}},"9":{"start":{"line":37,"column":10},"end":{"line":39,"column":null}},"10":{"start":{"line":38,"column":8},"end":{"line":38,"column":55}},"11":{"start":{"line":45,"column":10},"end":{"line":47,"column":null}},"12":{"start":{"line":46,"column":8},"end":{"line":46,"column":46}},"13":{"start":{"line":53,"column":10},"end":{"line":55,"column":null}},"14":{"start":{"line":54,"column":8},"end":{"line":54,"column":47}},"15":{"start":{"line":61,"column":10},"end":{"line":63,"column":null}},"16":{"start":{"line":62,"column":8},"end":{"line":62,"column":50}},"17":{"start":{"line":69,"column":10},"end":{"line":71,"column":null}},"18":{"start":{"line":70,"column":8},"end":{"line":70,"column":53}},"19":{"start":{"line":6,"column":13},"end":{"line":72,"column":null}},"20":{"start":{"line":72,"column":0},"end":{"line":72,"column":null}},"21":{"start":{"line":6,"column":13},"end":{"line":6,"column":21}}},"fnMap":{"0":{"name":"(anonymous_15)","decl":{"start":{"line":6,"column":0},"end":{"line":6,"column":13}},"loc":{"start":{"line":6,"column":0},"end":{"line":6,"column":13}}},"1":{"name":"CaseMeta","decl":{"start":{"line":7,"column":4},"end":{"line":7,"column":33}},"loc":{"start":{"line":7,"column":74},"end":{"line":7,"column":78}}},"2":{"name":"(anonymous_17)","decl":{"start":{"line":13,"column":4},"end":{"line":13,"column":10}},"loc":{"start":{"line":13,"column":4},"end":{"line":15,"column":null}}},"3":{"name":"(anonymous_20)","decl":{"start":{"line":21,"column":4},"end":{"line":21,"column":10}},"loc":{"start":{"line":21,"column":4},"end":{"line":23,"column":null}}},"4":{"name":"(anonymous_23)","decl":{"start":{"line":29,"column":4},"end":{"line":29,"column":10}},"loc":{"start":{"line":29,"column":4},"end":{"line":31,"column":null}}},"5":{"name":"(anonymous_26)","decl":{"start":{"line":37,"column":4},"end":{"line":37,"column":10}},"loc":{"start":{"line":37,"column":4},"end":{"line":39,"column":null}}},"6":{"name":"(anonymous_29)","decl":{"start":{"line":45,"column":4},"end":{"line":45,"column":10}},"loc":{"start":{"line":45,"column":4},"end":{"line":47,"column":null}}},"7":{"name":"(anonymous_32)","decl":{"start":{"line":53,"column":4},"end":{"line":53,"column":10}},"loc":{"start":{"line":53,"column":4},"end":{"line":55,"column":null}}},"8":{"name":"(anonymous_35)","decl":{"start":{"line":61,"column":4},"end":{"line":61,"column":10}},"loc":{"start":{"line":61,"column":4},"end":{"line":63,"column":null}}},"9":{"name":"(anonymous_38)","decl":{"start":{"line":69,"column":4},"end":{"line":69,"column":10}},"loc":{"start":{"line":69,"column":4},"end":{"line":71,"column":null}}}},"branchMap":{},"s":{"0":3,"1":3,"2":0,"3":3,"4":0,"5":3,"6":0,"7":3,"8":0,"9":3,"10":0,"11":3,"12":0,"13":3,"14":0,"15":3,"16":0,"17":3,"18":0,"19":3,"20":3,"21":3},"f":{"0":3,"1":0,"2":0,"3":0,"4":0,"5":0,"6":0,"7":0,"8":0,"9":0},"b":{}}
,"E:\\Projects\\GoBoomTown\\sdk-ts\\sdk\\src\\api\\controllers\\cases.ts": {"path":"E:\\Projects\\GoBoomTown\\sdk-ts\\sdk\\src\\api\\controllers\\cases.ts","statementMap":{"0":{"start":{"line":1,"column":0},"end":{"line":1,"column":33}},"1":{"start":{"line":6,"column":0},"end":{"line":6,"column":13}},"2":{"start":{"line":7,"column":33},"end":{"line":7,"column":68}},"3":{"start":{"line":14,"column":10},"end":{"line":16,"column":null}},"4":{"start":{"line":15,"column":8},"end":{"line":15,"column":50}},"5":{"start":{"line":23,"column":10},"end":{"line":25,"column":null}},"6":{"start":{"line":24,"column":8},"end":{"line":24,"column":45}},"7":{"start":{"line":32,"column":10},"end":{"line":34,"column":null}},"8":{"start":{"line":33,"column":8},"end":{"line":33,"column":58}},"9":{"start":{"line":42,"column":10},"end":{"line":44,"column":null}},"10":{"start":{"line":43,"column":8},"end":{"line":43,"column":65}},"11":{"start":{"line":51,"column":10},"end":{"line":53,"column":null}},"12":{"start":{"line":52,"column":8},"end":{"line":52,"column":56}},"13":{"start":{"line":60,"column":10},"end":{"line":62,"column":null}},"14":{"start":{"line":61,"column":8},"end":{"line":61,"column":49}},"15":{"start":{"line":70,"column":10},"end":{"line":72,"column":null}},"16":{"start":{"line":71,"column":8},"end":{"line":71,"column":71}},"17":{"start":{"line":80,"column":10},"end":{"line":82,"column":null}},"18":{"start":{"line":81,"column":8},"end":{"line":81,"column":75}},"19":{"start":{"line":89,"column":10},"end":{"line":91,"column":null}},"20":{"start":{"line":90,"column":8},"end":{"line":90,"column":48}},"21":{"start":{"line":98,"column":10},"end":{"line":100,"column":null}},"22":{"start":{"line":99,"column":8},"end":{"line":99,"column":58}},"23":{"start":{"line":107,"column":10},"end":{"line":109,"column":null}},"24":{"start":{"line":108,"column":8},"end":{"line":108,"column":56}},"25":{"start":{"line":6,"column":13},"end":{"line":110,"column":null}},"26":{"start":{"line":110,"column":0},"end":{"line":110,"column":null}},"27":{"start":{"line":6,"column":13},"end":{"line":6,"column":18}}},"fnMap":{"0":{"name":"(anonymous_15)","decl":{"start":{"line":6,"column":0},"end":{"line":6,"column":13}},"loc":{"start":{"line":6,"column":0},"end":{"line":6,"column":13}}},"1":{"name":"Cases","decl":{"start":{"line":7,"column":4},"end":{"line":7,"column":33}},"loc":{"start":{"line":7,"column":68},"end":{"line":7,"column":73}}},"2":{"name":"(anonymous_17)","decl":{"start":{"line":14,"column":4},"end":{"line":14,"column":10}},"loc":{"start":{"line":14,"column":44},"end":{"line":16,"column":null}}},"3":{"name":"(anonymous_20)","decl":{"start":{"line":23,"column":4},"end":{"line":23,"column":10}},"loc":{"start":{"line":23,"column":28},"end":{"line":25,"column":null}}},"4":{"name":"(anonymous_23)","decl":{"start":{"line":32,"column":4},"end":{"line":32,"column":10}},"loc":{"start":{"line":32,"column":53},"end":{"line":34,"column":null}}},"5":{"name":"(anonymous_26)","decl":{"start":{"line":42,"column":4},"end":{"line":42,"column":10}},"loc":{"start":{"line":42,"column":56},"end":{"line":44,"column":null}}},"6":{"name":"(anonymous_29)","decl":{"start":{"line":51,"column":4},"end":{"line":51,"column":10}},"loc":{"start":{"line":51,"column":39},"end":{"line":53,"column":null}}},"7":{"name":"(anonymous_32)","decl":{"start":{"line":60,"column":4},"end":{"line":60,"column":10}},"loc":{"start":{"line":60,"column":32},"end":{"line":62,"column":null}}},"8":{"name":"(anonymous_35)","decl":{"start":{"line":70,"column":4},"end":{"line":70,"column":10}},"loc":{"start":{"line":70,"column":75},"end":{"line":72,"column":null}}},"9":{"name":"(anonymous_38)","decl":{"start":{"line":80,"column":4},"end":{"line":80,"column":10}},"loc":{"start":{"line":80,"column":81},"end":{"line":82,"column":null}}},"10":{"name":"(anonymous_41)","decl":{"start":{"line":89,"column":4},"end":{"line":89,"column":10}},"loc":{"start":{"line":89,"column":31},"end":{"line":91,"column":null}}},"11":{"name":"(anonymous_44)","decl":{"start":{"line":98,"column":4},"end":{"line":98,"column":10}},"loc":{"start":{"line":98,"column":38},"end":{"line":100,"column":null}}},"12":{"name":"(anonymous_47)","decl":{"start":{"line":107,"column":4},"end":{"line":107,"column":10}},"loc":{"start":{"line":107,"column":36},"end":{"line":109,"column":null}}}},"branchMap":{},"s":{"0":4,"1":4,"2":1,"3":4,"4":2,"5":4,"6":3,"7":4,"8":2,"9":4,"10":3,"11":4,"12":2,"13":4,"14":2,"15":4,"16":2,"17":4,"18":2,"19":4,"20":2,"21":4,"22":2,"23":4,"24":2,"25":4,"26":4,"27":4},"f":{"0":4,"1":1,"2":2,"3":3,"4":2,"5":3,"6":2,"7":2,"8":2,"9":2,"10":2,"11":2,"12":2},"b":{}}
,"E:\\Projects\\GoBoomTown\\sdk-ts\\sdk\\src\\api\\controllers\\customer-contact.ts": {"path":"E:\\Projects\\GoBoomTown\\sdk-ts\\sdk\\src\\api\\controllers\\customer-contact.ts","statementMap":{"0":{"start":{"line":1,"column":0},"end":{"line":1,"column":33}},"1":{"start":{"line":6,"column":0},"end":{"line":6,"column":13}},"2":{"start":{"line":7,"column":33},"end":{"line":7,"column":88}},"3":{"start":{"line":14,"column":10},"end":{"line":16,"column":null}},"4":{"start":{"line":15,"column":8},"end":{"line":15,"column":59}},"5":{"start":{"line":24,"column":10},"end":{"line":26,"column":null}},"6":{"start":{"line":25,"column":8},"end":{"line":25,"column":79}},"7":{"start":{"line":33,"column":10},"end":{"line":35,"column":null}},"8":{"start":{"line":34,"column":8},"end":{"line":34,"column":71}},"9":{"start":{"line":42,"column":10},"end":{"line":44,"column":null}},"10":{"start":{"line":43,"column":8},"end":{"line":43,"column":72}},"11":{"start":{"line":52,"column":10},"end":{"line":54,"column":null}},"12":{"start":{"line":53,"column":8},"end":{"line":53,"column":74}},"13":{"start":{"line":62,"column":10},"end":{"line":64,"column":null}},"14":{"start":{"line":63,"column":8},"end":{"line":63,"column":86}},"15":{"start":{"line":6,"column":13},"end":{"line":65,"column":null}},"16":{"start":{"line":65,"column":0},"end":{"line":65,"column":null}},"17":{"start":{"line":6,"column":13},"end":{"line":6,"column":28}}},"fnMap":{"0":{"name":"(anonymous_15)","decl":{"start":{"line":6,"column":0},"end":{"line":6,"column":13}},"loc":{"start":{"line":6,"column":0},"end":{"line":6,"column":13}}},"1":{"name":"CustomerContact","decl":{"start":{"line":7,"column":4},"end":{"line":7,"column":33}},"loc":{"start":{"line":7,"column":88},"end":{"line":7,"column":92}}},"2":{"name":"(anonymous_17)","decl":{"start":{"line":14,"column":4},"end":{"line":14,"column":10}},"loc":{"start":{"line":14,"column":32},"end":{"line":16,"column":null}}},"3":{"name":"(anonymous_20)","decl":{"start":{"line":24,"column":4},"end":{"line":24,"column":10}},"loc":{"start":{"line":24,"column":61},"end":{"line":26,"column":null}}},"4":{"name":"(anonymous_23)","decl":{"start":{"line":33,"column":4},"end":{"line":33,"column":10}},"loc":{"start":{"line":33,"column":44},"end":{"line":35,"column":null}}},"5":{"name":"(anonymous_26)","decl":{"start":{"line":42,"column":4},"end":{"line":42,"column":10}},"loc":{"start":{"line":42,"column":61},"end":{"line":44,"column":null}}},"6":{"name":"(anonymous_29)","decl":{"start":{"line":52,"column":4},"end":{"line":52,"column":10}},"loc":{"start":{"line":52,"column":56},"end":{"line":54,"column":null}}},"7":{"name":"(anonymous_32)","decl":{"start":{"line":62,"column":4},"end":{"line":62,"column":10}},"loc":{"start":{"line":62,"column":83},"end":{"line":64,"column":null}}}},"branchMap":{},"s":{"0":3,"1":3,"2":0,"3":3,"4":0,"5":3,"6":0,"7":3,"8":0,"9":3,"10":0,"11":3,"12":0,"13":3,"14":0,"15":3,"16":3,"17":3},"f":{"0":3,"1":0,"2":0,"3":0,"4":0,"5":0,"6":0,"7":0},"b":{}}
,"E:\\Projects\\GoBoomTown\\sdk-ts\\sdk\\src\\api\\controllers\\customer-location.ts": {"path":"E:\\Projects\\GoBoomTown\\sdk-ts\\sdk\\src\\api\\controllers\\customer-location.ts","statementMap":{"0":{"start":{"line":1,"column":0},"end":{"line":1,"column":33}},"1":{"start":{"line":13,"column":0},"end":{"line":13,"column":13}},"2":{"start":{"line":14,"column":33},"end":{"line":14,"column":90}},"3":{"start":{"line":22,"column":10},"end":{"line":27,"column":null}},"4":{"start":{"line":26,"column":8},"end":{"line":26,"column":89}},"5":{"start":{"line":34,"column":10},"end":{"line":36,"column":null}},"6":{"start":{"line":35,"column":8},"end":{"line":35,"column":80}},"7":{"start":{"line":43,"column":10},"end":{"line":45,"column":null}},"8":{"start":{"line":44,"column":8},"end":{"line":44,"column":55}},"9":{"start":{"line":52,"column":10},"end":{"line":54,"column":null}},"10":{"start":{"line":53,"column":8},"end":{"line":53,"column":64}},"11":{"start":{"line":62,"column":11},"end":{"line":64,"column":null}},"12":{"start":{"line":63,"column":8},"end":{"line":63,"column":99}},"13":{"start":{"line":70,"column":10},"end":{"line":72,"column":null}},"14":{"start":{"line":71,"column":8},"end":{"line":71,"column":60}},"15":{"start":{"line":13,"column":13},"end":{"line":73,"column":null}},"16":{"start":{"line":73,"column":0},"end":{"line":73,"column":null}},"17":{"start":{"line":13,"column":13},"end":{"line":13,"column":29}}},"fnMap":{"0":{"name":"(anonymous_15)","decl":{"start":{"line":13,"column":0},"end":{"line":13,"column":13}},"loc":{"start":{"line":13,"column":0},"end":{"line":13,"column":13}}},"1":{"name":"CustomerLocation","decl":{"start":{"line":14,"column":4},"end":{"line":14,"column":33}},"loc":{"start":{"line":14,"column":90},"end":{"line":14,"column":94}}},"2":{"name":"(anonymous_17)","decl":{"start":{"line":22,"column":4},"end":{"line":22,"column":10}},"loc":{"start":{"line":24,"column":57},"end":{"line":27,"column":null}}},"3":{"name":"(anonymous_20)","decl":{"start":{"line":34,"column":4},"end":{"line":34,"column":10}},"loc":{"start":{"line":34,"column":75},"end":{"line":36,"column":null}}},"4":{"name":"(anonymous_23)","decl":{"start":{"line":43,"column":4},"end":{"line":43,"column":10}},"loc":{"start":{"line":43,"column":27},"end":{"line":45,"column":null}}},"5":{"name":"(anonymous_26)","decl":{"start":{"line":52,"column":4},"end":{"line":52,"column":10}},"loc":{"start":{"line":52,"column":36},"end":{"line":54,"column":null}}},"6":{"name":"(anonymous_29)","decl":{"start":{"line":62,"column":5},"end":{"line":62,"column":11}},"loc":{"start":{"line":62,"column":80},"end":{"line":64,"column":null}}},"7":{"name":"(anonymous_32)","decl":{"start":{"line":70,"column":4},"end":{"line":70,"column":10}},"loc":{"start":{"line":70,"column":4},"end":{"line":72,"column":null}}}},"branchMap":{},"s":{"0":3,"1":3,"2":1,"3":3,"4":2,"5":3,"6":3,"7":3,"8":2,"9":3,"10":2,"11":3,"12":2,"13":3,"14":1,"15":3,"16":3,"17":3},"f":{"0":3,"1":1,"2":2,"3":3,"4":2,"5":2,"6":2,"7":1},"b":{}}
,"E:\\Projects\\GoBoomTown\\sdk-ts\\sdk\\src\\api\\controllers\\customer-lookup.ts": {"path":"E:\\Projects\\GoBoomTown\\sdk-ts\\sdk\\src\\api\\controllers\\customer-lookup.ts","statementMap":{"0":{"start":{"line":1,"column":0},"end":{"line":1,"column":33}},"1":{"start":{"line":6,"column":0},"end":{"line":6,"column":13}},"2":{"start":{"line":7,"column":33},"end":{"line":7,"column":86}},"3":{"start":{"line":14,"column":10},"end":{"line":16,"column":null}},"4":{"start":{"line":15,"column":8},"end":{"line":15,"column":70}},"5":{"start":{"line":23,"column":10},"end":{"line":25,"column":null}},"6":{"start":{"line":24,"column":8},"end":{"line":24,"column":72}},"7":{"start":{"line":32,"column":10},"end":{"line":34,"column":null}},"8":{"start":{"line":33,"column":8},"end":{"line":33,"column":78}},"9":{"start":{"line":41,"column":10},"end":{"line":43,"column":null}},"10":{"start":{"line":42,"column":8},"end":{"line":42,"column":76}},"11":{"start":{"line":6,"column":13},"end":{"line":44,"column":null}},"12":{"start":{"line":44,"column":0},"end":{"line":44,"column":null}},"13":{"start":{"line":6,"column":13},"end":{"line":6,"column":27}}},"fnMap":{"0":{"name":"(anonymous_15)","decl":{"start":{"line":6,"column":0},"end":{"line":6,"column":13}},"loc":{"start":{"line":6,"column":0},"end":{"line":6,"column":13}}},"1":{"name":"CustomerLookup","decl":{"start":{"line":7,"column":4},"end":{"line":7,"column":33}},"loc":{"start":{"line":7,"column":86},"end":{"line":8,"column":5}}},"2":{"name":"(anonymous_17)","decl":{"start":{"line":14,"column":4},"end":{"line":14,"column":10}},"loc":{"start":{"line":14,"column":44},"end":{"line":16,"column":null}}},"3":{"name":"(anonymous_20)","decl":{"start":{"line":23,"column":4},"end":{"line":23,"column":10}},"loc":{"start":{"line":23,"column":46},"end":{"line":25,"column":null}}},"4":{"name":"(anonymous_23)","decl":{"start":{"line":32,"column":4},"end":{"line":32,"column":10}},"loc":{"start":{"line":32,"column":52},"end":{"line":34,"column":null}}},"5":{"name":"(anonymous_26)","decl":{"start":{"line":41,"column":4},"end":{"line":41,"column":10}},"loc":{"start":{"line":41,"column":50},"end":{"line":43,"column":null}}}},"branchMap":{},"s":{"0":3,"1":3,"2":1,"3":3,"4":2,"5":3,"6":2,"7":3,"8":2,"9":3,"10":2,"11":3,"12":3,"13":3},"f":{"0":3,"1":1,"2":2,"3":2,"4":2,"5":2},"b":{}}
,"E:\\Projects\\GoBoomTown\\sdk-ts\\sdk\\src\\api\\controllers\\customer-meta.ts": {"path":"E:\\Projects\\GoBoomTown\\sdk-ts\\sdk\\src\\api\\controllers\\customer-meta.ts","statementMap":{"0":{"start":{"line":1,"column":0},"end":{"line":1,"column":33}},"1":{"start":{"line":6,"column":0},"end":{"line":6,"column":13}},"2":{"start":{"line":7,"column":33},"end":{"line":7,"column":82}},"3":{"start":{"line":13,"column":10},"end":{"line":15,"column":null}},"4":{"start":{"line":14,"column":8},"end":{"line":14,"column":52}},"5":{"start":{"line":21,"column":10},"end":{"line":23,"column":null}},"6":{"start":{"line":22,"column":8},"end":{"line":22,"column":56}},"7":{"start":{"line":30,"column":10},"end":{"line":32,"column":null}},"8":{"start":{"line":31,"column":8},"end":{"line":31,"column":63}},"9":{"start":{"line":6,"column":13},"end":{"line":33,"column":null}},"10":{"start":{"line":33,"column":0},"end":{"line":33,"column":null}},"11":{"start":{"line":6,"column":13},"end":{"line":6,"column":25}}},"fnMap":{"0":{"name":"(anonymous_15)","decl":{"start":{"line":6,"column":0},"end":{"line":6,"column":13}},"loc":{"start":{"line":6,"column":0},"end":{"line":6,"column":13}}},"1":{"name":"CustomerMeta","decl":{"start":{"line":7,"column":4},"end":{"line":7,"column":33}},"loc":{"start":{"line":7,"column":82},"end":{"line":7,"column":87}}},"2":{"name":"(anonymous_17)","decl":{"start":{"line":13,"column":4},"end":{"line":13,"column":10}},"loc":{"start":{"line":13,"column":4},"end":{"line":15,"column":null}}},"3":{"name":"(anonymous_20)","decl":{"start":{"line":21,"column":4},"end":{"line":21,"column":10}},"loc":{"start":{"line":21,"column":4},"end":{"line":23,"column":null}}},"4":{"name":"(anonymous_23)","decl":{"start":{"line":30,"column":4},"end":{"line":30,"column":10}},"loc":{"start":{"line":30,"column":39},"end":{"line":32,"column":null}}}},"branchMap":{},"s":{"0":4,"1":4,"2":1,"3":4,"4":1,"5":4,"6":1,"7":4,"8":1,"9":4,"10":4,"11":4},"f":{"0":4,"1":1,"2":1,"3":1,"4":1},"b":{}}
,"E:\\Projects\\GoBoomTown\\sdk-ts\\sdk\\src\\api\\controllers\\customer.ts": {"path":"E:\\Projects\\GoBoomTown\\sdk-ts\\sdk\\src\\api\\controllers\\customer.ts","statementMap":{"0":{"start":{"line":1,"column":0},"end":{"line":1,"column":33}},"1":{"start":{"line":14,"column":0},"end":{"line":14,"column":13}},"2":{"start":{"line":15,"column":33},"end":{"line":15,"column":74}},"3":{"start":{"line":22,"column":10},"end":{"line":24,"column":null}},"4":{"start":{"line":23,"column":8},"end":{"line":23,"column":53}},"5":{"start":{"line":31,"column":10},"end":{"line":33,"column":null}},"6":{"start":{"line":32,"column":8},"end":{"line":32,"column":48}},"7":{"start":{"line":40,"column":10},"end":{"line":42,"column":null}},"8":{"start":{"line":41,"column":8},"end":{"line":41,"column":64}},"9":{"start":{"line":49,"column":10},"end":{"line":51,"column":null}},"10":{"start":{"line":50,"column":8},"end":{"line":50,"column":47}},"11":{"start":{"line":58,"column":10},"end":{"line":60,"column":null}},"12":{"start":{"line":59,"column":8},"end":{"line":59,"column":61}},"13":{"start":{"line":14,"column":13},"end":{"line":61,"column":null}},"14":{"start":{"line":61,"column":0},"end":{"line":61,"column":null}},"15":{"start":{"line":14,"column":13},"end":{"line":14,"column":21}}},"fnMap":{"0":{"name":"(anonymous_15)","decl":{"start":{"line":14,"column":0},"end":{"line":14,"column":13}},"loc":{"start":{"line":14,"column":0},"end":{"line":14,"column":13}}},"1":{"name":"Customer","decl":{"start":{"line":15,"column":4},"end":{"line":15,"column":33}},"loc":{"start":{"line":15,"column":74},"end":{"line":15,"column":78}}},"2":{"name":"(anonymous_17)","decl":{"start":{"line":22,"column":4},"end":{"line":22,"column":10}},"loc":{"start":{"line":22,"column":39},"end":{"line":24,"column":null}}},"3":{"name":"(anonymous_20)","decl":{"start":{"line":31,"column":4},"end":{"line":31,"column":10}},"loc":{"start":{"line":31,"column":28},"end":{"line":33,"column":null}}},"4":{"name":"(anonymous_23)","decl":{"start":{"line":40,"column":4},"end":{"line":40,"column":10}},"loc":{"start":{"line":40,"column":59},"end":{"line":42,"column":null}}},"5":{"name":"(anonymous_26)","decl":{"start":{"line":49,"column":4},"end":{"line":49,"column":10}},"loc":{"start":{"line":49,"column":27},"end":{"line":51,"column":null}}},"6":{"name":"(anonymous_29)","decl":{"start":{"line":58,"column":4},"end":{"line":58,"column":10}},"loc":{"start":{"line":58,"column":48},"end":{"line":60,"column":null}}}},"branchMap":{},"s":{"0":6,"1":6,"2":1,"3":6,"4":2,"5":6,"6":2,"7":6,"8":3,"9":6,"10":2,"11":6,"12":2,"13":6,"14":6,"15":6},"f":{"0":6,"1":1,"2":2,"3":2,"4":3,"5":2,"6":2},"b":{}}
,"E:\\Projects\\GoBoomTown\\sdk-ts\\sdk\\src\\api\\controllers\\index.ts": {"path":"E:\\Projects\\GoBoomTown\\sdk-ts\\sdk\\src\\api\\controllers\\index.ts","statementMap":{"0":{"start":{"line":1,"column":0},"end":{"line":1,"column":28}},"1":{"start":{"line":2,"column":0},"end":{"line":2,"column":28}},"2":{"start":{"line":3,"column":0},"end":{"line":3,"column":24}},"3":{"start":{"line":4,"column":0},"end":{"line":4,"column":35}},"4":{"start":{"line":5,"column":0},"end":{"line":5,"column":36}},"5":{"start":{"line":6,"column":0},"end":{"line":6,"column":32}},"6":{"start":{"line":7,"column":0},"end":{"line":7,"column":27}},"7":{"start":{"line":8,"column":0},"end":{"line":8,"column":34}},"8":{"start":{"line":9,"column":0},"end":{"line":9,"column":27}}},"fnMap":{},"branchMap":{},"s":{"0":3,"1":3,"2":3,"3":3,"4":3,"5":3,"6":3,"7":3,"8":3},"f":{},"b":{}}
,"E:\\Projects\\GoBoomTown\\sdk-ts\\sdk\\src\\configs\\api-paths.ts": {"path":"E:\\Projects\\GoBoomTown\\sdk-ts\\sdk\\src\\configs\\api-paths.ts","statementMap":{"0":{"start":{"line":1,"column":0},"end":{"line":1,"column":51}},"1":{"start":{"line":3,"column":13},"end":{"line":55,"column":2}},"2":{"start":{"line":5,"column":40},"end":{"line":5,"column":null}},"3":{"start":{"line":7,"column":39},"end":{"line":7,"column":null}},"4":{"start":{"line":10,"column":48},"end":{"line":10,"column":null}},"5":{"start":{"line":12,"column":47},"end":{"line":12,"column":null}},"6":{"start":{"line":14,"column":60},"end":{"line":14,"column":null}},"7":{"start":{"line":16,"column":45},"end":{"line":16,"column":null}},"8":{"start":{"line":17,"column":57},"end":{"line":17,"column":null}},"9":{"start":{"line":20,"column":47},"end":{"line":20,"column":null}},"10":{"start":{"line":21,"column":51},"end":{"line":21,"column":null}},"11":{"start":{"line":31,"column":37},"end":{"line":31,"column":null}},"12":{"start":{"line":33,"column":45},"end":{"line":33,"column":null}},"13":{"start":{"line":34,"column":44},"end":{"line":34,"column":null}},"14":{"start":{"line":35,"column":48},"end":{"line":35,"column":null}},"15":{"start":{"line":36,"column":48},"end":{"line":36,"column":null}},"16":{"start":{"line":45,"column":44},"end":{"line":45,"column":null}},"17":{"start":{"line":46,"column":43},"end":{"line":46,"column":null}},"18":{"start":{"line":47,"column":46},"end":{"line":47,"column":null}},"19":{"start":{"line":48,"column":52},"end":{"line":48,"column":null}},"20":{"start":{"line":49,"column":45},"end":{"line":49,"column":null}},"21":{"start":{"line":50,"column":46},"end":{"line":50,"column":null}},"22":{"start":{"line":51,"column":48},"end":{"line":51,"column":null}},"23":{"start":{"line":52,"column":44},"end":{"line":52,"column":null}},"24":{"start":{"line":53,"column":44},"end":{"line":53,"column":null}},"25":{"start":{"line":54,"column":49},"end":{"line":54,"column":null}},"26":{"start":{"line":58,"column":4},"end":{"line":58,"column":44}}},"fnMap":{"0":{"name":"(anonymous_0)","decl":{"start":{"line":5,"column":24},"end":{"line":5,"column":25}},"loc":{"start":{"line":5,"column":35},"end":{"line":5,"column":52}}},"1":{"name":"(anonymous_1)","decl":{"start":{"line":7,"column":23},"end":{"line":7,"column":24}},"loc":{"start":{"line":7,"column":34},"end":{"line":7,"column":51}}},"2":{"name":"(anonymous_2)","decl":{"start":{"line":10,"column":32},"end":{"line":10,"column":33}},"loc":{"start":{"line":10,"column":43},"end":{"line":10,"column":60}}},"3":{"name":"(anonymous_3)","decl":{"start":{"line":12,"column":31},"end":{"line":12,"column":32}},"loc":{"start":{"line":12,"column":42},"end":{"line":12,"column":59}}},"4":{"name":"(anonymous_4)","decl":{"start":{"line":14,"column":36},"end":{"line":14,"column":37}},"loc":{"start":{"line":14,"column":55},"end":{"line":14,"column":72}}},"5":{"name":"(anonymous_5)","decl":{"start":{"line":16,"column":26},"end":{"line":16,"column":27}},"loc":{"start":{"line":16,"column":40},"end":{"line":16,"column":57}}},"6":{"name":"(anonymous_6)","decl":{"start":{"line":17,"column":33},"end":{"line":17,"column":34}},"loc":{"start":{"line":17,"column":52},"end":{"line":17,"column":69}}},"7":{"name":"(anonymous_7)","decl":{"start":{"line":20,"column":24},"end":{"line":20,"column":25}},"loc":{"start":{"line":20,"column":42},"end":{"line":20,"column":59}}},"8":{"name":"(anonymous_8)","decl":{"start":{"line":21,"column":27},"end":{"line":21,"column":28}},"loc":{"start":{"line":21,"column":46},"end":{"line":21,"column":63}}},"9":{"name":"(anonymous_9)","decl":{"start":{"line":31,"column":21},"end":{"line":31,"column":22}},"loc":{"start":{"line":31,"column":32},"end":{"line":31,"column":49}}},"10":{"name":"(anonymous_10)","decl":{"start":{"line":33,"column":24},"end":{"line":33,"column":25}},"loc":{"start":{"line":33,"column":40},"end":{"line":33,"column":57}}},"11":{"name":"(anonymous_11)","decl":{"start":{"line":34,"column":23},"end":{"line":34,"column":24}},"loc":{"start":{"line":34,"column":39},"end":{"line":34,"column":56}}},"12":{"name":"(anonymous_12)","decl":{"start":{"line":35,"column":27},"end":{"line":35,"column":28}},"loc":{"start":{"line":35,"column":43},"end":{"line":35,"column":60}}},"13":{"name":"(anonymous_13)","decl":{"start":{"line":36,"column":27},"end":{"line":36,"column":28}},"loc":{"start":{"line":36,"column":43},"end":{"line":36,"column":60}}},"14":{"name":"(anonymous_14)","decl":{"start":{"line":45,"column":23},"end":{"line":45,"column":24}},"loc":{"start":{"line":45,"column":39},"end":{"line":45,"column":56}}},"15":{"name":"(anonymous_15)","decl":{"start":{"line":46,"column":22},"end":{"line":46,"column":23}},"loc":{"start":{"line":46,"column":38},"end":{"line":46,"column":55}}},"16":{"name":"(anonymous_16)","decl":{"start":{"line":47,"column":25},"end":{"line":47,"column":26}},"loc":{"start":{"line":47,"column":41},"end":{"line":47,"column":58}}},"17":{"name":"(anonymous_17)","decl":{"start":{"line":48,"column":31},"end":{"line":48,"column":32}},"loc":{"start":{"line":48,"column":47},"end":{"line":48,"column":64}}},"18":{"name":"(anonymous_18)","decl":{"start":{"line":49,"column":24},"end":{"line":49,"column":25}},"loc":{"start":{"line":49,"column":40},"end":{"line":49,"column":57}}},"19":{"name":"(anonymous_19)","decl":{"start":{"line":50,"column":25},"end":{"line":50,"column":26}},"loc":{"start":{"line":50,"column":41},"end":{"line":50,"column":58}}},"20":{"name":"(anonymous_20)","decl":{"start":{"line":51,"column":27},"end":{"line":51,"column":28}},"loc":{"start":{"line":51,"column":43},"end":{"line":51,"column":60}}},"21":{"name":"(anonymous_21)","decl":{"start":{"line":52,"column":23},"end":{"line":52,"column":24}},"loc":{"start":{"line":52,"column":39},"end":{"line":52,"column":56}}},"22":{"name":"(anonymous_22)","decl":{"start":{"line":53,"column":23},"end":{"line":53,"column":24}},"loc":{"start":{"line":53,"column":39},"end":{"line":53,"column":56}}},"23":{"name":"(anonymous_23)","decl":{"start":{"line":54,"column":28},"end":{"line":54,"column":29}},"loc":{"start":{"line":54,"column":44},"end":{"line":54,"column":61}}},"24":{"name":"generatePath","decl":{"start":{"line":57,"column":9},"end":{"line":57,"column":21}},"loc":{"start":{"line":57,"column":34},"end":{"line":59,"column":1}}}},"branchMap":{},"s":{"0":6,"1":6,"2":2,"3":2,"4":2,"5":2,"6":2,"7":0,"8":0,"9":0,"10":0,"11":3,"12":0,"13":0,"14":0,"15":2,"16":2,"17":2,"18":3,"19":2,"20":2,"21":2,"22":2,"23":2,"24":2,"25":2,"26":198},"f":{"0":2,"1":2,"2":2,"3":2,"4":2,"5":0,"6":0,"7":0,"8":0,"9":3,"10":0,"11":0,"12":0,"13":2,"14":2,"15":2,"16":3,"17":2,"18":2,"19":2,"20":2,"21":2,"22":2,"23":2,"24":198},"b":{}}
,"E:\\Projects\\GoBoomTown\\sdk-ts\\sdk\\src\\configs\\boomtown-config.ts": {"path":"E:\\Projects\\GoBoomTown\\sdk-ts\\sdk\\src\\configs\\boomtown-config.ts","statementMap":{"0":{"start":{"line":1,"column":13},"end":{"line":5,"column":2}}},"fnMap":{},"branchMap":{},"s":{"0":6},"f":{},"b":{}}
,"E:\\Projects\\GoBoomTown\\sdk-ts\\sdk\\src\\core\\helpers\\client-request-helper.ts": {"path":"E:\\Projects\\GoBoomTown\\sdk-ts\\sdk\\src\\core\\helpers\\client-request-helper.ts","statementMap":{"0":{"start":{"line":14,"column":23},"end":{"line":14,"column":77}},"1":{"start":{"line":16,"column":4},"end":{"line":22,"column":6}},"2":{"start":{"line":13,"column":0},"end":{"line":13,"column":16}},"3":{"start":{"line":31,"column":18},"end":{"line":31,"column":20}},"4":{"start":{"line":32,"column":4},"end":{"line":38,"column":null}},"5":{"start":{"line":33,"column":8},"end":{"line":37,"column":null}},"6":{"start":{"line":34,"column":12},"end":{"line":36,"column":null}},"7":{"start":{"line":35,"column":16},"end":{"line":35,"column":100}},"8":{"start":{"line":40,"column":4},"end":{"line":40,"column":27}},"9":{"start":{"line":30,"column":0},"end":{"line":30,"column":16}},"10":{"start":{"line":50,"column":4},"end":{"line":50,"column":60}},"11":{"start":{"line":49,"column":0},"end":{"line":49,"column":16}},"12":{"start":{"line":59,"column":20},"end":{"line":59,"column":42}},"13":{"start":{"line":61,"column":4},"end":{"line":61,"column":29}},"14":{"start":{"line":58,"column":0},"end":{"line":58,"column":16}}},"fnMap":{"0":{"name":"createApiRequest","decl":{"start":{"line":13,"column":16},"end":{"line":13,"column":32}},"loc":{"start":{"line":13,"column":124},"end":{"line":23,"column":1}}},"1":{"name":"createQueryParameter","decl":{"start":{"line":30,"column":16},"end":{"line":30,"column":36}},"loc":{"start":{"line":30,"column":56},"end":{"line":41,"column":1}}},"2":{"name":"buildURL","decl":{"start":{"line":49,"column":16},"end":{"line":49,"column":24}},"loc":{"start":{"line":49,"column":60},"end":{"line":51,"column":1}}},"3":{"name":"detectQueryString","decl":{"start":{"line":58,"column":16},"end":{"line":58,"column":33}},"loc":{"start":{"line":58,"column":45},"end":{"line":62,"column":1}}}},"branchMap":{"0":{"loc":{"start":{"line":14,"column":23},"end":{"line":14,"column":77}},"type":"cond-expr","locations":[{"start":{"line":14,"column":38},"end":{"line":14,"column":72}},{"start":{"line":14,"column":75},"end":{"line":14,"column":77}}]},"1":{"loc":{"start":{"line":17,"column":13},"end":{"line":17,"column":57}},"type":"cond-expr","locations":[{"start":{"line":17,"column":26},"end":{"line":17,"column":51}},{"start":{"line":17,"column":54},"end":{"line":17,"column":57}}]},"2":{"loc":{"start":{"line":21,"column":18},"end":{"line":21,"column":49}},"type":"cond-expr","locations":[{"start":{"line":21,"column":31},"end":{"line":21,"column":41}},{"start":{"line":21,"column":44},"end":{"line":21,"column":49}}]},"3":{"loc":{"start":{"line":33,"column":8},"end":{"line":37,"column":null}},"type":"if","locations":[{"start":{"line":33,"column":8},"end":{"line":37,"column":null}}]},"4":{"loc":{"start":{"line":34,"column":12},"end":{"line":36,"column":null}},"type":"if","locations":[{"start":{"line":34,"column":12},"end":{"line":36,"column":null}}]},"5":{"loc":{"start":{"line":50,"column":21},"end":{"line":50,"column":57}},"type":"cond-expr","locations":[{"start":{"line":50,"column":38},"end":{"line":50,"column":52}},{"start":{"line":50,"column":55},"end":{"line":50,"column":57}}]}},"s":{"0":64,"1":64,"2":6,"3":84,"4":84,"5":82,"6":82,"7":64,"8":84,"9":6,"10":18,"11":6,"12":64,"13":64,"14":6},"f":{"0":64,"1":84,"2":18,"3":64},"b":{"0":[20,44],"1":[18,46],"2":[4,60],"3":[82],"4":[64],"5":[18,0]}}
,"E:\\Projects\\GoBoomTown\\sdk-ts\\sdk\\src\\core\\helpers\\index.ts": {"path":"E:\\Projects\\GoBoomTown\\sdk-ts\\sdk\\src\\core\\helpers\\index.ts","statementMap":{"0":{"start":{"line":1,"column":0},"end":{"line":1,"column":40}},"1":{"start":{"line":2,"column":0},"end":{"line":2,"column":23}}},"fnMap":{},"branchMap":{},"s":{"0":6,"1":6},"f":{},"b":{}}
,"E:\\Projects\\GoBoomTown\\sdk-ts\\sdk\\src\\core\\services\\case-file-service.ts": {"path":"E:\\Projects\\GoBoomTown\\sdk-ts\\sdk\\src\\core\\services\\case-file-service.ts","statementMap":{"0":{"start":{"line":1,"column":0},"end":{"line":1,"column":33}},"1":{"start":{"line":13,"column":0},"end":{"line":13,"column":13}},"2":{"start":{"line":14,"column":35},"end":{"line":14,"column":82}},"3":{"start":{"line":21,"column":4},"end":{"line":23,"column":null}},"4":{"start":{"line":22,"column":8},"end":{"line":22,"column":59}},"5":{"start":{"line":32,"column":4},"end":{"line":34,"column":null}},"6":{"start":{"line":33,"column":8},"end":{"line":33,"column":67}},"7":{"start":{"line":42,"column":4},"end":{"line":44,"column":null}},"8":{"start":{"line":43,"column":8},"end":{"line":43,"column":62}},"9":{"start":{"line":13,"column":13},"end":{"line":45,"column":null}},"10":{"start":{"line":45,"column":0},"end":{"line":45,"column":null}},"11":{"start":{"line":13,"column":13},"end":{"line":13,"column":28}}},"fnMap":{"0":{"name":"(anonymous_2)","decl":{"start":{"line":13,"column":0},"end":{"line":13,"column":13}},"loc":{"start":{"line":13,"column":0},"end":{"line":13,"column":13}}},"1":{"name":"CaseFileService","decl":{"start":{"line":14,"column":4},"end":{"line":14,"column":35}},"loc":{"start":{"line":14,"column":82},"end":{"line":14,"column":86}}},"2":{"name":"(anonymous_4)","decl":{"start":{"line":21,"column":4},"end":{"line":21,"column":15}},"loc":{"start":{"line":21,"column":30},"end":{"line":23,"column":5}}},"3":{"name":"(anonymous_5)","decl":{"start":{"line":32,"column":4},"end":{"line":32,"column":8}},"loc":{"start":{"line":32,"column":62},"end":{"line":34,"column":5}}},"4":{"name":"(anonymous_6)","decl":{"start":{"line":42,"column":4},"end":{"line":42,"column":10}},"loc":{"start":{"line":42,"column":41},"end":{"line":44,"column":5}}}},"branchMap":{},"s":{"0":4,"1":4,"2":0,"3":4,"4":0,"5":4,"6":0,"7":4,"8":0,"9":4,"10":4,"11":4},"f":{"0":4,"1":0,"2":0,"3":0,"4":0},"b":{}}
,"E:\\Projects\\GoBoomTown\\sdk-ts\\sdk\\src\\core\\services\\case-log-service.ts": {"path":"E:\\Projects\\GoBoomTown\\sdk-ts\\sdk\\src\\core\\services\\case-log-service.ts","statementMap":{"0":{"start":{"line":1,"column":0},"end":{"line":1,"column":33}},"1":{"start":{"line":13,"column":0},"end":{"line":13,"column":13}},"2":{"start":{"line":14,"column":35},"end":{"line":14,"column":80}},"3":{"start":{"line":22,"column":4},"end":{"line":24,"column":null}},"4":{"start":{"line":23,"column":8},"end":{"line":23,"column":65}},"5":{"start":{"line":31,"column":4},"end":{"line":33,"column":null}},"6":{"start":{"line":32,"column":8},"end":{"line":32,"column":57}},"7":{"start":{"line":41,"column":4},"end":{"line":43,"column":null}},"8":{"start":{"line":42,"column":8},"end":{"line":42,"column":71}},"9":{"start":{"line":13,"column":13},"end":{"line":44,"column":null}},"10":{"start":{"line":44,"column":0},"end":{"line":44,"column":null}},"11":{"start":{"line":13,"column":13},"end":{"line":13,"column":27}}},"fnMap":{"0":{"name":"(anonymous_2)","decl":{"start":{"line":13,"column":0},"end":{"line":13,"column":13}},"loc":{"start":{"line":13,"column":0},"end":{"line":13,"column":13}}},"1":{"name":"CaseLogService","decl":{"start":{"line":14,"column":4},"end":{"line":14,"column":35}},"loc":{"start":{"line":14,"column":80},"end":{"line":14,"column":85}}},"2":{"name":"(anonymous_4)","decl":{"start":{"line":22,"column":4},"end":{"line":22,"column":15}},"loc":{"start":{"line":22,"column":45},"end":{"line":24,"column":5}}},"3":{"name":"(anonymous_5)","decl":{"start":{"line":31,"column":4},"end":{"line":31,"column":14}},"loc":{"start":{"line":31,"column":29},"end":{"line":33,"column":5}}},"4":{"name":"(anonymous_6)","decl":{"start":{"line":41,"column":4},"end":{"line":41,"column":17}},"loc":{"start":{"line":41,"column":51},"end":{"line":43,"column":5}}}},"branchMap":{},"s":{"0":4,"1":4,"2":1,"3":4,"4":2,"5":4,"6":2,"7":4,"8":2,"9":4,"10":4,"11":4},"f":{"0":4,"1":1,"2":2,"3":2,"4":2},"b":{}}
,"E:\\Projects\\GoBoomTown\\sdk-ts\\sdk\\src\\core\\services\\case-meta-service.ts": {"path":"E:\\Projects\\GoBoomTown\\sdk-ts\\sdk\\src\\core\\services\\case-meta-service.ts","statementMap":{"0":{"start":{"line":1,"column":0},"end":{"line":1,"column":33}},"1":{"start":{"line":13,"column":0},"end":{"line":13,"column":13}},"2":{"start":{"line":14,"column":35},"end":{"line":14,"column":82}},"3":{"start":{"line":20,"column":4},"end":{"line":22,"column":null}},"4":{"start":{"line":21,"column":8},"end":{"line":21,"column":53}},"5":{"start":{"line":28,"column":4},"end":{"line":30,"column":null}},"6":{"start":{"line":29,"column":8},"end":{"line":29,"column":49}},"7":{"start":{"line":36,"column":4},"end":{"line":38,"column":null}},"8":{"start":{"line":37,"column":8},"end":{"line":37,"column":55}},"9":{"start":{"line":44,"column":4},"end":{"line":46,"column":null}},"10":{"start":{"line":45,"column":8},"end":{"line":45,"column":58}},"11":{"start":{"line":52,"column":4},"end":{"line":54,"column":null}},"12":{"start":{"line":53,"column":8},"end":{"line":53,"column":49}},"13":{"start":{"line":60,"column":4},"end":{"line":62,"column":null}},"14":{"start":{"line":61,"column":8},"end":{"line":61,"column":50}},"15":{"start":{"line":68,"column":4},"end":{"line":70,"column":null}},"16":{"start":{"line":69,"column":8},"end":{"line":69,"column":53}},"17":{"start":{"line":76,"column":4},"end":{"line":78,"column":null}},"18":{"start":{"line":77,"column":8},"end":{"line":77,"column":56}},"19":{"start":{"line":13,"column":13},"end":{"line":79,"column":null}},"20":{"start":{"line":79,"column":0},"end":{"line":79,"column":null}},"21":{"start":{"line":13,"column":13},"end":{"line":13,"column":28}}},"fnMap":{"0":{"name":"(anonymous_2)","decl":{"start":{"line":13,"column":0},"end":{"line":13,"column":13}},"loc":{"start":{"line":13,"column":0},"end":{"line":13,"column":13}}},"1":{"name":"CaseMetaService","decl":{"start":{"line":14,"column":4},"end":{"line":14,"column":35}},"loc":{"start":{"line":14,"column":82},"end":{"line":14,"column":86}}},"2":{"name":"(anonymous_4)","decl":{"start":{"line":20,"column":4},"end":{"line":20,"column":15}},"loc":{"start":{"line":20,"column":4},"end":{"line":22,"column":5}}},"3":{"name":"(anonymous_5)","decl":{"start":{"line":28,"column":4},"end":{"line":28,"column":11}},"loc":{"start":{"line":28,"column":4},"end":{"line":30,"column":5}}},"4":{"name":"(anonymous_6)","decl":{"start":{"line":36,"column":4},"end":{"line":36,"column":17}},"loc":{"start":{"line":36,"column":4},"end":{"line":38,"column":5}}},"5":{"name":"(anonymous_7)","decl":{"start":{"line":44,"column":4},"end":{"line":44,"column":20}},"loc":{"start":{"line":44,"column":4},"end":{"line":46,"column":5}}},"6":{"name":"(anonymous_8)","decl":{"start":{"line":52,"column":4},"end":{"line":52,"column":11}},"loc":{"start":{"line":52,"column":4},"end":{"line":54,"column":5}}},"7":{"name":"(anonymous_9)","decl":{"start":{"line":60,"column":4},"end":{"line":60,"column":12}},"loc":{"start":{"line":60,"column":4},"end":{"line":62,"column":5}}},"8":{"name":"(anonymous_10)","decl":{"start":{"line":68,"column":4},"end":{"line":68,"column":15}},"loc":{"start":{"line":68,"column":4},"end":{"line":70,"column":5}}},"9":{"name":"(anonymous_11)","decl":{"start":{"line":76,"column":4},"end":{"line":76,"column":18}},"loc":{"start":{"line":76,"column":4},"end":{"line":78,"column":5}}}},"branchMap":{},"s":{"0":4,"1":4,"2":0,"3":4,"4":0,"5":4,"6":0,"7":4,"8":0,"9":4,"10":0,"11":4,"12":0,"13":4,"14":0,"15":4,"16":0,"17":4,"18":0,"19":4,"20":4,"21":4},"f":{"0":4,"1":0,"2":0,"3":0,"4":0,"5":0,"6":0,"7":0,"8":0,"9":0},"b":{}}
,"E:\\Projects\\GoBoomTown\\sdk-ts\\sdk\\src\\core\\services\\cases-service.ts": {"path":"E:\\Projects\\GoBoomTown\\sdk-ts\\sdk\\src\\core\\services\\cases-service.ts","statementMap":{"0":{"start":{"line":1,"column":0},"end":{"line":1,"column":33}},"1":{"start":{"line":13,"column":0},"end":{"line":13,"column":13}},"2":{"start":{"line":14,"column":33},"end":{"line":14,"column":74}},"3":{"start":{"line":21,"column":2},"end":{"line":23,"column":null}},"4":{"start":{"line":22,"column":4},"end":{"line":22,"column":49}},"5":{"start":{"line":30,"column":2},"end":{"line":32,"column":null}},"6":{"start":{"line":31,"column":4},"end":{"line":31,"column":44}},"7":{"start":{"line":39,"column":2},"end":{"line":41,"column":null}},"8":{"start":{"line":40,"column":4},"end":{"line":40,"column":57}},"9":{"start":{"line":49,"column":2},"end":{"line":51,"column":null}},"10":{"start":{"line":50,"column":4},"end":{"line":50,"column":64}},"11":{"start":{"line":58,"column":2},"end":{"line":60,"column":null}},"12":{"start":{"line":59,"column":4},"end":{"line":59,"column":55}},"13":{"start":{"line":67,"column":2},"end":{"line":69,"column":null}},"14":{"start":{"line":68,"column":4},"end":{"line":68,"column":48}},"15":{"start":{"line":77,"column":2},"end":{"line":79,"column":null}},"16":{"start":{"line":78,"column":4},"end":{"line":78,"column":70}},"17":{"start":{"line":87,"column":2},"end":{"line":89,"column":null}},"18":{"start":{"line":88,"column":4},"end":{"line":88,"column":74}},"19":{"start":{"line":96,"column":2},"end":{"line":98,"column":null}},"20":{"start":{"line":97,"column":4},"end":{"line":97,"column":47}},"21":{"start":{"line":105,"column":2},"end":{"line":107,"column":null}},"22":{"start":{"line":106,"column":4},"end":{"line":106,"column":57}},"23":{"start":{"line":114,"column":2},"end":{"line":116,"column":null}},"24":{"start":{"line":115,"column":4},"end":{"line":115,"column":55}},"25":{"start":{"line":13,"column":13},"end":{"line":117,"column":null}},"26":{"start":{"line":117,"column":0},"end":{"line":117,"column":null}},"27":{"start":{"line":13,"column":13},"end":{"line":13,"column":25}}},"fnMap":{"0":{"name":"(anonymous_2)","decl":{"start":{"line":13,"column":0},"end":{"line":13,"column":13}},"loc":{"start":{"line":13,"column":0},"end":{"line":13,"column":13}}},"1":{"name":"CasesService","decl":{"start":{"line":14,"column":2},"end":{"line":14,"column":33}},"loc":{"start":{"line":14,"column":74},"end":{"line":14,"column":79}}},"2":{"name":"(anonymous_4)","decl":{"start":{"line":21,"column":2},"end":{"line":21,"column":5}},"loc":{"start":{"line":21,"column":36},"end":{"line":23,"column":3}}},"3":{"name":"(anonymous_5)","decl":{"start":{"line":30,"column":2},"end":{"line":30,"column":9}},"loc":{"start":{"line":30,"column":20},"end":{"line":32,"column":3}}},"4":{"name":"(anonymous_6)","decl":{"start":{"line":39,"column":2},"end":{"line":39,"column":6}},"loc":{"start":{"line":39,"column":45},"end":{"line":41,"column":3}}},"5":{"name":"(anonymous_7)","decl":{"start":{"line":49,"column":2},"end":{"line":49,"column":10}},"loc":{"start":{"line":49,"column":48},"end":{"line":51,"column":3}}},"6":{"name":"(anonymous_8)","decl":{"start":{"line":58,"column":2},"end":{"line":58,"column":16}},"loc":{"start":{"line":58,"column":31},"end":{"line":60,"column":3}}},"7":{"name":"(anonymous_9)","decl":{"start":{"line":67,"column":2},"end":{"line":67,"column":9}},"loc":{"start":{"line":67,"column":24},"end":{"line":69,"column":3}}},"8":{"name":"(anonymous_10)","decl":{"start":{"line":77,"column":2},"end":{"line":77,"column":10}},"loc":{"start":{"line":77,"column":67},"end":{"line":79,"column":3}}},"9":{"name":"(anonymous_11)","decl":{"start":{"line":87,"column":2},"end":{"line":87,"column":12}},"loc":{"start":{"line":87,"column":73},"end":{"line":89,"column":3}}},"10":{"name":"(anonymous_12)","decl":{"start":{"line":96,"column":2},"end":{"line":96,"column":8}},"loc":{"start":{"line":96,"column":23},"end":{"line":98,"column":3}}},"11":{"name":"(anonymous_13)","decl":{"start":{"line":105,"column":2},"end":{"line":105,"column":18}},"loc":{"start":{"line":105,"column":33},"end":{"line":107,"column":3}}},"12":{"name":"(anonymous_14)","decl":{"start":{"line":114,"column":2},"end":{"line":114,"column":16}},"loc":{"start":{"line":114,"column":31},"end":{"line":116,"column":3}}}},"branchMap":{},"s":{"0":4,"1":4,"2":1,"3":4,"4":2,"5":4,"6":3,"7":4,"8":2,"9":4,"10":3,"11":4,"12":2,"13":4,"14":2,"15":4,"16":2,"17":4,"18":2,"19":4,"20":2,"21":4,"22":2,"23":4,"24":2,"25":4,"26":4,"27":4},"f":{"0":4,"1":1,"2":2,"3":3,"4":2,"5":3,"6":2,"7":2,"8":2,"9":2,"10":2,"11":2,"12":2},"b":{}}
,"E:\\Projects\\GoBoomTown\\sdk-ts\\sdk\\src\\core\\services\\customer-contact-service.ts": {"path":"E:\\Projects\\GoBoomTown\\sdk-ts\\sdk\\src\\core\\services\\customer-contact-service.ts","statementMap":{"0":{"start":{"line":1,"column":0},"end":{"line":1,"column":33}},"1":{"start":{"line":13,"column":0},"end":{"line":13,"column":13}},"2":{"start":{"line":14,"column":35},"end":{"line":14,"column":96}},"3":{"start":{"line":21,"column":4},"end":{"line":23,"column":null}},"4":{"start":{"line":22,"column":8},"end":{"line":22,"column":62}},"5":{"start":{"line":31,"column":4},"end":{"line":33,"column":null}},"6":{"start":{"line":32,"column":8},"end":{"line":32,"column":82}},"7":{"start":{"line":40,"column":4},"end":{"line":42,"column":null}},"8":{"start":{"line":41,"column":8},"end":{"line":41,"column":74}},"9":{"start":{"line":49,"column":4},"end":{"line":51,"column":null}},"10":{"start":{"line":50,"column":8},"end":{"line":50,"column":75}},"11":{"start":{"line":59,"column":4},"end":{"line":61,"column":null}},"12":{"start":{"line":60,"column":8},"end":{"line":60,"column":77}},"13":{"start":{"line":69,"column":4},"end":{"line":71,"column":null}},"14":{"start":{"line":70,"column":8},"end":{"line":70,"column":90}},"15":{"start":{"line":13,"column":13},"end":{"line":72,"column":null}},"16":{"start":{"line":72,"column":0},"end":{"line":72,"column":null}},"17":{"start":{"line":13,"column":13},"end":{"line":13,"column":35}}},"fnMap":{"0":{"name":"(anonymous_2)","decl":{"start":{"line":13,"column":0},"end":{"line":13,"column":13}},"loc":{"start":{"line":13,"column":0},"end":{"line":13,"column":13}}},"1":{"name":"CustomerContactService","decl":{"start":{"line":14,"column":4},"end":{"line":14,"column":35}},"loc":{"start":{"line":14,"column":96},"end":{"line":14,"column":100}}},"2":{"name":"(anonymous_4)","decl":{"start":{"line":21,"column":4},"end":{"line":21,"column":12}},"loc":{"start":{"line":21,"column":26},"end":{"line":23,"column":5}}},"3":{"name":"(anonymous_5)","decl":{"start":{"line":31,"column":4},"end":{"line":31,"column":19}},"loc":{"start":{"line":31,"column":55},"end":{"line":33,"column":5}}},"4":{"name":"(anonymous_6)","decl":{"start":{"line":40,"column":4},"end":{"line":40,"column":19}},"loc":{"start":{"line":40,"column":38},"end":{"line":42,"column":5}}},"5":{"name":"(anonymous_7)","decl":{"start":{"line":49,"column":4},"end":{"line":49,"column":8}},"loc":{"start":{"line":49,"column":55},"end":{"line":51,"column":5}}},"6":{"name":"(anonymous_8)","decl":{"start":{"line":59,"column":4},"end":{"line":59,"column":13}},"loc":{"start":{"line":59,"column":50},"end":{"line":61,"column":5}}},"7":{"name":"(anonymous_9)","decl":{"start":{"line":69,"column":4},"end":{"line":69,"column":10}},"loc":{"start":{"line":69,"column":78},"end":{"line":71,"column":5}}}},"branchMap":{},"s":{"0":4,"1":4,"2":0,"3":4,"4":0,"5":4,"6":0,"7":4,"8":0,"9":4,"10":0,"11":4,"12":0,"13":4,"14":0,"15":4,"16":4,"17":4},"f":{"0":4,"1":0,"2":0,"3":0,"4":0,"5":0,"6":0,"7":0},"b":{}}
,"E:\\Projects\\GoBoomTown\\sdk-ts\\sdk\\src\\core\\services\\customer-location-service.ts": {"path":"E:\\Projects\\GoBoomTown\\sdk-ts\\sdk\\src\\core\\services\\customer-location-service.ts","statementMap":{"0":{"start":{"line":1,"column":0},"end":{"line":1,"column":33}},"1":{"start":{"line":20,"column":0},"end":{"line":20,"column":13}},"2":{"start":{"line":21,"column":35},"end":{"line":21,"column":98}},"3":{"start":{"line":29,"column":4},"end":{"line":31,"column":null}},"4":{"start":{"line":30,"column":8},"end":{"line":30,"column":92}},"5":{"start":{"line":38,"column":4},"end":{"line":40,"column":null}},"6":{"start":{"line":39,"column":8},"end":{"line":39,"column":83}},"7":{"start":{"line":47,"column":4},"end":{"line":49,"column":null}},"8":{"start":{"line":48,"column":8},"end":{"line":48,"column":58}},"9":{"start":{"line":56,"column":4},"end":{"line":58,"column":null}},"10":{"start":{"line":57,"column":8},"end":{"line":57,"column":67}},"11":{"start":{"line":66,"column":5},"end":{"line":68,"column":null}},"12":{"start":{"line":67,"column":8},"end":{"line":67,"column":102}},"13":{"start":{"line":74,"column":4},"end":{"line":76,"column":null}},"14":{"start":{"line":75,"column":8},"end":{"line":75,"column":63}},"15":{"start":{"line":20,"column":13},"end":{"line":77,"column":null}},"16":{"start":{"line":77,"column":0},"end":{"line":77,"column":null}},"17":{"start":{"line":20,"column":13},"end":{"line":20,"column":36}}},"fnMap":{"0":{"name":"(anonymous_2)","decl":{"start":{"line":20,"column":0},"end":{"line":20,"column":13}},"loc":{"start":{"line":20,"column":0},"end":{"line":20,"column":13}}},"1":{"name":"CustomerLocationService","decl":{"start":{"line":21,"column":4},"end":{"line":21,"column":35}},"loc":{"start":{"line":21,"column":98},"end":{"line":21,"column":102}}},"2":{"name":"(anonymous_4)","decl":{"start":{"line":29,"column":4},"end":{"line":29,"column":19}},"loc":{"start":{"line":29,"column":81},"end":{"line":31,"column":5}}},"3":{"name":"(anonymous_5)","decl":{"start":{"line":38,"column":4},"end":{"line":38,"column":8}},"loc":{"start":{"line":38,"column":69},"end":{"line":40,"column":5}}},"4":{"name":"(anonymous_6)","decl":{"start":{"line":47,"column":4},"end":{"line":47,"column":10}},"loc":{"start":{"line":47,"column":21},"end":{"line":49,"column":5}}},"5":{"name":"(anonymous_7)","decl":{"start":{"line":56,"column":4},"end":{"line":56,"column":19}},"loc":{"start":{"line":56,"column":30},"end":{"line":58,"column":5}}},"6":{"name":"(anonymous_8)","decl":{"start":{"line":66,"column":5},"end":{"line":66,"column":27}},"loc":{"start":{"line":66,"column":74},"end":{"line":68,"column":5}}},"7":{"name":"(anonymous_9)","decl":{"start":{"line":74,"column":4},"end":{"line":74,"column":17}},"loc":{"start":{"line":74,"column":4},"end":{"line":76,"column":5}}}},"branchMap":{},"s":{"0":4,"1":4,"2":1,"3":4,"4":2,"5":4,"6":3,"7":4,"8":2,"9":4,"10":2,"11":4,"12":2,"13":4,"14":1,"15":4,"16":4,"17":4},"f":{"0":4,"1":1,"2":2,"3":3,"4":2,"5":2,"6":2,"7":1},"b":{}}
,"E:\\Projects\\GoBoomTown\\sdk-ts\\sdk\\src\\core\\services\\customer-lookup-service.ts": {"path":"E:\\Projects\\GoBoomTown\\sdk-ts\\sdk\\src\\core\\services\\customer-lookup-service.ts","statementMap":{"0":{"start":{"line":1,"column":0},"end":{"line":1,"column":33}},"1":{"start":{"line":13,"column":0},"end":{"line":13,"column":13}},"2":{"start":{"line":14,"column":35},"end":{"line":14,"column":94}},"3":{"start":{"line":22,"column":4},"end":{"line":24,"column":null}},"4":{"start":{"line":23,"column":8},"end":{"line":23,"column":73}},"5":{"start":{"line":31,"column":4},"end":{"line":33,"column":null}},"6":{"start":{"line":32,"column":8},"end":{"line":32,"column":75}},"7":{"start":{"line":40,"column":4},"end":{"line":42,"column":null}},"8":{"start":{"line":41,"column":8},"end":{"line":41,"column":81}},"9":{"start":{"line":49,"column":4},"end":{"line":51,"column":null}},"10":{"start":{"line":50,"column":8},"end":{"line":50,"column":79}},"11":{"start":{"line":13,"column":13},"end":{"line":52,"column":null}},"12":{"start":{"line":52,"column":0},"end":{"line":52,"column":null}},"13":{"start":{"line":13,"column":13},"end":{"line":13,"column":34}}},"fnMap":{"0":{"name":"(anonymous_2)","decl":{"start":{"line":13,"column":0},"end":{"line":13,"column":13}},"loc":{"start":{"line":13,"column":0},"end":{"line":13,"column":13}}},"1":{"name":"CustomerLookupService","decl":{"start":{"line":14,"column":4},"end":{"line":14,"column":35}},"loc":{"start":{"line":14,"column":94},"end":{"line":15,"column":5}}},"2":{"name":"(anonymous_4)","decl":{"start":{"line":22,"column":4},"end":{"line":22,"column":22}},"loc":{"start":{"line":22,"column":38},"end":{"line":24,"column":5}}},"3":{"name":"(anonymous_5)","decl":{"start":{"line":31,"column":4},"end":{"line":31,"column":17}},"loc":{"start":{"line":31,"column":40},"end":{"line":33,"column":5}}},"4":{"name":"(anonymous_6)","decl":{"start":{"line":40,"column":4},"end":{"line":40,"column":20}},"loc":{"start":{"line":40,"column":46},"end":{"line":42,"column":5}}},"5":{"name":"(anonymous_7)","decl":{"start":{"line":49,"column":4},"end":{"line":49,"column":25}},"loc":{"start":{"line":49,"column":44},"end":{"line":51,"column":5}}}},"branchMap":{},"s":{"0":4,"1":4,"2":1,"3":4,"4":2,"5":4,"6":2,"7":4,"8":2,"9":4,"10":2,"11":4,"12":4,"13":4},"f":{"0":4,"1":1,"2":2,"3":2,"4":2,"5":2},"b":{}}
,"E:\\Projects\\GoBoomTown\\sdk-ts\\sdk\\src\\core\\services\\customer-meta-service.ts": {"path":"E:\\Projects\\GoBoomTown\\sdk-ts\\sdk\\src\\core\\services\\customer-meta-service.ts","statementMap":{"0":{"start":{"line":1,"column":0},"end":{"line":1,"column":33}},"1":{"start":{"line":13,"column":0},"end":{"line":13,"column":13}},"2":{"start":{"line":14,"column":35},"end":{"line":14,"column":90}},"3":{"start":{"line":20,"column":4},"end":{"line":22,"column":null}},"4":{"start":{"line":21,"column":8},"end":{"line":21,"column":55}},"5":{"start":{"line":28,"column":4},"end":{"line":30,"column":null}},"6":{"start":{"line":29,"column":8},"end":{"line":29,"column":59}},"7":{"start":{"line":37,"column":4},"end":{"line":39,"column":null}},"8":{"start":{"line":38,"column":8},"end":{"line":38,"column":66}},"9":{"start":{"line":13,"column":13},"end":{"line":40,"column":null}},"10":{"start":{"line":40,"column":0},"end":{"line":40,"column":null}},"11":{"start":{"line":13,"column":13},"end":{"line":13,"column":32}}},"fnMap":{"0":{"name":"(anonymous_2)","decl":{"start":{"line":13,"column":0},"end":{"line":13,"column":13}},"loc":{"start":{"line":13,"column":0},"end":{"line":13,"column":13}}},"1":{"name":"CustomerMetaService","decl":{"start":{"line":14,"column":4},"end":{"line":14,"column":35}},"loc":{"start":{"line":14,"column":90},"end":{"line":14,"column":94}}},"2":{"name":"(anonymous_4)","decl":{"start":{"line":20,"column":4},"end":{"line":20,"column":13}},"loc":{"start":{"line":20,"column":4},"end":{"line":22,"column":5}}},"3":{"name":"(anonymous_5)","decl":{"start":{"line":28,"column":4},"end":{"line":28,"column":17}},"loc":{"start":{"line":28,"column":4},"end":{"line":30,"column":5}}},"4":{"name":"(anonymous_6)","decl":{"start":{"line":37,"column":4},"end":{"line":37,"column":15}},"loc":{"start":{"line":37,"column":33},"end":{"line":39,"column":5}}}},"branchMap":{},"s":{"0":5,"1":5,"2":1,"3":5,"4":1,"5":5,"6":1,"7":5,"8":1,"9":5,"10":5,"11":5},"f":{"0":5,"1":1,"2":1,"3":1,"4":1},"b":{}}
,"E:\\Projects\\GoBoomTown\\sdk-ts\\sdk\\src\\core\\services\\customer-service.ts": {"path":"E:\\Projects\\GoBoomTown\\sdk-ts\\sdk\\src\\core\\services\\customer-service.ts","statementMap":{"0":{"start":{"line":1,"column":0},"end":{"line":1,"column":33}},"1":{"start":{"line":13,"column":0},"end":{"line":13,"column":13}},"2":{"start":{"line":14,"column":35},"end":{"line":14,"column":82}},"3":{"start":{"line":21,"column":4},"end":{"line":23,"column":null}},"4":{"start":{"line":22,"column":8},"end":{"line":22,"column":56}},"5":{"start":{"line":30,"column":4},"end":{"line":32,"column":null}},"6":{"start":{"line":31,"column":8},"end":{"line":31,"column":51}},"7":{"start":{"line":39,"column":4},"end":{"line":41,"column":null}},"8":{"start":{"line":40,"column":8},"end":{"line":40,"column":67}},"9":{"start":{"line":48,"column":4},"end":{"line":50,"column":null}},"10":{"start":{"line":49,"column":8},"end":{"line":49,"column":50}},"11":{"start":{"line":57,"column":4},"end":{"line":59,"column":null}},"12":{"start":{"line":58,"column":8},"end":{"line":58,"column":64}},"13":{"start":{"line":13,"column":13},"end":{"line":60,"column":null}},"14":{"start":{"line":60,"column":0},"end":{"line":60,"column":null}},"15":{"start":{"line":13,"column":13},"end":{"line":13,"column":28}}},"fnMap":{"0":{"name":"(anonymous_2)","decl":{"start":{"line":13,"column":0},"end":{"line":13,"column":13}},"loc":{"start":{"line":13,"column":0},"end":{"line":13,"column":13}}},"1":{"name":"CustomerService","decl":{"start":{"line":14,"column":4},"end":{"line":14,"column":35}},"loc":{"start":{"line":14,"column":82},"end":{"line":14,"column":86}}},"2":{"name":"(anonymous_4)","decl":{"start":{"line":21,"column":4},"end":{"line":21,"column":7}},"loc":{"start":{"line":21,"column":33},"end":{"line":23,"column":5}}},"3":{"name":"(anonymous_5)","decl":{"start":{"line":30,"column":4},"end":{"line":30,"column":11}},"loc":{"start":{"line":30,"column":22},"end":{"line":32,"column":5}}},"4":{"name":"(anonymous_6)","decl":{"start":{"line":39,"column":4},"end":{"line":39,"column":8}},"loc":{"start":{"line":39,"column":53},"end":{"line":41,"column":5}}},"5":{"name":"(anonymous_7)","decl":{"start":{"line":48,"column":4},"end":{"line":48,"column":10}},"loc":{"start":{"line":48,"column":21},"end":{"line":50,"column":5}}},"6":{"name":"(anonymous_8)","decl":{"start":{"line":57,"column":4},"end":{"line":57,"column":13}},"loc":{"start":{"line":57,"column":42},"end":{"line":59,"column":5}}}},"branchMap":{},"s":{"0":6,"1":6,"2":1,"3":6,"4":2,"5":6,"6":2,"7":6,"8":3,"9":6,"10":2,"11":6,"12":2,"13":6,"14":6,"15":6},"f":{"0":6,"1":1,"2":2,"3":2,"4":3,"5":2,"6":2},"b":{}}
,"E:\\Projects\\GoBoomTown\\sdk-ts\\sdk\\src\\core\\services\\index.ts": {"path":"E:\\Projects\\GoBoomTown\\sdk-ts\\sdk\\src\\core\\services\\index.ts","statementMap":{"0":{"start":{"line":1,"column":0},"end":{"line":1,"column":36}},"1":{"start":{"line":2,"column":0},"end":{"line":2,"column":36}},"2":{"start":{"line":3,"column":0},"end":{"line":3,"column":32}},"3":{"start":{"line":4,"column":0},"end":{"line":4,"column":43}},"4":{"start":{"line":5,"column":0},"end":{"line":5,"column":44}},"5":{"start":{"line":6,"column":0},"end":{"line":6,"column":40}},"6":{"start":{"line":7,"column":0},"end":{"line":7,"column":42}},"7":{"start":{"line":8,"column":0},"end":{"line":8,"column":35}},"8":{"start":{"line":9,"column":0},"end":{"line":9,"column":35}}},"fnMap":{},"branchMap":{},"s":{"0":4,"1":4,"2":4,"3":4,"4":4,"5":4,"6":4,"7":4,"8":4},"f":{},"b":{}}
,"E:\\Projects\\GoBoomTown\\sdk-ts\\sdk\\src\\gateway\\auth\\signature.ts": {"path":"E:\\Projects\\GoBoomTown\\sdk-ts\\sdk\\src\\gateway\\auth\\signature.ts","statementMap":{"0":{"start":{"line":1,"column":0},"end":{"line":1,"column":44}},"1":{"start":{"line":2,"column":0},"end":{"line":2,"column":35}},"2":{"start":{"line":4,"column":0},"end":{"line":4,"column":null}},"3":{"start":{"line":11,"column":11},"end":{"line":18,"column":null}},"4":{"start":{"line":12,"column":23},"end":{"line":12,"column":35}},"5":{"start":{"line":13,"column":27},"end":{"line":15,"column":56}},"6":{"start":{"line":17,"column":8},"end":{"line":17,"column":75}},"7":{"start":{"line":19,"column":0},"end":{"line":19,"column":null}},"8":{"start":{"line":21,"column":13},"end":{"line":21,"column":41}}},"fnMap":{"0":{"name":"(anonymous_0)","decl":{"start":{"line":4,"column":0},"end":{"line":4,"column":null}},"loc":{"start":{"line":4,"column":0},"end":{"line":19,"column":null}}},"1":{"name":"(anonymous_2)","decl":{"start":{"line":11,"column":4},"end":{"line":11,"column":11}},"loc":{"start":{"line":11,"column":67},"end":{"line":18,"column":5}}}},"branchMap":{"0":{"loc":{"start":{"line":14,"column":12},"end":{"line":14,"column":46}},"type":"cond-expr","locations":[{"start":{"line":14,"column":25},"end":{"line":14,"column":41}},{"start":{"line":14,"column":44},"end":{"line":14,"column":46}}]}},"s":{"0":6,"1":6,"2":6,"3":6,"4":64,"5":64,"6":64,"7":6,"8":6},"f":{"0":12,"1":64},"b":{"0":[18,46]}}
,"E:\\Projects\\GoBoomTown\\sdk-ts\\sdk\\src\\gateway\\client\\boomtown-client.ts": {"path":"E:\\Projects\\GoBoomTown\\sdk-ts\\sdk\\src\\gateway\\client\\boomtown-client.ts","statementMap":{"0":{"start":{"line":1,"column":0},"end":{"line":1,"column":33}},"1":{"start":{"line":3,"column":0},"end":{"line":3,"column":46}},"2":{"start":{"line":4,"column":0},"end":{"line":4,"column":50}},"3":{"start":{"line":12,"column":0},"end":{"line":12,"column":13}},"4":{"start":{"line":13,"column":33},"end":{"line":13,"column":47}},"5":{"start":{"line":20,"column":10},"end":{"line":25,"column":null}},"6":{"start":{"line":21,"column":14},"end":{"line":21,"column":37}},"7":{"start":{"line":22,"column":14},"end":{"line":22,"column":102}},"8":{"start":{"line":24,"column":8},"end":{"line":24,"column":75}},"9":{"start":{"line":12,"column":13},"end":{"line":26,"column":null}},"10":{"start":{"line":26,"column":0},"end":{"line":26,"column":null}},"11":{"start":{"line":12,"column":13},"end":{"line":12,"column":27}}},"fnMap":{"0":{"name":"(anonymous_15)","decl":{"start":{"line":12,"column":0},"end":{"line":12,"column":13}},"loc":{"start":{"line":12,"column":0},"end":{"line":12,"column":13}}},"1":{"name":"BoomtownClient","decl":{"start":{"line":13,"column":4},"end":{"line":13,"column":33}},"loc":{"start":{"line":13,"column":59},"end":{"line":13,"column":63}}},"2":{"name":"(anonymous_17)","decl":{"start":{"line":20,"column":4},"end":{"line":20,"column":10}},"loc":{"start":{"line":20,"column":50},"end":{"line":25,"column":null}}}},"branchMap":{},"s":{"0":6,"1":6,"2":6,"3":6,"4":6,"5":6,"6":64,"7":64,"8":64,"9":6,"10":6,"11":6},"f":{"0":6,"1":6,"2":64},"b":{}}
,"E:\\Projects\\GoBoomTown\\sdk-ts\\sdk\\src\\gateway\\mapper\\case-file-map.ts": {"path":"E:\\Projects\\GoBoomTown\\sdk-ts\\sdk\\src\\gateway\\mapper\\case-file-map.ts","statementMap":{"0":{"start":{"line":1,"column":0},"end":{"line":1,"column":35}},"1":{"start":{"line":11,"column":0},"end":{"line":11,"column":13}},"2":{"start":{"line":17,"column":11},"end":{"line":31,"column":null}},"3":{"start":{"line":18,"column":21},"end":{"line":18,"column":42}},"4":{"start":{"line":19,"column":22},"end":{"line":21,"column":10}},"5":{"start":{"line":20,"column":12},"end":{"line":20,"column":62}},"6":{"start":{"line":23,"column":8},"end":{"line":28,"column":41}},"7":{"start":{"line":26,"column":16},"end":{"line":26,"column":null}},"8":{"start":{"line":30,"column":8},"end":{"line":30,"column":107}},"9":{"start":{"line":38,"column":11},"end":{"line":42,"column":null}},"10":{"start":{"line":39,"column":8},"end":{"line":39,"column":97}},"11":{"start":{"line":41,"column":8},"end":{"line":41,"column":98}},"12":{"start":{"line":49,"column":11},"end":{"line":53,"column":null}},"13":{"start":{"line":50,"column":8},"end":{"line":50,"column":92}},"14":{"start":{"line":52,"column":8},"end":{"line":52,"column":89}},"15":{"start":{"line":60,"column":11},"end":{"line":64,"column":null}},"16":{"start":{"line":61,"column":8},"end":{"line":61,"column":92}},"17":{"start":{"line":63,"column":8},"end":{"line":63,"column":88}},"18":{"start":{"line":65,"column":0},"end":{"line":65,"column":null}},"19":{"start":{"line":11,"column":13},"end":{"line":11,"column":24}}},"fnMap":{"0":{"name":"(anonymous_0)","decl":{"start":{"line":11,"column":0},"end":{"line":11,"column":13}},"loc":{"start":{"line":11,"column":0},"end":{"line":65,"column":null}}},"1":{"name":"(anonymous_2)","decl":{"start":{"line":17,"column":4},"end":{"line":17,"column":11}},"loc":{"start":{"line":17,"column":70},"end":{"line":31,"column":5}}},"2":{"name":"transform","decl":{"start":{"line":19,"column":40},"end":{"line":19,"column":49}},"loc":{"start":{"line":19,"column":75},"end":{"line":21,"column":9}}},"3":{"name":"(anonymous_4)","decl":{"start":{"line":25,"column":44},"end":{"line":25,"column":45}},"loc":{"start":{"line":25,"column":91},"end":{"line":26,"column":20}}},"4":{"name":"(anonymous_5)","decl":{"start":{"line":38,"column":4},"end":{"line":38,"column":11}},"loc":{"start":{"line":38,"column":56},"end":{"line":42,"column":5}}},"5":{"name":"(anonymous_6)","decl":{"start":{"line":49,"column":4},"end":{"line":49,"column":11}},"loc":{"start":{"line":49,"column":45},"end":{"line":53,"column":5}}},"6":{"name":"(anonymous_7)","decl":{"start":{"line":60,"column":4},"end":{"line":60,"column":11}},"loc":{"start":{"line":60,"column":47},"end":{"line":64,"column":5}}}},"branchMap":{},"s":{"0":6,"1":6,"2":6,"3":0,"4":0,"5":0,"6":0,"7":0,"8":0,"9":6,"10":0,"11":0,"12":6,"13":0,"14":0,"15":6,"16":0,"17":0,"18":6,"19":6},"f":{"0":6,"1":0,"2":0,"3":0,"4":0,"5":0,"6":0},"b":{}}
,"E:\\Projects\\GoBoomTown\\sdk-ts\\sdk\\src\\gateway\\mapper\\case-log-map.ts": {"path":"E:\\Projects\\GoBoomTown\\sdk-ts\\sdk\\src\\gateway\\mapper\\case-log-map.ts","statementMap":{"0":{"start":{"line":23,"column":0},"end":{"line":23,"column":13}},"1":{"start":{"line":29,"column":11},"end":{"line":43,"column":null}},"2":{"start":{"line":30,"column":21},"end":{"line":30,"column":42}},"3":{"start":{"line":31,"column":25},"end":{"line":33,"column":10}},"4":{"start":{"line":32,"column":12},"end":{"line":32,"column":56}},"5":{"start":{"line":35,"column":8},"end":{"line":40,"column":44}},"6":{"start":{"line":38,"column":16},"end":{"line":38,"column":null}},"7":{"start":{"line":42,"column":8},"end":{"line":42,"column":104}},"8":{"start":{"line":50,"column":11},"end":{"line":71,"column":null}},"9":{"start":{"line":51,"column":8},"end":{"line":69,"column":36}},"10":{"start":{"line":53,"column":81},"end":{"line":53,"column":100}},"11":{"start":{"line":54,"column":87},"end":{"line":54,"column":113}},"12":{"start":{"line":55,"column":92},"end":{"line":55,"column":124}},"13":{"start":{"line":56,"column":92},"end":{"line":56,"column":123}},"14":{"start":{"line":57,"column":98},"end":{"line":57,"column":135}},"15":{"start":{"line":58,"column":86},"end":{"line":58,"column":111}},"16":{"start":{"line":60,"column":84},"end":{"line":60,"column":106}},"17":{"start":{"line":61,"column":86},"end":{"line":61,"column":110}},"18":{"start":{"line":62,"column":92},"end":{"line":62,"column":123}},"19":{"start":{"line":63,"column":97},"end":{"line":63,"column":134}},"20":{"start":{"line":64,"column":88},"end":{"line":64,"column":115}},"21":{"start":{"line":65,"column":94},"end":{"line":65,"column":127}},"22":{"start":{"line":66,"column":92},"end":{"line":66,"column":122}},"23":{"start":{"line":67,"column":90},"end":{"line":67,"column":119}},"24":{"start":{"line":70,"column":8},"end":{"line":70,"column":72}},"25":{"start":{"line":78,"column":11},"end":{"line":84,"column":null}},"26":{"start":{"line":79,"column":21},"end":{"line":79,"column":68}},"27":{"start":{"line":80,"column":8},"end":{"line":82,"column":null}},"28":{"start":{"line":81,"column":83},"end":{"line":81,"column":104}},"29":{"start":{"line":82,"column":83},"end":{"line":82,"column":104}},"30":{"start":{"line":83,"column":8},"end":{"line":83,"column":110}},"31":{"start":{"line":91,"column":11},"end":{"line":97,"column":null}},"32":{"start":{"line":92,"column":21},"end":{"line":92,"column":68}},"33":{"start":{"line":93,"column":8},"end":{"line":95,"column":null}},"34":{"start":{"line":94,"column":87},"end":{"line":94,"column":111}},"35":{"start":{"line":95,"column":85},"end":{"line":95,"column":108}},"36":{"start":{"line":96,"column":8},"end":{"line":96,"column":110}},"37":{"start":{"line":104,"column":11},"end":{"line":110,"column":null}},"38":{"start":{"line":105,"column":21},"end":{"line":105,"column":68}},"39":{"start":{"line":106,"column":8},"end":{"line":108,"column":null}},"40":{"start":{"line":107,"column":81},"end":{"line":107,"column":100}},"41":{"start":{"line":108,"column":84},"end":{"line":108,"column":106}},"42":{"start":{"line":109,"column":8},"end":{"line":109,"column":110}},"43":{"start":{"line":117,"column":11},"end":{"line":123,"column":null}},"44":{"start":{"line":118,"column":21},"end":{"line":118,"column":72}},"45":{"start":{"line":119,"column":8},"end":{"line":121,"column":null}},"46":{"start":{"line":120,"column":81},"end":{"line":120,"column":100}},"47":{"start":{"line":121,"column":84},"end":{"line":121,"column":106}},"48":{"start":{"line":122,"column":8},"end":{"line":122,"column":122}},"49":{"start":{"line":130,"column":11},"end":{"line":141,"column":null}},"50":{"start":{"line":131,"column":21},"end":{"line":131,"column":71}},"51":{"start":{"line":132,"column":8},"end":{"line":139,"column":36}},"52":{"start":{"line":136,"column":84},"end":{"line":136,"column":107}},"53":{"start":{"line":137,"column":86},"end":{"line":137,"column":110}},"54":{"start":{"line":140,"column":8},"end":{"line":140,"column":119}},"55":{"start":{"line":149,"column":11},"end":{"line":154,"column":null}},"56":{"start":{"line":151,"column":8},"end":{"line":151,"column":63}},"57":{"start":{"line":152,"column":8},"end":{"line":152,"column":88}},"58":{"start":{"line":155,"column":0},"end":{"line":155,"column":null}},"59":{"start":{"line":23,"column":13},"end":{"line":23,"column":26}}},"fnMap":{"0":{"name":"(anonymous_0)","decl":{"start":{"line":23,"column":0},"end":{"line":23,"column":13}},"loc":{"start":{"line":23,"column":0},"end":{"line":155,"column":null}}},"1":{"name":"(anonymous_2)","decl":{"start":{"line":29,"column":4},"end":{"line":29,"column":11}},"loc":{"start":{"line":29,"column":62},"end":{"line":43,"column":5}}},"2":{"name":"transform","decl":{"start":{"line":31,"column":43},"end":{"line":31,"column":52}},"loc":{"start":{"line":31,"column":74},"end":{"line":33,"column":9}}},"3":{"name":"(anonymous_4)","decl":{"start":{"line":37,"column":44},"end":{"line":37,"column":45}},"loc":{"start":{"line":37,"column":91},"end":{"line":38,"column":20}}},"4":{"name":"(anonymous_5)","decl":{"start":{"line":50,"column":4},"end":{"line":50,"column":11}},"loc":{"start":{"line":50,"column":44},"end":{"line":71,"column":5}}},"5":{"name":"(anonymous_6)","decl":{"start":{"line":53,"column":29},"end":{"line":53,"column":30}},"loc":{"start":{"line":53,"column":76},"end":{"line":53,"column":85}}},"6":{"name":"(anonymous_7)","decl":{"start":{"line":54,"column":35},"end":{"line":54,"column":36}},"loc":{"start":{"line":54,"column":82},"end":{"line":54,"column":91}}},"7":{"name":"(anonymous_8)","decl":{"start":{"line":55,"column":40},"end":{"line":55,"column":41}},"loc":{"start":{"line":55,"column":87},"end":{"line":55,"column":96}}},"8":{"name":"(anonymous_9)","decl":{"start":{"line":56,"column":40},"end":{"line":56,"column":41}},"loc":{"start":{"line":56,"column":87},"end":{"line":56,"column":96}}},"9":{"name":"(anonymous_10)","decl":{"start":{"line":57,"column":46},"end":{"line":57,"column":47}},"loc":{"start":{"line":57,"column":93},"end":{"line":57,"column":102}}},"10":{"name":"(anonymous_11)","decl":{"start":{"line":58,"column":34},"end":{"line":58,"column":35}},"loc":{"start":{"line":58,"column":81},"end":{"line":58,"column":90}}},"11":{"name":"(anonymous_12)","decl":{"start":{"line":60,"column":32},"end":{"line":60,"column":33}},"loc":{"start":{"line":60,"column":79},"end":{"line":60,"column":88}}},"12":{"name":"(anonymous_13)","decl":{"start":{"line":61,"column":34},"end":{"line":61,"column":35}},"loc":{"start":{"line":61,"column":81},"end":{"line":61,"column":90}}},"13":{"name":"(anonymous_14)","decl":{"start":{"line":62,"column":40},"end":{"line":62,"column":41}},"loc":{"start":{"line":62,"column":87},"end":{"line":62,"column":96}}},"14":{"name":"(anonymous_15)","decl":{"start":{"line":63,"column":45},"end":{"line":63,"column":46}},"loc":{"start":{"line":63,"column":92},"end":{"line":63,"column":101}}},"15":{"name":"(anonymous_16)","decl":{"start":{"line":64,"column":36},"end":{"line":64,"column":37}},"loc":{"start":{"line":64,"column":83},"end":{"line":64,"column":92}}},"16":{"name":"(anonymous_17)","decl":{"start":{"line":65,"column":42},"end":{"line":65,"column":43}},"loc":{"start":{"line":65,"column":89},"end":{"line":65,"column":98}}},"17":{"name":"(anonymous_18)","decl":{"start":{"line":66,"column":40},"end":{"line":66,"column":41}},"loc":{"start":{"line":66,"column":87},"end":{"line":66,"column":96}}},"18":{"name":"(anonymous_19)","decl":{"start":{"line":67,"column":38},"end":{"line":67,"column":39}},"loc":{"start":{"line":67,"column":85},"end":{"line":67,"column":94}}},"19":{"name":"(anonymous_20)","decl":{"start":{"line":78,"column":4},"end":{"line":78,"column":11}},"loc":{"start":{"line":78,"column":70},"end":{"line":84,"column":5}}},"20":{"name":"(anonymous_21)","decl":{"start":{"line":81,"column":31},"end":{"line":81,"column":32}},"loc":{"start":{"line":81,"column":78},"end":{"line":81,"column":87}}},"21":{"name":"(anonymous_22)","decl":{"start":{"line":82,"column":31},"end":{"line":82,"column":32}},"loc":{"start":{"line":82,"column":78},"end":{"line":82,"column":87}}},"22":{"name":"(anonymous_23)","decl":{"start":{"line":91,"column":4},"end":{"line":91,"column":11}},"loc":{"start":{"line":91,"column":70},"end":{"line":97,"column":5}}},"23":{"name":"(anonymous_24)","decl":{"start":{"line":94,"column":35},"end":{"line":94,"column":36}},"loc":{"start":{"line":94,"column":82},"end":{"line":94,"column":91}}},"24":{"name":"(anonymous_25)","decl":{"start":{"line":95,"column":33},"end":{"line":95,"column":34}},"loc":{"start":{"line":95,"column":80},"end":{"line":95,"column":89}}},"25":{"name":"(anonymous_26)","decl":{"start":{"line":104,"column":4},"end":{"line":104,"column":11}},"loc":{"start":{"line":104,"column":70},"end":{"line":110,"column":5}}},"26":{"name":"(anonymous_27)","decl":{"start":{"line":107,"column":29},"end":{"line":107,"column":30}},
[...]
2":{"start":{"line":80,"column":8},"end":{"line":80,"column":81}},"43":{"start":{"line":70,"column":0},"end":{"line":70,"column":16}},"44":{"start":{"line":85,"column":4},"end":{"line":85,"column":36}},"45":{"start":{"line":87,"column":17},"end":{"line":87,"column":54}},"46":{"start":{"line":88,"column":4},"end":{"line":88,"column":156}},"47":{"start":{"line":88,"column":71},"end":{"line":88,"column":155}},"48":{"start":{"line":89,"column":16},"end":{"line":91,"column":6}},"49":{"start":{"line":93,"column":4},"end":{"line":97,"column":null}},"50":{"start":{"line":94,"column":8},"end":{"line":94,"column":72}},"51":{"start":{"line":96,"column":8},"end":{"line":96,"column":81}},"52":{"start":{"line":84,"column":0},"end":{"line":84,"column":16}}},"fnMap":{"0":{"name":"getCustomerLocationByIdMock","decl":{"start":{"line":11,"column":16},"end":{"line":11,"column":43}},"loc":{"start":{"line":11,"column":62},"end":{"line":25,"column":1}}},"1":{"name":"(anonymous_2)","decl":{"start":{"line":15,"column":39},"end":{"line":15,"column":40}},"loc":{"start":{"line":15,"column":67},"end":{"line":15,"column":76}}},"2":{"name":"getCustomerMetaStatusMock","decl":{"start":{"line":27,"column":16},"end":{"line":27,"column":41}},"loc":{"start":{"line":27,"column":41},"end":{"line":34,"column":1}}},"3":{"name":"customerLocationCreateOrUpdateMock","decl":{"start":{"line":36,"column":16},"end":{"line":36,"column":50}},"loc":{"start":{"line":36,"column":87},"end":{"line":52,"column":1}}},"4":{"name":"customerLocationDeleteMock","decl":{"start":{"line":54,"column":16},"end":{"line":54,"column":42}},"loc":{"start":{"line":54,"column":53},"end":{"line":68,"column":1}}},"5":{"name":"(anonymous_6)","decl":{"start":{"line":57,"column":52},"end":{"line":57,"column":53}},"loc":{"start":{"line":57,"column":57},"end":{"line":57,"column":66}}},"6":{"name":"getCustomerLocationLookupByExternalId","decl":{"start":{"line":70,"column":16},"end":{"line":70,"column":53}},"loc":{"start":{"line":70,"column":72},"end":{"line":82,"column":1}}},"7":{"name":"(anonymous_8)","decl":{"start":{"line":73,"column":39},"end":{"line":73,"column":40}},"loc":{"start":{"line":73,"column":67},"end":{"line":73,"column":76}}},"8":{"name":"getContactByCustomerLocationIdMock","decl":{"start":{"line":84,"column":16},"end":{"line":84,"column":50}},"loc":{"start":{"line":84,"column":97},"end":{"line":98,"column":1}}},"9":{"name":"(anonymous_10)","decl":{"start":{"line":88,"column":39},"end":{"line":88,"column":40}},"loc":{"start":{"line":88,"column":66},"end":{"line":88,"column":75}}}},"branchMap":{"0":{"loc":{"start":{"line":20,"column":4},"end":{"line":24,"column":null}},"type":"if","locations":[{"start":{"line":20,"column":4},"end":{"line":24,"column":null}},{"start":{"line":22,"column":11},"end":{"line":24,"column":null}}]},"1":{"loc":{"start":{"line":39,"column":4},"end":{"line":41,"column":null}},"type":"if","locations":[{"start":{"line":39,"column":4},"end":{"line":41,"column":null}}]},"2":{"loc":{"start":{"line":39,"column":8},"end":{"line":39,"column":70}},"type":"binary-expr","locations":[{"start":{"line":39,"column":8},"end":{"line":39,"column":34}},{"start":{"line":39,"column":38},"end":{"line":39,"column":70}}]},"3":{"loc":{"start":{"line":63,"column":4},"end":{"line":67,"column":null}},"type":"if","locations":[{"start":{"line":63,"column":4},"end":{"line":67,"column":null}},{"start":{"line":65,"column":11},"end":{"line":67,"column":null}}]},"4":{"loc":{"start":{"line":77,"column":4},"end":{"line":81,"column":null}},"type":"if","locations":[{"start":{"line":77,"column":4},"end":{"line":81,"column":null}},{"start":{"line":79,"column":11},"end":{"line":81,"column":null}}]},"5":{"loc":{"start":{"line":88,"column":71},"end":{"line":88,"column":154}},"type":"binary-expr","locations":[{"start":{"line":88,"column":71},"end":{"line":88,"column":102}},{"start":{"line":88,"column":106},"end":{"line":88,"column":154}}]},"6":{"loc":{"start":{"line":93,"column":4},"end":{"line":97,"column":null}},"type":"if","locations":[{"start":{"line":93,"column":4},"end":{"line":97,"column":null}},{"start":{"line":95,"column":11},"end":{"line":97,"column":null}}]}},"s":{"0":1,"1":1,"2":1,"3":1,"4":1,"5":1,"6":2,"7":2,"8":2,"9":2,"10":2,"11":2,"12":2,"13":0,"14":1,"15":1,"16":1,"17":1,"18":1,"19":3,"20":3,"21":1,"22":3,"23":3,"24":3,"25":3,"26":1,"27":2,"28":2,"29":2,"30":2,"31":2,"32":2,"33":0,"34":1,"35":2,"36":2,"37":2,"38":2,"39":2,"40":2,"41":2,"42":0,"43":1,"44":2,"45":2,"46":2,"47":4,"48":2,"49":2,"50":2,"51":0,"52":1},"f":{"0":2,"1":2,"2":1,"3":3,"4":2,"5":2,"6":2,"7":2,"8":2,"9":4},"b":{"0":[2,0],"1":[1],"2":[3,2],"3":[2,0],"4":[2,0],"5":[4,4],"6":[2,0]}}
,"E:\\Projects\\GoBoomTown\\sdk-ts\\sdk\\tests\\mocks\\customer-lookup-mock.ts": {"path":"E:\\Projects\\GoBoomTown\\sdk-ts\\sdk\\tests\\mocks\\customer-lookup-mock.ts","statementMap":{"0":{"start":{"line":1,"column":0},"end":{"line":1,"column":37}},"1":{"start":{"line":5,"column":0},"end":{"line":5,"column":19}},"2":{"start":{"line":2,"column":0},"end":{"line":2,"column":26}},"3":{"start":{"line":3,"column":0},"end":{"line":3,"column":104}},"4":{"start":{"line":6,"column":18},"end":{"line":6,"column":42}},"5":{"start":{"line":9,"column":4},"end":{"line":9,"column":36}},"6":{"start":{"line":11,"column":16},"end":{"line":13,"column":6}},"7":{"start":{"line":15,"column":4},"end":{"line":19,"column":null}},"8":{"start":{"line":16,"column":8},"end":{"line":16,"column":72}},"9":{"start":{"line":18,"column":8},"end":{"line":18,"column":79}},"10":{"start":{"line":8,"column":0},"end":{"line":8,"column":16}},"11":{"start":{"line":23,"column":4},"end":{"line":23,"column":36}},"12":{"start":{"line":25,"column":16},"end":{"line":27,"column":6}},"13":{"start":{"line":29,"column":4},"end":{"line":33,"column":null}},"14":{"start":{"line":30,"column":8},"end":{"line":30,"column":72}},"15":{"start":{"line":32,"column":8},"end":{"line":32,"column":79}},"16":{"start":{"line":22,"column":0},"end":{"line":22,"column":16}},"17":{"start":{"line":37,"column":4},"end":{"line":37,"column":36}},"18":{"start":{"line":39,"column":16},"end":{"line":41,"column":6}},"19":{"start":{"line":43,"column":4},"end":{"line":47,"column":null}},"20":{"start":{"line":44,"column":8},"end":{"line":44,"column":72}},"21":{"start":{"line":46,"column":8},"end":{"line":46,"column":79}},"22":{"start":{"line":36,"column":0},"end":{"line":36,"column":16}},"23":{"start":{"line":51,"column":4},"end":{"line":51,"column":36}},"24":{"start":{"line":53,"column":16},"end":{"line":55,"column":6}},"25":{"start":{"line":57,"column":4},"end":{"line":61,"column":null}},"26":{"start":{"line":58,"column":8},"end":{"line":58,"column":72}},"27":{"start":{"line":60,"column":8},"end":{"line":60,"column":79}},"28":{"start":{"line":50,"column":0},"end":{"line":50,"column":16}}},"fnMap":{"0":{"name":"customerLookupGetByIdMock","decl":{"start":{"line":8,"column":16},"end":{"line":8,"column":41}},"loc":{"start":{"line":8,"column":52},"end":{"line":20,"column":1}}},"1":{"name":"customerLookupGetByEmailMock","decl":{"start":{"line":22,"column":16},"end":{"line":22,"column":44}},"loc":{"start":{"line":22,"column":58},"end":{"line":34,"column":1}}},"2":{"name":"customerLookupGetByExternalIdMock","decl":{"start":{"line":36,"column":16},"end":{"line":36,"column":49}},"loc":{"start":{"line":36,"column":68},"end":{"line":48,"column":1}}},"3":{"name":"customerLookupGetByIssueIdMock","decl":{"start":{"line":50,"column":16},"end":{"line":50,"column":46}},"loc":{"start":{"line":50,"column":46},"end":{"line":62,"column":1}}}},"branchMap":{"0":{"loc":{"start":{"line":15,"column":4},"end":{"line":19,"column":null}},"type":"if","locations":[{"start":{"line":15,"column":4},"end":{"line":19,"column":null}},{"start":{"line":17,"column":11},"end":{"line":19,"column":null}}]},"1":{"loc":{"start":{"line":29,"column":4},"end":{"line":33,"column":null}},"type":"if","locations":[{"start":{"line":29,"column":4},"end":{"line":33,"column":null}},{"start":{"line":31,"column":11},"end":{"line":33,"column":null}}]},"2":{"loc":{"start":{"line":43,"column":4},"end":{"line":47,"column":null}},"type":"if","locations":[{"start":{"line":43,"column":4},"end":{"line":47,"column":null}},{"start":{"line":45,"column":11},"end":{"line":47,"column":null}}]},"3":{"loc":{"start":{"line":57,"column":4},"end":{"line":61,"column":null}},"type":"if","locations":[{"start":{"line":57,"column":4},"end":{"line":61,"column":null}},{"start":{"line":59,"column":11},"end":{"line":61,"column":null}}]}},"s":{"0":1,"1":1,"2":1,"3":1,"4":1,"5":2,"6":2,"7":2,"8":1,"9":1,"10":1,"11":2,"12":2,"13":2,"14":1,"15":1,"16":1,"17":2,"18":2,"19":2,"20":1,"21":1,"22":1,"23":2,"24":2,"25":2,"26":2,"27":0,"28":1},"f":{"0":2,"1":2,"2":2,"3":2},"b":{"0":[1,1],"1":[1,1],"2":[1,1],"3":[2,0]}}
,"E:\\Projects\\GoBoomTown\\sdk-ts\\sdk\\tests\\mocks\\customer-meta-mock.ts": {"path":"E:\\Projects\\GoBoomTown\\sdk-ts\\sdk\\tests\\mocks\\customer-meta-mock.ts","statementMap":{"0":{"start":{"line":1,"column":0},"end":{"line":1,"column":37}},"1":{"start":{"line":4,"column":0},"end":{"line":4,"column":19}},"2":{"start":{"line":2,"column":0},"end":{"line":2,"column":26}},"3":{"start":{"line":3,"column":0},"end":{"line":3,"column":133}},"4":{"start":{"line":5,"column":18},"end":{"line":5,"column":42}},"5":{"start":{"line":8,"column":4},"end":{"line":8,"column":36}},"6":{"start":{"line":10,"column":21},"end":{"line":12,"column":6}},"7":{"start":{"line":14,"column":4},"end":{"line":14,"column":73}},"8":{"start":{"line":7,"column":0},"end":{"line":7,"column":16}},"9":{"start":{"line":18,"column":4},"end":{"line":18,"column":36}},"10":{"start":{"line":20,"column":21},"end":{"line":22,"column":6}},"11":{"start":{"line":24,"column":4},"end":{"line":24,"column":73}},"12":{"start":{"line":17,"column":0},"end":{"line":17,"column":16}},"13":{"start":{"line":28,"column":4},"end":{"line":28,"column":36}},"14":{"start":{"line":30,"column":17},"end":{"line":30,"column":39}},"15":{"start":{"line":31,"column":4},"end":{"line":31,"column":93}},"16":{"start":{"line":31,"column":54},"end":{"line":31,"column":92}},"17":{"start":{"line":32,"column":16},"end":{"line":34,"column":6}},"18":{"start":{"line":36,"column":4},"end":{"line":36,"column":68}},"19":{"start":{"line":27,"column":0},"end":{"line":27,"column":16}}},"fnMap":{"0":{"name":"customerMetaStatusMock","decl":{"start":{"line":7,"column":16},"end":{"line":7,"column":38}},"loc":{"start":{"line":7,"column":38},"end":{"line":15,"column":1}}},"1":{"name":"customerMetaIndustriesMock","decl":{"start":{"line":17,"column":16},"end":{"line":17,"column":42}},"loc":{"start":{"line":17,"column":42},"end":{"line":25,"column":1}}},"2":{"name":"customerMetaCustomFormsMock","decl":{"start":{"line":27,"column":16},"end":{"line":27,"column":43}},"loc":{"start":{"line":27,"column":61},"end":{"line":37,"column":1}}},"3":{"name":"(anonymous_4)","decl":{"start":{"line":31,"column":39},"end":{"line":31,"column":40}},"loc":{"start":{"line":31,"column":49},"end":{"line":31,"column":58}}}},"branchMap":{},"s":{"0":1,"1":1,"2":1,"3":1,"4":1,"5":1,"6":1,"7":1,"8":1,"9":1,"10":1,"11":1,"12":1,"13":1,"14":1,"15":1,"16":1,"17":1,"18":1,"19":1},"f":{"0":1,"1":1,"2":1,"3":1},"b":{}}
,"E:\\Projects\\GoBoomTown\\sdk-ts\\sdk\\tests\\mocks\\customer-mock.ts": {"path":"E:\\Projects\\GoBoomTown\\sdk-ts\\sdk\\tests\\mocks\\customer-mock.ts","statementMap":{"0":{"start":{"line":1,"column":0},"end":{"line":1,"column":37}},"1":{"start":{"line":17,"column":0},"end":{"line":17,"column":19}},"2":{"start":{"line":2,"column":0},"end":{"line":2,"column":26}},"3":{"start":{"line":5,"column":0},"end":{"line":5,"column":55}},"4":{"start":{"line":6,"column":0},"end":{"line":6,"column":67}},"5":{"start":{"line":7,"column":0},"end":{"line":7,"column":87}},"6":{"start":{"line":8,"column":0},"end":{"line":8,"column":null}},"7":{"start":{"line":18,"column":18},"end":{"line":18,"column":42}},"8":{"start":{"line":20,"column":35},"end":{"line":20,"column":54}},"9":{"start":{"line":20,"column":54},"end":{"line":20,"column":null}},"10":{"start":{"line":21,"column":4},"end":{"line":21,"column":36}},"11":{"start":{"line":22,"column":16},"end":{"line":22,"column":32}},"12":{"start":{"line":24,"column":4},"end":{"line":24,"column":62}},"13":{"start":{"line":24,"column":19},"end":{"line":24,"column":62}},"14":{"start":{"line":25,"column":4},"end":{"line":25,"column":66}},"15":{"start":{"line":25,"column":19},"end":{"line":25,"column":66}},"16":{"start":{"line":27,"column":21},"end":{"line":29,"column":6}},"17":{"start":{"line":31,"column":4},"end":{"line":31,"column":73}},"18":{"start":{"line":20,"column":0},"end":{"line":20,"column":16}},"19":{"start":{"line":35,"column":4},"end":{"line":35,"column":36}},"20":{"start":{"line":37,"column":17},"end":{"line":37,"column":33}},"21":{"start":{"line":38,"column":4},"end":{"line":38,"column":80}},"22":{"start":{"line":38,"column":64},"end":{"line":38,"column":79}},"23":{"start":{"line":39,"column":16},"end":{"line":41,"column":6}},"24":{"start":{"line":43,"column":4},"end":{"line":47,"column":null}},"25":{"start":{"line":44,"column":8},"end":{"line":44,"column":72}},"26":{"start":{"line":46,"column":8},"end":{"line":46,"column":73}},"27":{"start":{"line":34,"column":0},"end":{"line":34,"column":16}},"28":{"start":{"line":51,"column":4},"end":{"line":51,"column":36}},"29":{"start":{"line":53,"column":4},"end":{"line":55,"column":null}},"30":{"start":{"line":54,"column":8},"end":{"line":54,"column":41}},"31":{"start":{"line":57,"column":20},"end":{"line":57,"column":55}},"32":{"start":{"line":58,"column":17},"end":{"line":58,"column":39}},"33":{"start":{"line":59,"column":4},"end":{"line":59,"column":45}},"34":{"start":{"line":60,"column":4},"end":{"line":60,"column":55}},"35":{"start":{"line":61,"column":4},"end":{"line":61,"column":63}},"36":{"start":{"line":63,"column":16},"end":{"line":65,"column":6}},"37":{"start":{"line":67,"column":4},"end":{"line":67,"column":68}},"38":{"start":{"line":50,"column":0},"end":{"line":50,"column":16}},"39":{"start":{"line":71,"column":4},"end":{"line":71,"column":36}},"40":{"start":{"line":73,"column":4},"end":{"line":75,"column":null}},"41":{"start":{"line":74,"column":8},"end":{"line":74,"column":41}},"42":{"start":{"line":77,"column":20},"end":{"line":77,"column":55}},"43":{"start":{"line":78,"column":17},"end":{"line":78,"column":39}},"44":{"start":{"line":79,"column":4},"end":{"line":79,"column":45}},"45":{"start":{"line":80,"column":4},"end":{"line":80,"column":55}},"46":{"start":{"line":81,"column":4},"end":{"line":81,"column":63}},"47":{"start":{"line":83,"column":16},"end":{"line":85,"column":6}},"48":{"start":{"line":87,"column":4},"end":{"line":87,"column":68}},"49":{"start":{"line":70,"column":0},"end":{"line":70,"column":16}},"50":{"start":{"line":91,"column":4},"end":{"line":91,"column":36}},"51":{"start":{"line":93,"column":20},"end":{"line":93,"column":72}},"52":{"start":{"line":93,"column":50},"end":{"line":93,"column":65}},"53":{"start":{"line":95,"column":16},"end":{"line":97,"column":6}},"54":{"start":{"line":99,"column":4},"end":{"line":103,"column":null}},"55":{"start":{"line":100,"column":8},"end":{"line":100,"column":72}},"56":{"start":{"line":102,"column":8},"end":{"line":102,"column":73}},"57":{"start":{"line":90,"column":0},"end":{"line":90,"column":16}},"58":{"start":{"line":107,"column":4},"end":{"line":107,"column":36}},"59":{"start":{"line":109,"column":16},"end":{"line":111,"column":6}},"60":{"start":{"line":113,"column":4},"end":{"line":117,"column":null}},"61":{"start":{"line":114,"column":8},"end":{"line":114,"column":72}},"62":{"start":{"line":116,"column":8},"end":{"line":116,"column":74}},"63":{"start":{"line":106,"column":0},"end":{"line":106,"column":16}}},"fnMap":{"0":{"name":"customerGetAllMock","decl":{"start":{"line":20,"column":16},"end":{"line":20,"column":34}},"loc":{"start":{"line":20,"column":71},"end":{"line":32,"column":1}}},"1":{"name":"customerGetByIdMock","decl":{"start":{"line":34,"column":16},"end":{"line":34,"column":35}},"loc":{"start":{"line":34,"column":46},"end":{"line":48,"column":1}}},"2":{"name":"(anonymous_3)","decl":{"start":{"line":38,"column":39},"end":{"line":38,"column":40}},"loc":{"start":{"line":38,"column":59},"end":{"line":38,"column":68}}},"3":{"name":"customerCreateOrUpdateMock","decl":{"start":{"line":50,"column":16},"end":{"line":50,"column":42}},"loc":{"start":{"line":50,"column":71},"end":{"line":68,"column":1}}},"4":{"name":"customerInvalidCreateOrUpdateMock","decl":{"start":{"line":70,"column":16},"end":{"line":70,"column":49}},"loc":{"start":{"line":70,"column":78},"end":{"line":88,"column":1}}},"5":{"name":"customerDeleteMock","decl":{"start":{"line":90,"column":16},"end":{"line":90,"column":34}},"loc":{"start":{"line":90,"column":45},"end":{"line":104,"column":1}}},"6":{"name":"(anonymous_7)","decl":{"start":{"line":93,"column":40},"end":{"line":93,"column":41}},"loc":{"start":{"line":93,"column":45},"end":{"line":93,"column":54}}},"7":{"name":"customerSmsInviteMock","decl":{"start":{"line":106,"column":16},"end":{"line":106,"column":37}},"loc":{"start":{"line":106,"column":58},"end":{"line":118,"column":1}}}},"branchMap":{"0":{"loc":{"start":{"line":20,"column":35},"end":{"line":20,"column":54}},"type":"if","locations":[{"start":{"line":20,"column":35},"end":{"line":20,"column":54}}]},"1":{"loc":{"start":{"line":20,"column":54},"end":{"line":20,"column":null}},"type":"if","locations":[{"start":{"line":20,"column":54},"end":{"line":20,"column":null}}]},"2":{"loc":{"start":{"line":24,"column":4},"end":{"line":24,"column":62}},"type":"if","locations":[{"start":{"line":24,"column":4},"end":{"line":24,"column":62}}]},"3":{"loc":{"start":{"line":25,"column":4},"end":{"line":25,"column":66}},"type":"if","locations":[{"start":{"line":25,"column":4},"end":{"line":25,"column":66}}]},"4":{"loc":{"start":{"line":43,"column":4},"end":{"line":47,"column":null}},"type":"if","locations":[{"start":{"line":43,"column":4},"end":{"line":47,"column":null}},{"start":{"line":45,"column":11},"end":{"line":47,"column":null}}]},"5":{"loc":{"start":{"line":53,"column":4},"end":{"line":55,"column":null}},"type":"if","locations":[{"start":{"line":53,"column":4},"end":{"line":55,"column":null}}]},"6":{"loc":{"start":{"line":53,"column":8},"end":{"line":53,"column":54}},"type":"binary-expr","locations":[{"start":{"line":53,"column":8},"end":{"line":53,"column":26}},{"start":{"line":53,"column":30},"end":{"line":53,"column":54}}]},"7":{"loc":{"start":{"line":73,"column":4},"end":{"line":75,"column":null}},"type":"if","locations":[{"start":{"line":73,"column":4},"end":{"line":75,"column":null}}]},"8":{"loc":{"start":{"line":73,"column":8},"end":{"line":73,"column":54}},"type":"binary-expr","locations":[{"start":{"line":73,"column":8},"end":{"line":73,"column":26}},{"start":{"line":73,"column":30},"end":{"line":73,"column":54}}]},"9":{"loc":{"start":{"line":99,"column":4},"end":{"line":103,"column":null}},"type":"if","locations":[{"start":{"line":99,"column":4},"end":{"line":103,"column":null}},{"start":{"line":101,"column":11},"end":{"line":103,"column":null}}]},"10":{"loc":{"start":{"line":113,"column":4},"end":{"line":117,"column":null}},"type":"if","locations":[{"start":{"line":113,"column":4},"end":{"line":117,"column":null}},{"start":{"line":115,"column":11},"end":{"line":117,"column":null}}]}},"s":{"0":1,"1":1,"2":1,"3":1,"4":1,"5":1,"6":1,"7":1,"8":3,"9":3,"10":2,"11":2,"12":2,"13":1,"14":2,"15":0,"16":2,"17":2,"18":1,"19":2,"20":2,"21":2,"22":11,"23":2,"24":2,"25":1,"26":1,"27":1,"28":3,"29":3,"30":1,"31":3,"32":3,"33":3,"34":3,"35":3,"36":3,"37":3,"38":1,"39":0,"40":0,"41":0,"42":0,"43":0,"44":0,"45":0,"46":0,"47":0,"48":0,"49":1,"50":2,"51":2,"52":100,"53":2,"54":2,"55":1,"56":1,"57":1,"58":2,"59":2,"60":2,"61":1,"62":1,"63":1},"f":{"0":2,"1":2,"2":11,"3":3,"4":0,"5":2,"6":100,"7":2},"b":{"0":[1],"1":[1],"2":[1],"3":[0],"4":[1,1],"5":[1],"6":[3,2],"7":[0],"8":[0,0],"9":[1,1],"10":[1,1]}}
}
