TN:
SF:src\index.ts
FN:7,(anonymous_0)
FN:16,(anonymous_1)
FN:19,(anonymous_3)
FNF:3
FNH:1
FNDA:0,(anonymous_0)
FNDA:6,(anonymous_1)
FNDA:0,(anonymous_3)
DA:1,6
DA:2,6
DA:3,6
DA:4,6
DA:5,6
DA:7,6
DA:8,0
DA:9,0
DA:16,6
DA:17,6
DA:18,6
DA:19,6
DA:20,0
DA:21,0
DA:23,6
LF:15
LH:11
BRF:0
BRH:0
end_of_record
TN:
SF:src\api\controllers\case-file.ts
FN:6,(anonymous_15)
FN:7,CaseFile
FN:13,(anonymous_17)
FN:24,(anonymous_20)
FN:34,(anonymous_23)
FNF:5
FNH:1
FNDA:3,(anonymous_15)
FNDA:0,CaseFile
FNDA:0,(anonymous_17)
FNDA:0,(anonymous_20)
FNDA:0,(anonymous_23)
DA:1,3
DA:6,3
DA:7,0
DA:13,3
DA:14,0
DA:24,3
DA:25,0
DA:34,3
DA:35,0
DA:37,3
LF:10
LH:6
BRF:0
BRH:0
end_of_record
TN:
SF:src\api\controllers\case-log.ts
FN:6,(anonymous_15)
FN:7,CaseLog
FN:14,(anonymous_17)
FN:24,(anonymous_20)
FN:34,(anonymous_23)
FNF:5
FNH:5
FNDA:3,(anonymous_15)
FNDA:1,CaseLog
FNDA:2,(anonymous_17)
FNDA:2,(anonymous_20)
FNDA:2,(anonymous_23)
DA:1,3
DA:6,3
DA:7,1
DA:14,3
DA:15,2
DA:24,3
DA:25,2
DA:34,3
DA:35,2
DA:37,3
LF:10
LH:10
BRF:0
BRH:0
end_of_record
TN:
SF:src\api\controllers\case-meta.ts
FN:6,(anonymous_15)
FN:7,CaseMeta
FN:13,(anonymous_17)
FN:21,(anonymous_20)
FN:29,(anonymous_23)
FN:37,(anonymous_26)
FN:45,(anonymous_29)
FN:53,(anonymous_32)
FN:61,(anonymous_35)
FN:69,(anonymous_38)
FNF:10
FNH:1
FNDA:3,(anonymous_15)
FNDA:0,CaseMeta
FNDA:0,(anonymous_17)
FNDA:0,(anonymous_20)
FNDA:0,(anonymous_23)
FNDA:0,(anonymous_26)
FNDA:0,(anonymous_29)
FNDA:0,(anonymous_32)
FNDA:0,(anonymous_35)
FNDA:0,(anonymous_38)
DA:1,3
DA:6,3
DA:7,0
DA:13,3
DA:14,0
DA:21,3
DA:22,0
DA:29,3
DA:30,0
DA:37,3
DA:38,0
DA:45,3
DA:46,0
DA:53,3
DA:54,0
DA:61,3
DA:62,0
DA:69,3
DA:70,0
DA:72,3
LF:20
LH:11
BRF:0
BRH:0
end_of_record
TN:
SF:src\api\controllers\cases.ts
FN:6,(anonymous_15)
FN:7,Cases
FN:14,(anonymous_17)
FN:23,(anonymous_20)
FN:32,(anonymous_23)
FN:42,(anonymous_26)
FN:51,(anonymous_29)
FN:60,(anonymous_32)
FN:70,(anonymous_35)
FN:80,(anonymous_38)
FN:89,(anonymous_41)
FN:98,(anonymous_44)
FN:107,(anonymous_47)
FNF:13
FNH:13
FNDA:4,(anonymous_15)
FNDA:1,Cases
FNDA:2,(anonymous_17)
FNDA:3,(anonymous_20)
FNDA:2,(anonymous_23)
FNDA:3,(anonymous_26)
FNDA:2,(anonymous_29)
FNDA:2,(anonymous_32)
FNDA:2,(anonymous_35)
FNDA:2,(anonymous_38)
FNDA:2,(anonymous_41)
FNDA:2,(anonymous_44)
FNDA:2,(anonymous_47)
DA:1,4
DA:6,4
DA:7,1
DA:14,4
DA:15,2
DA:23,4
DA:24,3
DA:32,4
DA:33,2
DA:42,4
DA:43,3
DA:51,4
DA:52,2
DA:60,4
DA:61,2
DA:70,4
DA:71,2
DA:80,4
DA:81,2
DA:89,4
DA:90,2
DA:98,4
DA:99,2
DA:107,4
DA:108,2
DA:110,4
LF:26
LH:26
BRF:0
BRH:0
end_of_record
TN:
SF:src\api\controllers\customer-contact.ts
FN:6,(anonymous_15)
FN:7,CustomerContact
FN:14,(anonymous_17)
FN:24,(anonymous_20)
FN:33,(anonymous_23)
FN:42,(anonymous_26)
FN:52,(anonymous_29)
FN:62,(anonymous_32)
FNF:8
FNH:1
FNDA:3,(anonymous_15)
FNDA:0,CustomerContact
FNDA:0,(anonymous_17)
FNDA:0,(anonymous_20)
FNDA:0,(anonymous_23)
FNDA:0,(anonymous_26)
FNDA:0,(anonymous_29)
FNDA:0,(anonymous_32)
DA:1,3
DA:6,3
DA:7,0
DA:14,3
DA:15,0
DA:24,3
DA:25,0
DA:33,3
DA:34,0
DA:42,3
DA:43,0
DA:52,3
DA:53,0
DA:62,3
DA:63,0
DA:65,3
LF:16
LH:9
BRF:0
BRH:0
end_of_record
TN:
SF:src\api\controllers\customer-location.ts
FN:13,(anonymous_15)
FN:14,CustomerLocation
FN:22,(anonymous_17)
FN:34,(anonymous_20)
FN:43,(anonymous_23)
FN:52,(anonymous_26)
FN:62,(anonymous_29)
FN:70,(anonymous_32)
FNF:8
FNH:8
FNDA:3,(anonymous_15)
FNDA:1,CustomerLocation
FNDA:2,(anonymous_17)
FNDA:3,(anonymous_20)
FNDA:2,(anonymous_23)
FNDA:2,(anonymous_26)
FNDA:2,(anonymous_29)
FNDA:1,(anonymous_32)
DA:1,3
DA:13,3
DA:14,1
DA:22,3
DA:26,2
DA:34,3
DA:35,3
DA:43,3
DA:44,2
DA:52,3
DA:53,2
DA:62,3
DA:63,2
DA:70,3
DA:71,1
DA:73,3
LF:16
LH:16
BRF:0
BRH:0
end_of_record
TN:
SF:src\api\controllers\customer-lookup.ts
FN:6,(anonymous_15)
FN:7,CustomerLookup
FN:14,(anonymous_17)
FN:23,(anonymous_20)
FN:32,(anonymous_23)
FN:41,(anonymous_26)
FNF:6
FNH:6
FNDA:3,(anonymous_15)
FNDA:1,CustomerLookup
FNDA:2,(anonymous_17)
FNDA:2,(anonymous_20)
FNDA:2,(anonymous_23)
FNDA:2,(anonymous_26)
DA:1,3
DA:6,3
DA:7,1
DA:14,3
DA:15,2
DA:23,3
DA:24,2
DA:32,3
DA:33,2
DA:41,3
DA:42,2
DA:44,3
LF:12
LH:12
BRF:0
BRH:0
end_of_record
TN:
SF:src\api\controllers\customer-meta.ts
FN:6,(anonymous_15)
FN:7,CustomerMeta
FN:13,(anonymous_17)
FN:21,(anonymous_20)
FN:30,(anonymous_23)
FNF:5
FNH:5
FNDA:4,(anonymous_15)
FNDA:1,CustomerMeta
FNDA:1,(anonymous_17)
FNDA:1,(anonymous_20)
FNDA:1,(anonymous_23)
DA:1,4
DA:6,4
DA:7,1
DA:13,4
DA:14,1
DA:21,4
DA:22,1
DA:30,4
DA:31,1
DA:33,4
LF:10
LH:10
BRF:0
BRH:0
end_of_record
TN:
SF:src\api\controllers\customer.ts
FN:14,(anonymous_15)
FN:15,Customer
FN:22,(anonymous_17)
FN:31,(anonymous_20)
FN:40,(anonymous_23)
FN:49,(anonymous_26)
FN:58,(anonymous_29)
FNF:7
FNH:7
FNDA:6,(anonymous_15)
FNDA:1,Customer
FNDA:2,(anonymous_17)
FNDA:2,(anonymous_20)
FNDA:3,(anonymous_23)
FNDA:2,(anonymous_26)
FNDA:2,(anonymous_29)
DA:1,6
DA:14,6
DA:15,1
DA:22,6
DA:23,2
DA:31,6
DA:32,2
DA:40,6
DA:41,3
DA:49,6
DA:50,2
DA:58,6
DA:59,2
DA:61,6
LF:14
LH:14
BRF:0
BRH:0
end_of_record
TN:
SF:src\api\controllers\index.ts
FNF:0
FNH:0
DA:1,3
DA:2,3
DA:3,3
DA:4,3
DA:5,3
DA:6,3
DA:7,3
DA:8,3
DA:9,3
LF:9
LH:9
BRF:0
BRH:0
end_of_record
TN:
SF:src\configs\api-paths.ts
FN:5,(anonymous_0)
FN:7,(anonymous_1)
FN:10,(anonymous_2)
FN:12,(anonymous_3)
FN:14,(anonymous_4)
FN:16,(anonymous_5)
FN:17,(anonymous_6)
FN:20,(anonymous_7)
FN:21,(anonymous_8)
FN:31,(anonymous_9)
FN:33,(anonymous_10)
FN:34,(anonymous_11)
FN:35,(anonymous_12)
FN:36,(anonymous_13)
FN:45,(anonymous_14)
FN:46,(anonymous_15)
FN:47,(anonymous_16)
FN:48,(anonymous_17)
FN:49,(anonymous_18)
FN:50,(anonymous_19)
FN:51,(anonymous_20)
FN:52,(anonymous_21)
FN:53,(anonymous_22)
FN:54,(anonymous_23)
FN:57,generatePath
FNF:25
FNH:18
FNDA:2,(anonymous_0)
FNDA:2,(anonymous_1)
FNDA:2,(anonymous_2)
FNDA:2,(anonymous_3)
FNDA:2,(anonymous_4)
FNDA:0,(anonymous_5)
FNDA:0,(anonymous_6)
FNDA:0,(anonymous_7)
FNDA:0,(anonymous_8)
FNDA:3,(anonymous_9)
FNDA:0,(anonymous_10)
FNDA:0,(anonymous_11)
FNDA:0,(anonymous_12)
FNDA:2,(anonymous_13)
FNDA:2,(anonymous_14)
FNDA:2,(anonymous_15)
FNDA:3,(anonymous_16)
FNDA:2,(anonymous_17)
FNDA:2,(anonymous_18)
FNDA:2,(anonymous_19)
FNDA:2,(anonymous_20)
FNDA:2,(anonymous_21)
FNDA:2,(anonymous_22)
FNDA:2,(anonymous_23)
FNDA:198,generatePath
DA:1,6
DA:3,6
DA:5,2
DA:7,2
DA:10,2
DA:12,2
DA:14,2
DA:16,0
DA:17,0
DA:20,0
DA:21,0
DA:31,3
DA:33,0
DA:34,0
DA:35,0
DA:36,2
DA:45,2
DA:46,2
DA:47,3
DA:48,2
DA:49,2
DA:50,2
DA:51,2
DA:52,2
DA:53,2
DA:54,2
DA:58,198
LF:27
LH:20
BRF:0
BRH:0
end_of_record
TN:
SF:src\configs\boomtown-config.ts
FNF:0
FNH:0
DA:1,6
LF:1
LH:1
BRF:0
BRH:0
end_of_record
TN:
SF:src\core\helpers\client-request-helper.ts
FN:13,createApiRequest
FN:30,createQueryParameter
FN:49,buildURL
FN:58,detectQueryString
FNF:4
FNH:4
FNDA:64,createApiRequest
FNDA:84,createQueryParameter
FNDA:18,buildURL
FNDA:64,detectQueryString
DA:13,6
DA:14,64
DA:16,64
DA:30,6
DA:31,84
DA:32,84
DA:33,82
DA:34,82
DA:35,64
DA:40,84
DA:49,6
DA:50,18
DA:58,6
DA:59,64
DA:61,64
LF:15
LH:15
BRDA:14,0,0,20
BRDA:14,0,1,44
BRDA:17,1,0,18
BRDA:17,1,1,46
BRDA:21,2,0,4
BRDA:21,2,1,60
BRDA:33,3,0,82
BRDA:34,4,0,64
BRDA:50,5,0,18
BRDA:50,5,1,0
BRF:10
BRH:9
end_of_record
TN:
SF:src\core\helpers\index.ts
FNF:0
FNH:0
DA:1,6
DA:2,6
LF:2
LH:2
BRF:0
BRH:0
end_of_record
TN:
SF:src\core\services\case-file-service.ts
FN:13,(anonymous_2)
FN:14,CaseFileService
FN:21,(anonymous_4)
FN:32,(anonymous_5)
FN:42,(anonymous_6)
FNF:5
FNH:1
FNDA:4,(anonymous_2)
FNDA:0,CaseFileService
FNDA:0,(anonymous_4)
FNDA:0,(anonymous_5)
FNDA:0,(anonymous_6)
DA:1,4
DA:13,4
DA:14,0
DA:21,4
DA:22,0
DA:32,4
DA:33,0
DA:42,4
DA:43,0
DA:45,4
LF:10
LH:6
BRF:0
BRH:0
end_of_record
TN:
SF:src\core\services\case-log-service.ts
FN:13,(anonymous_2)
FN:14,CaseLogService
FN:22,(anonymous_4)
FN:31,(anonymous_5)
FN:41,(anonymous_6)
FNF:5
FNH:5
FNDA:4,(anonymous_2)
FNDA:1,CaseLogService
FNDA:2,(anonymous_4)
FNDA:2,(anonymous_5)
FNDA:2,(anonymous_6)
DA:1,4
DA:13,4
DA:14,1
DA:22,4
DA:23,2
DA:31,4
DA:32,2
DA:41,4
DA:42,2
DA:44,4
LF:10
LH:10
BRF:0
BRH:0
end_of_record
TN:
SF:src\core\services\case-meta-service.ts
FN:13,(anonymous_2)
FN:14,CaseMetaService
FN:20,(anonymous_4)
FN:28,(anonymous_5)
FN:36,(anonymous_6)
FN:44,(anonymous_7)
FN:52,(anonymous_8)
FN:60,(anonymous_9)
FN:68,(anonymous_10)
FN:76,(anonymous_11)
FNF:10
FNH:1
FNDA:4,(anonymous_2)
FNDA:0,CaseMetaService
FNDA:0,(anonymous_4)
FNDA:0,(anonymous_5)
FNDA:0,(anonymous_6)
FNDA:0,(anonymous_7)
FNDA:0,(anonymous_8)
FNDA:0,(anonymous_9)
FNDA:0,(anonymous_10)
FNDA:0,(anonymous_11)
DA:1,4
DA:13,4
DA:14,0
DA:20,4
DA:21,0
DA:28,4
DA:29,0
DA:36,4
DA:37,0
DA:44,4
DA:45,0
DA:52,4
DA:53,0
DA:60,4
DA:61,0
DA:68,4
DA:69,0
DA:76,4
DA:77,0
DA:79,4
LF:20
LH:11
BRF:0
BRH:0
end_of_record
TN:
SF:src\core\services\cases-service.ts
FN:13,(anonymous_2)
FN:14,CasesService
FN:21,(anonymous_4)
FN:30,(anonymous_5)
FN:39,(anonymous_6)
FN:49,(anonymous_7)
FN:58,(anonymous_8)
FN:67,(anonymous_9)
FN:77,(anonymous_10)
FN:87,(anonymous_11)
FN:96,(anonymous_12)
FN:105,(anonymous_13)
FN:114,(anonymous_14)
FNF:13
FNH:13
FNDA:4,(anonymous_2)
FNDA:1,CasesService
FNDA:2,(anonymous_4)
FNDA:3,(anonymous_5)
FNDA:2,(anonymous_6)
FNDA:3,(anonymous_7)
FNDA:2,(anonymous_8)
FNDA:2,(anonymous_9)
FNDA:2,(anonymous_10)
FNDA:2,(anonymous_11)
FNDA:2,(anonymous_12)
FNDA:2,(anonymous_13)
FNDA:2,(anonymous_14)
DA:1,4
DA:13,4
DA:14,1
DA:21,4
DA:22,2
DA:30,4
DA:31,3
DA:39,4
DA:40,2
DA:49,4
DA:50,3
DA:58,4
DA:59,2
DA:67,4
DA:68,2
DA:77,4
DA:78,2
DA:87,4
DA:88,2
DA:96,4
DA:97,2
DA:105,4
DA:106,2
DA:114,4
DA:115,2
DA:117,4
LF:26
LH:26
BRF:0
BRH:0
end_of_record
TN:
SF:src\core\services\customer-contact-service.ts
FN:13,(anonymous_2)
FN:14,CustomerContactService
FN:21,(anonymous_4)
FN:31,(anonymous_5)
FN:40,(anonymous_6)
FN:49,(anonymous_7)
FN:59,(anonymous_8)
FN:69,(anonymous_9)
FNF:8
FNH:1
FNDA:4,(anonymous_2)
FNDA:0,CustomerContactService
FNDA:0,(anonymous_4)
FNDA:0,(anonymous_5)
FNDA:0,(anonymous_6)
FNDA:0,(anonymous_7)
FNDA:0,(anonymous_8)
FNDA:0,(anonymous_9)
DA:1,4
DA:13,4
DA:14,0
DA:21,4
DA:22,0
DA:31,4
DA:32,0
DA:40,4
DA:41,0
DA:49,4
DA:50,0
DA:59,4
DA:60,0
DA:69,4
DA:70,0
DA:72,4
LF:16
LH:9
BRF:0
BRH:0
end_of_record
TN:
SF:src\core\services\customer-location-service.ts
FN:20,(anonymous_2)
FN:21,CustomerLocationService
FN:29,(anonymous_4)
FN:38,(anonymous_5)
FN:47,(anonymous_6)
FN:56,(anonymous_7)
FN:66,(anonymous_8)
FN:74,(anonymous_9)
FNF:8
FNH:8
FNDA:4,(anonymous_2)
FNDA:1,CustomerLocationService
FNDA:2,(anonymous_4)
FNDA:3,(anonymous_5)
FNDA:2,(anonymous_6)
FNDA:2,(anonymous_7)
FNDA:2,(anonymous_8)
FNDA:1,(anonymous_9)
DA:1,4
DA:20,4
DA:21,1
DA:29,4
DA:30,2
DA:38,4
DA:39,3
DA:47,4
DA:48,2
DA:56,4
DA:57,2
DA:66,4
DA:67,2
DA:74,4
DA:75,1
DA:77,4
LF:16
LH:16
BRF:0
BRH:0
end_of_record
TN:
SF:src\core\services\customer-lookup-service.ts
FN:13,(anonymous_2)
FN:14,CustomerLookupService
FN:22,(anonymous_4)
FN:31,(anonymous_5)
FN:40,(anonymous_6)
FN:49,(anonymous_7)
FNF:6
FNH:6
FNDA:4,(anonymous_2)
FNDA:1,CustomerLookupService
FNDA:2,(anonymous_4)
FNDA:2,(anonymous_5)
FNDA:2,(anonymous_6)
FNDA:2,(anonymous_7)
DA:1,4
DA:13,4
DA:14,1
DA:22,4
DA:23,2
DA:31,4
DA:32,2
DA:40,4
DA:41,2
DA:49,4
DA:50,2
DA:52,4
LF:12
LH:12
BRF:0
BRH:0
end_of_record
TN:
SF:src\core\services\customer-meta-service.ts
FN:13,(anonymous_2)
FN:14,CustomerMetaService
FN:20,(anonymous_4)
FN:28,(anonymous_5)
FN:37,(anonymous_6)
FNF:5
FNH:5
FNDA:5,(anonymous_2)
FNDA:1,CustomerMetaService
FNDA:1,(anonymous_4)
FNDA:1,(anonymous_5)
FNDA:1,(anonymous_6)
DA:1,5
DA:13,5
DA:14,1
DA:20,5
DA:21,1
DA:28,5
DA:29,1
DA:37,5
DA:38,1
DA:40,5
LF:10
LH:10
BRF:0
BRH:0
end_of_record
TN:
SF:src\core\services\customer-service.ts
FN:13,(anonymous_2)
FN:14,CustomerService
FN:21,(anonymous_4)
FN:30,(anonymous_5)
FN:39,(anonymous_6)
FN:48,(anonymous_7)
FN:57,(anonymous_8)
FNF:7
FNH:7
FNDA:6,(anonymous_2)
FNDA:1,CustomerService
FNDA:2,(anonymous_4)
FNDA:2,(anonymous_5)
FNDA:3,(anonymous_6)
FNDA:2,(anonymous_7)
FNDA:2,(anonymous_8)
DA:1,6
DA:13,6
DA:14,1
DA:21,6
DA:22,2
DA:30,6
DA:31,2
DA:39,6
DA:40,3
DA:48,6
DA:49,2
DA:57,6
DA:58,2
DA:60,6
LF:14
LH:14
BRF:0
BRH:0
end_of_record
TN:
SF:src\core\services\index.ts
FNF:0
FNH:0
DA:1,4
DA:2,4
DA:3,4
DA:4,4
DA:5,4
DA:6,4
DA:7,4
DA:8,4
DA:9,4
LF:9
LH:9
BRF:0
BRH:0
end_of_record
TN:
SF:src\gateway\auth\signature.ts
FN:4,(anonymous_0)
FN:11,(anonymous_2)
FNF:2
FNH:2
FNDA:12,(anonymous_0)
FNDA:64,(anonymous_2)
DA:1,6
DA:2,6
DA:4,6
DA:11,6
DA:12,64
DA:13,64
DA:17,64
DA:19,6
DA:21,6
LF:9
LH:9
BRDA:14,0,0,18
BRDA:14,0,1,46
BRF:2
BRH:2
end_of_record
TN:
SF:src\gateway\client\boomtown-client.ts
FN:12,(anonymous_15)
FN:13,BoomtownClient
FN:20,(anonymous_17)
FNF:3
FNH:3
FNDA:6,(anonymous_15)
FNDA:6,BoomtownClient
FNDA:64,(anonymous_17)
DA:1,6
DA:3,6
DA:4,6
DA:12,6
DA:13,6
DA:20,6
DA:21,64
DA:22,64
DA:24,64
DA:26,6
LF:10
LH:10
BRF:0
BRH:0
end_of_record
TN:
SF:src\gateway\mapper\case-file-map.ts
FN:11,(anonymous_0)
FN:17,(anonymous_2)
FN:19,transform
FN:25,(anonymous_4)
FN:38,(anonymous_5)
FN:49,(anonymous_6)
FN:60,(anonymous_7)
FNF:7
FNH:1
FNDA:6,(anonymous_0)
FNDA:0,(anonymous_2)
FNDA:0,transform
FNDA:0,(anonymous_4)
FNDA:0,(anonymous_5)
FNDA:0,(anonymous_6)
FNDA:0,(anonymous_7)
DA:1,6
DA:11,6
DA:17,6
DA:18,0
DA:19,0
DA:20,0
DA:23,0
DA:26,0
DA:30,0
DA:38,6
DA:39,0
DA:41,0
DA:49,6
DA:50,0
DA:52,0
DA:60,6
DA:61,0
DA:63,0
DA:65,6
LF:19
LH:7
BRF:0
BRH:0
end_of_record
TN:
SF:src\gateway\mapper\case-log-map.ts
FN:23,(anonymous_0)
FN:29,(anonymous_2)
FN:31,transform
FN:37,(anonymous_4)
FN:50,(anonymous_5)
FN:53,(anonymous_6)
FN:54,(anonymous_7)
FN:55,(anonymous_8)
FN:56,(anonymous_9)
FN:57,(anonymous_10)
FN:58,(anonymous_11)
FN:60,(anonymous_12)
FN:61,(anonymous_13)
FN:62,(anonymous_14)
FN:63,(anonymous_15)
FN:64,(anonymous_16)
FN:65,(anonymous_17)
FN:66,(anonymous_18)
FN:67,(anonymous_19)
FN:78,(anonymous_20)
FN:81,(anonymous_21)
FN:82,(anonymous_22)
FN:91,(anonymous_23)
FN:94,(anonymous_24)
FN:95,(anonymous_25)
FN:104,(anonymous_26)
FN:107,(anonymous_27)
FN:108,(anonymous_28)
FN:117,(anonymous_29)
FN:120,(anonymous_30)
FN:121,(anonymous_31)
FN:130,(anonymous_32)
FN:136,(anonymous_33)
FN:137,(anonymous_34)
FN:149,(anonymous_35)
FNF:35
FNH:35
FNDA:6,(anonymous_0)
FNDA:6,(anonymous_2)
FNDA:50,transform
FNDA:12,(anonymous_4)
FNDA:50,(anonymous_5)
FNDA:100,(anonymous_6)
FNDA:100,(anonymous_7)
FNDA:100,(anonymous_8)
FNDA:100,(anonymous_9)
FNDA:100,(anonymous_10)
FNDA:100,(anonymous_11)
FNDA:100,(anonymous_12)
FNDA:100,(anonymous_13)
FNDA:100,(anonymous_14)
FNDA:100,(anonymous_15)
FNDA:100,(anonymous_16)
FNDA:100,(anonymous_17)
FNDA:100,(anonymous_18)
FNDA:98,(anonymous_19)
FNDA:50,(anonymous_20)
FNDA:92,(anonymous_21)
FNDA:92,(anonymous_22)
FNDA:50,(anonymous_23)
FNDA:92,(anonymous_24)
FNDA:50,(anonymous_25)
FNDA:50,(anonymous_26)
FNDA:92,(anonymous_27)
FNDA:92,(anonymous_28)
FNDA:50,(anonymous_29)
FNDA:92,(anonymous_30)
FNDA:92,(anonymous_31)
FNDA:50,(anonymous_32)
FNDA:92,(anonymous_33)
FNDA:92,(anonymous_34)
FNDA:50,(anonymous_35)
DA:23,6
DA:29,6
DA:30,6
DA:31,6
DA:32,50
DA:35,6
DA:38,12
DA:42,6
DA:50,6
DA:51,50
DA:53,100
DA:54,100
DA:55,100
DA:56,100
DA:57,100
DA:58,100
DA:60,100
DA:61,100
DA:62,100
DA:63,100
DA:64,100
DA:65,100
DA:66,100
DA:67,98
DA:70,50
DA:78,6
DA:79,50
DA:80,50
DA:81,92
DA:82,92
DA:83,50
DA:91,6
DA:92,50
DA:93,50
DA:94,92
DA:95,50
DA:96,50
DA:104,6
DA:105,50
DA:106,50
DA:107,92
DA:108,92
DA:109,50
DA:117,6
DA:118,50
DA:119,50
DA:120,92
DA:121,92
DA:122,50
DA:130,6
DA:131,50
DA:132,50
DA:136,92
DA:137,92
DA:140,50
DA:149,6
DA:151,50
DA:152,50
DA:155,6
LF:59
LH:59
BRDA:79,0,0,42
BRDA:79,0,1,8
BRDA:92,1,0,42
BRDA:92,1,1,8
BRDA:105,2,0,42
BRDA:105,2,1,8
BRDA:118,3,0,42
BRDA:118,3,1,8
BRDA:131,4,0,42
BRDA:131,4,1,8
BRF:10
BRH:10
end_of_record
TN:
SF:src\gateway\mapper\case-meta-map.ts
FN:5,(anonymous_0)
FN:11,(anonymous_2)
FN:14,(anonymous_3)
FNF:3
FNH:1
FNDA:6,(anonymous_0)
FNDA:0,(anonymous_2)
FNDA:0,(anonymous_3)
DA:1,6
DA:5,6
DA:11,6
DA:12,0
DA:15,0
DA:18,0
DA:20,6
LF:7
LH:4
BRF:0
BRH:0
end_of_record
TN:
SF:src\gateway\mapper\cases-map.ts
FN:37,(anonymous_0)
FN:43,(anonymous_2)
FN:46,(anonymous_3)
FN:47,(anonymous_4)
FN:50,(anonymous_5)
FN:51,(anonymous_6)
FN:52,(anonymous_7)
FN:53,(anonymous_8)
FN:56,(anonymous_9)
FN:59,(anonymous_10)
FN:62,(anonymous_11)
FN:65,(anonymous_12)
FN:68,(anonymous_13)
FN:71,(anonymous_14)
FN:74,(anonymous_15)
FN:75,(anonymous_16)
FN:76,(anonymous_17)
FN:77,(anonymous_18)
FN:78,(anonymous_19)
FN:79,(anonymous_20)
FN:80,(anonymous_21)
FN:81,(anonymous_22)
FN:82,(anonymous_23)
FN:83,(anonymous_24)
FN:84,(anonymous_25)
FN:87,(anonymous_26)
FN:88,(anonymous_27)
FN:89,(anonymous_28)
FN:92,(anonymous_29)
FN:93,(anonymous_30)
FN:94,(anonymous_31)
FN:97,(anonymous_32)
FN:100,(anonymous_33)
FN:103,(anonymous_34)
FN:104,(anonymous_35)
FN:107,(anonymous_36)
FN:110,(anonymous_37)
FN:111,(anonymous_38)
FN:124,(anonymous_39)
FN:137,(anonymous_40)
FN:140,(anonymous_41)
FN:141,(anonymous_42)
FN:144,(anonymous_43)
FN:145,(anonymous_44)
FN:146,(anonymous_45)
FN:147,(anonymous_46)
FN:150,(anonymous_47)
FN:153,(anonymous_48)
FN:156,(anonymous_49)
FN:159,(anonymous_50)
FN:162,(anonymous_51)
FN:165,(anonymous_52)
FN:168,(anonymous_53)
FN:169,(anonymous_54)
FN:170,(anonymous_55)
FN:171,(anonymous_56)
FN:172,(anonymous_57)
FN:173,(anonymous_58)
FN:174,(anonymous_59)
FN:175,(anonymous_60)
FN:176,(anonymous_61)
FN:177,(anonymous_62)
FN:178,(anonymous_63)
FN:181,(anonymous_64)
FN:182,(anonymous_65)
FN:183,(anonymous_66)
FN:186,(anonymous_67)
FN:187,(anonymous_68)
FN:188,(anonymous_69)
FN:191,(anonymous_70)
FN:194,(anonymous_71)
FN:197,(anonymous_72)
FN:198,(anonymous_73)
FN:201,(anonymous_74)
FN:204,(anonymous_75)
FN:205,(anonymous_76)
FN:219,(anonymous_77)
FN:221,transform
FN:227,(anonymous_79)
FN:240,(anonymous_80)
FN:246,(anonymous_81)
FN:259,(anonymous_82)
FN:262,(anonymous_83)
FN:271,(anonymous_84)
FN:274,(anonymous_85)
FN:284,(anonymous_86)
FN:287,transform
FN:297,(anonymous_88)
FN:300,transform
FN:310,(anonymous_90)
FN:321,(anonymous_91)
FN:332,(anonymous_92)
FN:335,transform
FN:345,(anonymous_94)
FN:348,transform
FN:358,(anonymous_96)
FN:361,(anonymous_97)
FN:364,(anonymous_98)
FN:367,(anonymous_99)
FN:370,(anonymous_100)
FN:373,(anonymous_101)
FN:385,(anonymous_102)
FN:388,(anonymous_103)
FN:391,(anonymous_104)
FN:394,(anonymous_105)
FN:397,(anonymous_106)
FN:400,(anonymous_107)
FN:412,(anonymous_108)
FN:415,(anonymous_109)
FN:416,(anonymous_110)
FN:419,(anonymous_111)
FN:431,(anonymous_112)
FN:434,(anonymous_113)
FN:446,(anonymous_114)
FN:449,(anonymous_115)
FN:461,(anonymous_116)
FN:464,(anonymous_117)
FN:465,(anonymous_118)
FN:466,(anonymous_119)
FN:478,(anonymous_120)
FN:481,(anonymous_121)
FN:482,(anonymous_122)
FN:492,(anonymous_123)
FN:494,transform
FN:500,(anonymous_125)
FN:513,(anonymous_126)
FN:516,(anonymous_127)
FN:528,(anonymous_128)
FN:530,transform
FN:536,(anonymous_130)
FN:549,(anonymous_131)
FN:552,(anonymous_132)
FN:553,(anonymous_133)
FN:554,(anonymous_134)
FN:555,(anonymous_135)
FN:556,(anonymous_136)
FN:559,(anonymous_137)
FN:563,(anonymous_138)
FN:566,(anonymous_139)
FN:569,(anonymous_140)
FN:579,(anonymous_141)
FN:582,(anonymous_142)
FN:583,(anonymous_143)
FNF:143
FNH:139
FNDA:6,(anonymous_0)
FNDA:23,(anonymous_2)
FNDA:46,(anonymous_3)
FNDA:46,(anonymous_4)
FNDA:46,(anonymous_5)
FNDA:46,(anonymous_6)
FNDA:46,(anonymous_7)
FNDA:46,(anonymous_8)
FNDA:46,(anonymous_9)
FNDA:46,(anonymous_10)
FNDA:46,(anonymous_11)
FNDA:46,(anonymous_12)
FNDA:46,(anonymous_13)
FNDA:46,(anonymous_14)
FNDA:25,(anonymous_15)
FNDA:46,(anonymous_16)
FNDA:46,(anonymous_17)
FNDA:46,(anonymous_18)
FNDA:46,(anonymous_19)
FNDA:46,(anonymous_20)
FNDA:46,(anonymous_21)
FNDA:46,(anonymous_22)
FNDA:46,(anonymous_23)
FNDA:46,(anonymous_24)
FNDA:46,(anonymous_25)
FNDA:46,(anonymous_26)
FNDA:46,(anonymous_27)
FNDA:46,(anonymous_28)
FNDA:46,(anonymous_29)
FNDA:46,(anonymous_30)
FNDA:46,(anonymous_31)
FNDA:46,(anonymous_32)
FNDA:46,(anonymous_33)
FNDA:46,(anonymous_34)
FNDA:46,(anonymous_35)
FNDA:46,(anonymous_36)
FNDA:46,(anonymous_37)
FNDA:46,(anonymous_38)
FNDA:4,(anonymous_39)
FNDA:4,(anonymous_40)
FNDA:8,(anonymous_41)
FNDA:8,(anonymous_42)
FNDA:8,(anonymous_43)
FNDA:8,(anonymous_44)
FNDA:8,(anonymous_45)
FNDA:8,(anonymous_46)
FNDA:8,(anonymous_47)
FNDA:8,(anonymous_48)
FNDA:8,(anonymous_49)
FNDA:8,(anonymous_50)
FNDA:8,(anonymous_51)
FNDA:8,(anonymous_52)
FNDA:8,(anonymous_53)
FNDA:8,(anonymous_54)
FNDA:8,(anonymous_55)
FNDA:8,(anonymous_56)
FNDA:8,(anonymous_57)
FNDA:8,(anonymous_58)
FNDA:8,(anonymous_59)
FNDA:8,(anonymous_60)
FNDA:8,(anonymous_61)
FNDA:8,(anonymous_62)
FNDA:8,(anonymous_63)
FNDA:8,(anonymous_64)
FNDA:8,(anonymous_65)
FNDA:8,(anonymous_66)
FNDA:8,(anonymous_67)
FNDA:8,(anonymous_68)
FNDA:8,(anonymous_69)
FNDA:8,(anonymous_70)
FNDA:8,(anonymous_71)
FNDA:8,(anonymous_72)
FNDA:8,(anonymous_73)
FNDA:8,(anonymous_74)
FNDA:8,(anonymous_75)
FNDA:8,(anonymous_76)
FNDA:5,(anonymous_77)
FNDA:21,transform
FNDA:10,(anonymous_79)
FNDA:2,(anonymous_80)
FNDA:4,(anonymous_81)
FNDA:2,(anonymous_82)
FNDA:4,(anonymous_83)
FNDA:4,(anonymous_84)
FNDA:8,(anonymous_85)
FNDA:23,(anonymous_86)
FNDA:2,transform
FNDA:4,(anonymous_88)
FNDA:4,transform
FNDA:2,(anonymous_90)
FNDA:4,(anonymous_91)
FNDA:23,(anonymous_92)
FNDA:2,transform
FNDA:4,(anonymous_94)
FNDA:4,transform
FNDA:23,(anonymous_96)
FNDA:46,(anonymous_97)
FNDA:46,(anonymous_98)
FNDA:46,(anonymous_99)
FNDA:46,(anonymous_100)
FNDA:46,(anonymous_101)
FNDA:4,(anonymous_102)
FNDA:8,(anonymous_103)
FNDA:8,(anonymous_104)
FNDA:8,(anonymous_105)
FNDA:8,(anonymous_106)
FNDA:8,(anonymous_107)
FNDA:2,(anonymous_108)
FNDA:1,(anonymous_109)
FNDA:1,(anonymous_110)
FNDA:1,(anonymous_111)
FNDA:0,(anonymous_112)
FNDA:0,(anonymous_113)
FNDA:0,(anonymous_114)
FNDA:0,(anonymous_115)
FNDA:2,(anonymous_116)
FNDA:4,(anonymous_117)
FNDA:4,(anonymous_118)
FNDA:4,(anonymous_119)
FNDA:2,(anonymous_120)
FNDA:4,(anonymous_121)
FNDA:4,(anonymous_122)
FNDA:1,(anonymous_123)
FNDA:1,transform
FNDA:2,(anonymous_125)
FNDA:1,(anonymous_126)
FNDA:1,(anonymous_127)
FNDA:1,(anonymous_128)
FNDA:1,transform
FNDA:2,(anonymous_130)
FNDA:1,(anonymous_131)
FNDA:2,(anonymous_132)
FNDA:2,(anonymous_133)
FNDA:2,(anonymous_134)
FNDA:2,(anonymous_135)
FNDA:2,(anonymous_136)
FNDA:2,(anonymous_137)
FNDA:2,(anonymous_138)
FNDA:2,(anonymous_139)
FNDA:2,(anonymous_140)
FNDA:1,(anonymous_141)
FNDA:2,(anonymous_142)
FNDA:2,(anonymous_143)
DA:1,6
DA:37,6
DA:43,6
DA:44,23
DA:46,46
DA:48,46
DA:50,46
DA:51,46
DA:52,46
DA:54,46
DA:57,46
DA:60,46
DA:63,46
DA:66,46
DA:69,46
DA:72,46
DA:74,25
DA:75,46
DA:76,46
DA:77,46
DA:78,46
DA:79,46
DA:80,46
DA:81,46
DA:82,46
DA:83,46
DA:85,46
DA:87,46
DA:88,46
DA:90,46
DA:92,46
DA:93,46
DA:95,46
DA:98,46
DA:101,46
DA:103,46
DA:105,46
DA:108,46
DA:110,46
DA:111,46
DA:116,23
DA:124,6
DA:125,4
DA:129,4
DA:137,6
DA:138,4
DA:140,8
DA:142,8
DA:144,8
DA:145,8
DA:146,8
DA:148,8
DA:151,8
DA:154,8
DA:157,8
DA:160,8
DA:163,8
DA:166,8
DA:168,8
DA:169,8
DA:170,8
DA:171,8
DA:172,8
DA:173,8
DA:174,8
DA:175,8
DA:176,8
DA:177,8
DA:179,8
DA:181,8
DA:182,8
DA:184,8
DA:186,8
DA:187,8
DA:189,8
DA:192,8
DA:195,8
DA:197,8
DA:199,8
DA:202,8
DA:204,8
DA:205,8
DA:211,4
DA:219,6
DA:220,5
DA:221,5
DA:222,21
DA:225,5
DA:228,10
DA:232,5
DA:240,6
DA:241,2
DA:242,2
DA:244,2
DA:247,4
DA:251,2
DA:259,6
DA:260,2
DA:262,4
DA:263,2
DA:271,6
DA:272,4
DA:274,8
DA:276,4
DA:284,6
DA:285,23
DA:287,23
DA:288,2
DA:297,6
DA:298,4
DA:300,4
DA:301,4
DA:310,6
DA:311,2
DA:313,2
DA:321,6
DA:322,4
DA:324,4
DA:332,6
DA:333,23
DA:335,23
DA:336,2
DA:345,6
DA:346,4
DA:348,4
DA:349,4
DA:358,6
DA:359,23
DA:362,46
DA:365,46
DA:368,46
DA:371,46
DA:374,46
DA:377,23
DA:385,6
DA:386,4
DA:389,8
DA:392,8
DA:395,8
DA:398,8
DA:401,8
DA:404,4
DA:412,6
DA:413,2
DA:415,1
DA:417,1
DA:420,1
DA:423,2
DA:431,6
DA:432,0
DA:435,0
DA:438,0
DA:446,6
DA:447,0
DA:450,0
DA:453,0
DA:461,6
DA:462,2
DA:464,4
DA:465,4
DA:467,4
DA:470,2
DA:478,6
DA:479,2
DA:481,4
DA:482,4
DA:484,2
DA:492,6
DA:493,1
DA:494,1
DA:495,1
DA:498,1
DA:501,2
DA:505,1
DA:513,6
DA:514,1
DA:517,1
DA:520,1
DA:528,6
DA:529,1
DA:530,1
DA:531,1
DA:534,1
DA:537,2
DA:541,1
DA:549,6
DA:550,1
DA:552,2
DA:553,2
DA:554,2
DA:555,2
DA:557,2
DA:560,2
DA:564,2
DA:567,2
DA:569,2
DA:571,1
DA:579,6
DA:580,1
DA:582,2
DA:584,2
DA:587,1
DA:593,6
LF:203
LH:197
BRDA:285,0,0,23
BRDA:285,0,1,0
BRDA:298,1,0,4
BRDA:298,1,1,0
BRDA:333,2,0,23
BRDA:333,2,1,0
BRDA:346,3,0,4
BRDA:346,3,1,0
BRF:8
BRH:4
end_of_record
TN:
SF:src\gateway\mapper\custom-forms-map.ts
FN:5,(anonymous_0)
FN:11,(anonymous_2)
FN:24,(anonymous_3)
FN:35,(anonymous_4)
FN:48,(anonymous_5)
FNF:5
FNH:5
FNDA:6,(anonymous_0)
FNDA:18,(anonymous_2)
FNDA:18,(anonymous_3)
FNDA:9,(anonymous_4)
FNDA:9,(anonymous_5)
DA:1,6
DA:5,6
DA:11,6
DA:12,18
DA:16,18
DA:24,6
DA:25,18
DA:27,18
DA:35,6
DA:36,9
DA:40,9
DA:48,6
DA:49,9
DA:51,9
DA:53,6
LF:15
LH:15
BRDA:14,0,0,7
BRDA:14,0,1,11
BRDA:14,1,0,18
BRDA:14,1,1,18
BRDA:38,2,0,4
BRDA:38,2,1,5
BRDA:38,3,0,9
BRDA:38,3,1,9
BRF:8
BRH:8
end_of_record
TN:
SF:src\gateway\mapper\customer-contact-map.ts
FN:17,(anonymous_0)
FN:23,(anonymous_2)
FN:26,(anonymous_3)
FN:27,(anonymous_4)
FN:30,(anonymous_5)
FN:31,(anonymous_6)
FN:32,(anonymous_7)
FN:33,(anonymous_8)
FN:34,(anonymous_9)
FN:44,(anonymous_10)
FN:47,(anonymous_11)
FN:48,(anonymous_12)
FN:51,(anonymous_13)
FN:52,(anonymous_14)
FN:53,(anonymous_15)
FN:54,(anonymous_16)
FN:55,(anonymous_17)
FN:65,(anonymous_18)
FN:68,(anonymous_19)
FN:80,(anonymous_20)
FN:82,transform
FN:88,(anonymous_22)
FN:101,(anonymous_23)
FN:118,(anonymous_24)
FN:121,(anonymous_25)
FNF:25
FNH:20
FNDA:6,(anonymous_0)
FNDA:12,(anonymous_2)
FNDA:24,(anonymous_3)
FNDA:24,(anonymous_4)
FNDA:24,(anonymous_5)
FNDA:24,(anonymous_6)
FNDA:24,(anonymous_7)
FNDA:24,(anonymous_8)
FNDA:24,(anonymous_9)
FNDA:6,(anonymous_10)
FNDA:6,(anonymous_11)
FNDA:6,(anonymous_12)
FNDA:6,(anonymous_13)
FNDA:6,(anonymous_14)
FNDA:6,(anonymous_15)
FNDA:6,(anonymous_16)
FNDA:6,(anonymous_17)
FNDA:0,(anonymous_18)
FNDA:0,(anonymous_19)
FNDA:2,(anonymous_20)
FNDA:4,transform
FNDA:4,(anonymous_22)
FNDA:0,(anonymous_23)
FNDA:0,(anonymous_24)
FNDA:0,(anonymous_25)
DA:1,6
DA:17,6
DA:23,6
DA:24,12
DA:26,24
DA:28,24
DA:30,24
DA:31,24
DA:32,24
DA:33,24
DA:34,24
DA:36,12
DA:44,6
DA:45,6
DA:47,6
DA:49,6
DA:51,6
DA:52,6
DA:53,6
DA:54,6
DA:55,6
DA:57,6
DA:65,6
DA:66,0
DA:69,0
DA:72,0
DA:80,6
DA:81,2
DA:82,2
DA:83,4
DA:86,2
DA:89,4
DA:93,2
DA:101,6
DA:102,0
DA:106,0
DA:118,6
DA:119,0
DA:122,0
DA:125,0
DA:127,6
LF:41
LH:33
BRF:0
BRH:0
end_of_record
TN:
SF:src\gateway\mapper\customer-location-map.ts
FN:19,(anonymous_0)
FN:25,(anonymous_2)
FN:27,transform
FN:33,(anonymous_4)
FN:50,(anonymous_5)
FN:53,(anonymous_6)
FN:54,(anonymous_7)
FN:55,(anonymous_8)
FN:56,(anonymous_9)
FN:57,(anonymous_10)
FN:58,(anonymous_11)
FN:59,(anonymous_12)
FN:61,(anonymous_13)
FN:64,(anonymous_14)
FN:75,(anonymous_15)
FN:78,(anonymous_16)
FN:81,(anonymous_17)
FN:84,(anonymous_18)
FN:100,(anonymous_19)
FN:117,(anonymous_20)
FN:120,(anonymous_21)
FN:121,(anonymous_22)
FN:122,(anonymous_23)
FN:123,(anonymous_24)
FN:124,(anonymous_25)
FN:125,(anonymous_26)
FN:126,(anonymous_27)
FN:140,(anonymous_28)
FN:143,(anonymous_29)
FN:146,(anonymous_30)
FN:149,(anonymous_31)
FN:165,(anonymous_32)
FN:174,(anonymous_33)
FNF:33
FNH:29
FNDA:6,(anonymous_0)
FNDA:7,(anonymous_2)
FNDA:10,transform
FNDA:14,(anonymous_4)
FNDA:13,(anonymous_5)
FNDA:20,(anonymous_6)
FNDA:20,(anonymous_7)
FNDA:20,(anonymous_8)
FNDA:20,(anonymous_9)
FNDA:20,(anonymous_10)
FNDA:20,(anonymous_11)
FNDA:20,(anonymous_12)
FNDA:0,(anonymous_13)
FNDA:0,(anonymous_14)
FNDA:13,(anonymous_15)
FNDA:4,(anonymous_16)
FNDA:8,(anonymous_17)
FNDA:8,(anonymous_18)
FNDA:3,(anonymous_19)
FNDA:9,(anonymous_20)
FNDA:12,(anonymous_21)
FNDA:12,(anonymous_22)
FNDA:12,(anonymous_23)
FNDA:12,(anonymous_24)
FNDA:12,(anonymous_25)
FNDA:12,(anonymous_26)
FNDA:12,(anonymous_27)
FNDA:9,(anonymous_28)
FNDA:3,(anonymous_29)
FNDA:3,(anonymous_30)
FNDA:3,(anonymous_31)
FNDA:0,(anonymous_32)
FNDA:0,(anonymous_33)
DA:1,6
DA:2,6
DA:19,6
DA:25,6
DA:26,7
DA:27,7
DA:28,10
DA:31,7
DA:34,14
DA:38,7
DA:50,6
DA:51,13
DA:53,20
DA:54,20
DA:55,20
DA:56,20
DA:57,20
DA:58,20
DA:59,20
DA:61,0
DA:64,0
DA:67,13
DA:75,6
DA:76,13
DA:79,4
DA:82,8
DA:85,8
DA:88,13
DA:100,6
DA:101,3
DA:105,3
DA:117,6
DA:118,9
DA:120,12
DA:121,12
DA:122,12
DA:123,12
DA:124,12
DA:125,12
DA:126,12
DA:132,9
DA:140,6
DA:141,9
DA:144,3
DA:147,3
DA:150,3
DA:153,9
DA:165,6
DA:166,0
DA:167,0
DA:168,0
DA:169,0
DA:170,0
DA:172,0
DA:175,0
DA:179,0
DA:185,6
LF:57
LH:47
BRF:0
BRH:0
end_of_record
TN:
SF:src\gateway\mapper\customer-lookup-location-map.ts
FN:6,(anonymous_0)
FN:14,(anonymous_2)
FN:17,(anonymous_3)
FN:18,(anonymous_4)
FN:19,(anonymous_5)
FN:20,(anonymous_6)
FN:21,(anonymous_7)
FN:22,(anonymous_8)
FN:23,(anonymous_9)
FN:25,(anonymous_10)
FN:28,(anonymous_11)
FN:41,(anonymous_12)
FN:58,(anonymous_13)
FN:61,(anonymous_14)
FN:64,(anonymous_15)
FN:67,(anonymous_16)
FNF:16
FNH:14
FNDA:6,(anonymous_0)
FNDA:5,(anonymous_2)
FNDA:10,(anonymous_3)
FNDA:10,(anonymous_4)
FNDA:10,(anonymous_5)
FNDA:10,(anonymous_6)
FNDA:10,(anonymous_7)
FNDA:10,(anonymous_8)
FNDA:10,(anonymous_9)
FNDA:0,(anonymous_10)
FNDA:0,(anonymous_11)
FNDA:5,(anonymous_12)
FNDA:5,(anonymous_13)
FNDA:10,(anonymous_14)
FNDA:10,(anonymous_15)
FNDA:10,(anonymous_16)
DA:1,6
DA:2,6
DA:6,6
DA:14,6
DA:15,5
DA:17,10
DA:18,10
DA:19,10
DA:20,10
DA:21,10
DA:22,10
DA:23,10
DA:25,0
DA:28,0
DA:31,5
DA:41,6
DA:42,5
DA:44,5
DA:58,6
DA:59,5
DA:62,10
DA:65,10
DA:68,10
DA:71,5
DA:80,6
LF:25
LH:23
BRF:0
BRH:0
end_of_record
TN:
SF:src\gateway\mapper\customer-lookup-map.ts
FN:7,(anonymous_0)
FN:14,(anonymous_2)
FN:18,(anonymous_3)
FN:35,(anonymous_4)
FN:38,(anonymous_5)
FN:39,(anonymous_6)
FN:40,(anonymous_7)
FN:43,(anonymous_8)
FN:45,(anonymous_9)
FNF:9
FNH:7
FNDA:6,(anonymous_0)
FNDA:5,(anonymous_2)
FNDA:10,(anonymous_3)
FNDA:5,(anonymous_4)
FNDA:10,(anonymous_5)
FNDA:10,(anonymous_6)
FNDA:10,(anonymous_7)
FNDA:0,(anonymous_8)
FNDA:0,(anonymous_9)
DA:1,6
DA:2,6
DA:5,6
DA:7,6
DA:14,6
DA:16,5
DA:19,10
DA:23,5
DA:35,6
DA:36,5
DA:38,10
DA:39,10
DA:40,10
DA:43,0
DA:45,0
DA:47,5
DA:53,6
LF:17
LH:15
BRF:0
BRH:0
end_of_record
TN:
SF:src\gateway\mapper\customer-map.ts
FN:21,(anonymous_0)
FN:27,(anonymous_2)
FN:30,(anonymous_3)
FN:31,(anonymous_4)
FN:32,(anonymous_5)
FN:33,(anonymous_6)
FN:43,(anonymous_7)
FN:58,(anonymous_8)
FN:61,(anonymous_9)
FN:62,(anonymous_10)
FN:63,(anonymous_11)
FN:64,(anonymous_12)
FN:74,(anonymous_13)
FN:76,transform
FN:82,(anonymous_15)
FN:95,(anonymous_16)
FN:104,(anonymous_17)
FN:121,(anonymous_18)
FN:123,(anonymous_19)
FN:124,(anonymous_20)
FN:134,(anonymous_21)
FN:137,(anonymous_22)
FNF:22
FNH:22
FNDA:6,(anonymous_0)
FNDA:69,(anonymous_2)
FNDA:138,(anonymous_3)
FNDA:138,(anonymous_4)
FNDA:138,(anonymous_5)
FNDA:138,(anonymous_6)
FNDA:6,(anonymous_7)
FNDA:6,(anonymous_8)
FNDA:12,(anonymous_9)
FNDA:12,(anonymous_10)
FNDA:12,(anonymous_11)
FNDA:12,(anonymous_12)
FNDA:3,(anonymous_13)
FNDA:61,transform
FNDA:6,(anonymous_15)
FNDA:3,(anonymous_16)
FNDA:6,(anonymous_17)
FNDA:2,(anonymous_18)
FNDA:4,(anonymous_19)
FNDA:4,(anonymous_20)
FNDA:1,(anonymous_21)
FNDA:2,(anonymous_22)
DA:1,6
DA:2,6
DA:21,6
DA:27,6
DA:28,69
DA:30,138
DA:31,138
DA:32,138
DA:33,138
DA:35,69
DA:43,6
DA:44,6
DA:50,6
DA:58,6
DA:59,6
DA:61,12
DA:62,12
DA:63,12
DA:64,12
DA:66,6
DA:74,6
DA:75,3
DA:76,3
DA:77,61
DA:80,3
DA:83,6
DA:87,3
DA:95,6
DA:96,3
DA:97,3
DA:98,3
DA:99,3
DA:100,3
DA:102,3
DA:105,6
DA:109,3
DA:121,6
DA:122,2
DA:123,4
DA:124,4
DA:126,2
DA:134,6
DA:135,1
DA:137,2
DA:139,1
DA:142,6
LF:46
LH:46
BRF:0
BRH:0
end_of_record
TN:
SF:src\gateway\mapper\customer-meta-map.ts
FN:5,(anonymous_0)
FN:11,(anonymous_2)
FN:14,(anonymous_3)
FNF:3
FNH:3
FNDA:6,(anonymous_0)
FNDA:3,(anonymous_2)
FNDA:6,(anonymous_3)
DA:1,6
DA:5,6
DA:11,6
DA:12,3
DA:15,6
DA:18,3
DA:20,6
LF:7
LH:7
BRF:0
BRH:0
end_of_record
TN:
SF:src\gateway\mapper\customer-product-map.ts
FN:5,(anonymous_0)
FN:11,(anonymous_2)
FN:14,(anonymous_3)
FN:15,(anonymous_4)
FN:16,(anonymous_5)
FN:17,(anonymous_6)
FN:18,(anonymous_7)
FN:30,(anonymous_8)
FN:33,(anonymous_9)
FN:34,(anonymous_10)
FN:35,(anonymous_11)
FN:36,(anonymous_12)
FN:37,(anonymous_13)
FNF:13
FNH:13
FNDA:6,(anonymous_0)
FNDA:13,(anonymous_2)
FNDA:4,(anonymous_3)
FNDA:4,(anonymous_4)
FNDA:4,(anonymous_5)
FNDA:4,(anonymous_6)
FNDA:4,(anonymous_7)
FNDA:9,(anonymous_8)
FNDA:2,(anonymous_9)
FNDA:2,(anonymous_10)
FNDA:2,(anonymous_11)
FNDA:2,(anonymous_12)
FNDA:2,(anonymous_13)
DA:1,6
DA:5,6
DA:11,6
DA:12,13
DA:14,4
DA:15,4
DA:16,4
DA:17,4
DA:19,4
DA:22,13
DA:30,6
DA:31,9
DA:33,2
DA:34,2
DA:35,2
DA:36,2
DA:38,2
DA:41,9
DA:47,6
LF:19
LH:19
BRF:0
BRH:0
end_of_record
TN:
SF:src\gateway\mapper\error-map.ts
FN:4,(anonymous_0)
FN:10,(anonymous_2)
FN:13,(anonymous_3)
FNF:3
FNH:1
FNDA:6,(anonymous_0)
FNDA:0,(anonymous_2)
FNDA:0,(anonymous_3)
DA:4,6
DA:10,6
DA:11,0
DA:14,0
DA:17,0
DA:19,6
LF:6
LH:3
BRF:0
BRH:0
end_of_record
TN:
SF:src\gateway\mapper\index.ts
FNF:0
FNH:0
DA:1,6
DA:2,6
DA:3,6
DA:4,6
DA:5,6
DA:6,6
DA:7,6
DA:8,6
DA:9,6
DA:10,6
DA:11,6
DA:12,6
DA:13,6
DA:14,6
DA:15,6
DA:16,6
LF:16
LH:16
BRF:0
BRH:0
end_of_record
TN:
SF:src\gateway\mapper\meta-custom-forms-map.ts
FN:6,(anonymous_0)
FN:13,(anonymous_2)
FN:16,transform
FN:22,(anonymous_4)
FN:35,(anonymous_5)
FN:38,transform
FN:45,(anonymous_7)
FN:56,(anonymous_8)
FN:60,(anonymous_9)
FN:61,(anonymous_10)
FNF:10
FNH:10
FNDA:6,(anonymous_0)
FNDA:1,(anonymous_2)
FNDA:1,transform
FNDA:2,(anonymous_4)
FNDA:1,(anonymous_5)
FNDA:1,transform
FNDA:2,(anonymous_7)
FNDA:1,(anonymous_8)
FNDA:2,(anonymous_9)
FNDA:1,(anonymous_10)
DA:1,6
DA:6,6
DA:13,6
DA:14,1
DA:16,1
DA:17,1
DA:20,1
DA:23,2
DA:27,1
DA:35,6
DA:37,1
DA:38,1
DA:40,1
DA:43,1
DA:45,2
DA:48,1
DA:56,6
DA:58,1
DA:60,2
DA:61,1
DA:63,1
DA:66,6
LF:22
LH:22
BRF:0
BRH:0
end_of_record
TN:
SF:src\gateway\mapper\response-map.ts
FN:4,(anonymous_0)
FN:10,(anonymous_2)
FN:13,(anonymous_3)
FNF:3
FNH:3
FNDA:6,(anonymous_0)
FNDA:16,(anonymous_2)
FNDA:32,(anonymous_3)
DA:4,6
DA:10,6
DA:11,16
DA:14,32
DA:17,16
DA:19,6
LF:6
LH:6
BRF:0
BRH:0
end_of_record
TN:
SF:src\gateway\mapper\upload-files-map.ts
FN:5,(anonymous_0)
FN:11,(anonymous_2)
FN:14,(anonymous_3)
FN:24,(anonymous_4)
FN:27,transform
FN:37,(anonymous_6)
FN:40,transform
FN:50,(anonymous_8)
FN:53,(anonymous_9)
FNF:9
FNH:3
FNDA:6,(anonymous_0)
FNDA:0,(anonymous_2)
FNDA:0,(anonymous_3)
FNDA:18,(anonymous_4)
FNDA:0,transform
FNDA:9,(anonymous_6)
FNDA:0,transform
FNDA:0,(anonymous_8)
FNDA:0,(anonymous_9)
DA:1,6
DA:5,6
DA:11,6
DA:12,0
DA:14,0
DA:16,0
DA:24,6
DA:25,18
DA:27,18
DA:28,0
DA:37,6
DA:38,9
DA:40,9
DA:41,0
DA:50,6
DA:51,0
DA:53,0
DA:55,0
DA:57,6
LF:19
LH:11
BRDA:25,0,0,18
BRDA:25,0,1,0
BRDA:38,1,0,5
BRDA:38,1,1,4
BRF:4
BRH:3
end_of_record
TN:
SF:src\gateway\repositories\case-file-repository.ts
FN:17,(anonymous_15)
FN:18,CaseFileRepository
FN:25,(anonymous_17)
FN:43,(anonymous_20)
FN:68,(anonymous_23)
FNF:5
FNH:1
FNDA:6,(anonymous_15)
FNDA:0,CaseFileRepository
FNDA:0,(anonymous_17)
FNDA:0,(anonymous_20)
FNDA:0,(anonymous_23)
DA:1,6
DA:2,6
DA:5,6
DA:6,6
DA:7,6
DA:17,6
DA:18,0
DA:25,6
DA:27,0
DA:28,0
DA:30,0
DA:32,0
DA:43,6
DA:45,0
DA:46,0
DA:47,0
DA:54,0
DA:56,0
DA:58,0
DA:68,6
DA:70,0
DA:71,0
DA:78,0
DA:80,0
DA:82,0
DA:85,6
LF:26
LH:10
BRDA:32,0,0,0
BRDA:32,0,1,0
BRDA:32,1,0,0
BRDA:32,1,1,0
BRDA:58,2,0,0
BRDA:58,2,1,0
BRDA:58,3,0,0
BRDA:58,3,1,0
BRDA:82,4,0,0
BRDA:82,4,1,0
BRDA:82,5,0,0
BRDA:82,5,1,0
BRF:12
BRH:0
end_of_record
TN:
SF:src\gateway\repositories\case-log-repository.ts
FN:17,(anonymous_15)
FN:19,CaseLogRepository
FN:27,(anonymous_17)
FN:48,(anonymous_20)
FN:65,(anonymous_23)
FNF:5
FNH:5
FNDA:6,(anonymous_15)
FNDA:1,CaseLogRepository
FNDA:2,(anonymous_17)
FNDA:2,(anonymous_20)
FNDA:2,(anonymous_23)
DA:1,6
DA:5,6
DA:6,6
DA:7,6
DA:8,6
DA:17,6
DA:18,1
DA:19,1
DA:27,6
DA:29,2
DA:30,2
DA:35,2
DA:37,2
DA:39,0
DA:48,6
DA:50,2
DA:51,2
DA:53,2
DA:55,0
DA:65,6
DA:67,2
DA:68,2
DA:73,2
DA:75,2
DA:77,0
DA:80,6
LF:26
LH:23
BRDA:39,0,0,0
BRDA:39,0,1,0
BRDA:39,1,0,0
BRDA:39,1,1,0
BRDA:55,2,0,0
BRDA:55,2,1,0
BRDA:55,3,0,0
BRDA:55,3,1,0
BRDA:77,4,0,0
BRDA:77,4,1,0
BRDA:77,5,0,0
BRDA:77,5,1,0
BRF:12
BRH:0
end_of_record
TN:
SF:src\gateway\repositories\case-meta-repository.ts
FN:16,(anonymous_15)
FN:17,CaseMataRepository
FN:23,(anonymous_17)
FN:38,(anonymous_20)
FN:53,(anonymous_23)
FN:68,(anonymous_26)
FN:83,(anonymous_29)
FN:98,(anonymous_32)
FN:113,(anonymous_35)
FN:128,(anonymous_38)
FNF:10
FNH:1
FNDA:6,(anonymous_15)
FNDA:0,CaseMataRepository
FNDA:0,(anonymous_17)
FNDA:0,(anonymous_20)
FNDA:0,(anonymous_23)
FNDA:0,(anonymous_26)
FNDA:0,(anonymous_29)
FNDA:0,(anonymous_32)
FNDA:0,(anonymous_35)
FNDA:0,(anonymous_38)
DA:1,6
DA:2,6
DA:3,6
DA:4,6
DA:5,6
DA:16,6
DA:17,0
DA:23,6
DA:25,0
DA:26,0
DA:28,0
DA:30,0
DA:38,6
DA:40,0
DA:41,0
DA:43,0
DA:45,0
DA:53,6
DA:55,0
DA:56,0
DA:58,0
DA:60,0
DA:68,6
DA:70,0
DA:71,0
DA:73,0
DA:75,0
DA:83,6
DA:85,0
DA:86,0
DA:88,0
DA:90,0
DA:98,6
DA:100,0
DA:101,0
DA:103,0
DA:105,0
DA:113,6
DA:115,0
DA:116,0
DA:118,0
DA:120,0
DA:128,6
DA:130,0
DA:131,0
DA:133,0
DA:135,0
DA:138,6
LF:48
LH:15
BRDA:30,0,0,0
BRDA:30,0,1,0
BRDA:30,1,0,0
BRDA:30,1,1,0
BRDA:45,2,0,0
BRDA:45,2,1,0
BRDA:45,3,0,0
BRDA:45,3,1,0
BRDA:60,4,0,0
BRDA:60,4,1,0
BRDA:60,5,0,0
BRDA:60,5,1,0
BRDA:75,6,0,0
BRDA:75,6,1,0
BRDA:75,7,0,0
BRDA:75,7,1,0
BRDA:90,8,0,0
BRDA:90,8,1,0
BRDA:90,9,0,0
BRDA:90,9,1,0
BRDA:105,10,0,0
BRDA:105,10,1,0
BRDA:105,11,0,0
BRDA:105,11,1,0
BRDA:120,12,0,0
BRDA:120,12,1,0
BRDA:120,13,0,0
BRDA:120,13,1,0
BRDA:135,14,0,0
BRDA:135,14,1,0
BRDA:135,15,0,0
BRDA:135,15,1,0
BRF:32
BRH:0
end_of_record
TN:
SF:src\gateway\repositories\cases-repository.ts
FN:27,(anonymous_15)
FN:28,CasesRepository
FN:35,(anonymous_17)
FN:52,(anonymous_20)
FN:68,(anonymous_23)
FN:86,(anonymous_26)
FN:104,(anonymous_29)
FN:120,(anonymous_32)
FN:137,(anonymous_35)
FN:155,(anonymous_38)
FN:172,(anonymous_41)
FN:188,(anonymous_44)
FN:204,(anonymous_47)
FNF:13
FNH:13
FNDA:6,(anonymous_15)
FNDA:1,CasesRepository
FNDA:2,(anonymous_17)
FNDA:3,(anonymous_20)
FNDA:2,(anonymous_23)
FNDA:3,(anonymous_26)
FNDA:2,(anonymous_29)
FNDA:2,(anonymous_32)
FNDA:2,(anonymous_35)
FNDA:2,(anonymous_38)
FNDA:2,(anonymous_41)
FNDA:2,(anonymous_44)
FNDA:2,(anonymous_47)
DA:1,6
DA:2,6
DA:3,6
DA:4,6
DA:5,6
DA:27,6
DA:28,1
DA:35,6
DA:37,2
DA:38,2
DA:39,2
DA:41,2
DA:43,0
DA:52,6
DA:54,3
DA:55,3
DA:57,3
DA:59,0
DA:68,6
DA:70,2
DA:71,2
DA:72,2
DA:74,2
DA:76,0
DA:86,6
DA:88,3
DA:89,3
DA:90,3
DA:91,3
DA:93,3
DA:95,0
DA:104,6
DA:106,2
DA:107,2
DA:109,2
DA:111,0
DA:120,6
DA:122,2
DA:123,2
DA:125,2
DA:127,0
DA:137,6
DA:139,2
DA:140,2
DA:141,2
DA:143,2
DA:145,0
DA:155,6
DA:157,2
DA:158,2
DA:159,2
DA:161,2
DA:163,0
DA:172,6
DA:174,2
DA:175,2
DA:177,2
DA:179,0
DA:188,6
DA:190,2
DA:191,2
DA:193,1
DA:195,1
DA:204,6
DA:206,2
DA:207,2
DA:209,1
DA:211,1
DA:214,6
LF:69
LH:60
BRDA:43,0,0,0
BRDA:43,0,1,0
BRDA:43,1,0,0
BRDA:43,1,1,0
BRDA:59,2,0,0
BRDA:59,2,1,0
BRDA:59,3,0,0
BRDA:59,3,1,0
BRDA:76,4,0,0
BRDA:76,4,1,0
BRDA:76,5,0,0
BRDA:76,5,1,0
BRDA:95,6,0,0
BRDA:95,6,1,0
BRDA:95,7,0,0
BRDA:95,7,1,0
BRDA:111,8,0,0
BRDA:111,8,1,0
BRDA:111,9,0,0
BRDA:111,9,1,0
BRDA:127,10,0,0
BRDA:127,10,1,0
BRDA:127,11,0,0
BRDA:127,11,1,0
BRDA:145,12,0,0
BRDA:145,12,1,0
BRDA:145,13,0,0
BRDA:145,13,1,0
BRDA:163,14,0,0
BRDA:163,14,1,0
BRDA:163,15,0,0
BRDA:163,15,1,0
BRDA:179,16,0,0
BRDA:179,16,1,0
BRDA:179,17,0,0
BRDA:179,17,1,0
BRDA:195,18,0,0
BRDA:195,18,1,1
BRDA:195,19,0,1
BRDA:195,19,1,0
BRDA:211,20,0,0
BRDA:211,20,1,1
BRDA:211,21,0,1
BRDA:211,21,1,0
BRF:44
BRH:4
end_of_record
TN:
SF:src\gateway\repositories\customer-contact-repository.ts
FN:17,(anonymous_15)
FN:20,CustomerContactRepository
FN:27,(anonymous_17)
FN:44,(anonymous_20)
FN:66,(anonymous_23)
FN:83,(anonymous_26)
FN:101,(anonymous_29)
FN:124,(anonymous_32)
FNF:8
FNH:1
FNDA:6,(anonymous_15)
FNDA:0,CustomerContactRepository
FNDA:0,(anonymous_17)
FNDA:0,(anonymous_20)
FNDA:0,(anonymous_23)
FNDA:0,(anonymous_26)
FNDA:0,(anonymous_29)
FNDA:0,(anonymous_32)
DA:1,6
DA:2,6
DA:5,6
DA:6,6
DA:8,6
DA:17,6
DA:18,0
DA:20,0
DA:27,6
DA:29,0
DA:30,0
DA:32,0
DA:34,0
DA:44,6
DA:46,0
DA:47,0
DA:53,0
DA:55,0
DA:57,0
DA:66,6
DA:68,0
DA:69,0
DA:70,0
DA:72,0
DA:74,0
DA:83,6
DA:85,0
DA:86,0
DA:87,0
DA:89,0
DA:91,0
DA:101,6
DA:103,0
DA:104,0
DA:110,0
DA:112,0
DA:114,0
DA:124,6
DA:126,0
DA:127,0
DA:128,0
DA:130,0
DA:132,0
DA:135,6
LF:44
LH:13
BRDA:34,0,0,0
BRDA:34,0,1,0
BRDA:34,1,0,0
BRDA:34,1,1,0
BRDA:57,2,0,0
BRDA:57,2,1,0
BRDA:57,3,0,0
BRDA:57,3,1,0
BRDA:68,4,0,0
BRDA:68,4,1,0
BRDA:74,5,0,0
BRDA:74,5,1,0
BRDA:74,6,0,0
BRDA:74,6,1,0
BRDA:91,7,0,0
BRDA:91,7,1,0
BRDA:91,8,0,0
BRDA:91,8,1,0
BRDA:101,9,0,0
BRDA:114,10,0,0
BRDA:114,10,1,0
BRDA:114,11,0,0
BRDA:114,11,1,0
BRDA:132,12,0,0
BRDA:132,12,1,0
BRDA:132,13,0,0
BRDA:132,13,1,0
BRF:27
BRH:0
end_of_record
TN:
SF:src\gateway\repositories\customer-location-repository.ts
FN:25,(anonymous_15)
FN:28,CustomerLocationRepository
FN:36,(anonymous_17)
FN:60,(anonymous_20)
FN:76,(anonymous_23)
FN:92,(anonymous_26)
FN:115,(anonymous_29)
FN:131,(anonymous_32)
FNF:8
FNH:8
FNDA:6,(anonymous_15)
FNDA:1,CustomerLocationRepository
FNDA:2,(anonymous_17)
FNDA:3,(anonymous_20)
FNDA:2,(anonymous_23)
FNDA:2,(anonymous_26)
FNDA:2,(anonymous_29)
FNDA:1,(anonymous_32)
DA:1,6
DA:2,6
DA:3,6
DA:4,6
DA:13,6
DA:14,6
DA:25,6
DA:26,1
DA:28,1
DA:36,6
DA:41,2
DA:42,2
DA:48,2
DA:50,2
DA:52,0
DA:60,6
DA:62,3
DA:63,3
DA:64,3
DA:66,3
DA:68,0
DA:76,6
DA:78,2
DA:79,2
DA:81,2
DA:83,0
DA:92,6
DA:94,2
DA:95,2
DA:101,2
DA:103,2
DA:105,0
DA:115,6
DA:117,2
DA:118,2
DA:119,2
DA:121,2
DA:123,0
DA:131,6
DA:133,1
DA:134,1
DA:136,1
DA:138,0
DA:141,6
LF:44
LH:38
BRDA:41,0,0,2
BRDA:41,0,1,0
BRDA:41,1,0,2
BRDA:41,1,1,2
BRDA:52,2,0,0
BRDA:52,2,1,0
BRDA:52,3,0,0
BRDA:52,3,1,0
BRDA:68,4,0,0
BRDA:68,4,1,0
BRDA:68,5,0,0
BRDA:68,5,1,0
BRDA:83,6,0,0
BRDA:83,6,1,0
BRDA:83,7,0,0
BRDA:83,7,1,0
BRDA:105,8,0,0
BRDA:105,8,1,0
BRDA:105,9,0,0
BRDA:105,9,1,0
BRDA:123,10,0,0
BRDA:123,10,1,0
BRDA:123,11,0,0
BRDA:123,11,1,0
BRDA:138,12,0,0
BRDA:138,12,1,0
BRDA:138,13,0,0
BRDA:138,13,1,0
BRF:28
BRH:3
end_of_record
TN:
SF:src\gateway\repositories\customer-lookup-repository.ts
FN:17,(anonymous_15)
FN:20,CustomerLookupRepository
FN:28,(anonymous_17)
FN:45,(anonymous_20)
FN:62,(anonymous_23)
FN:79,(anonymous_26)
FNF:6
FNH:6
FNDA:6,(anonymous_15)
FNDA:1,CustomerLookupRepository
FNDA:2,(anonymous_17)
FNDA:2,(anonymous_20)
FNDA:2,(anonymous_23)
FNDA:2,(anonymous_26)
DA:1,6
DA:2,6
DA:4,6
DA:7,6
DA:8,6
DA:17,6
DA:18,1
DA:20,1
DA:28,6
DA:30,2
DA:31,2
DA:32,2
DA:34,2
DA:36,0
DA:45,6
DA:47,2
DA:48,2
DA:49,2
DA:51,1
DA:53,1
DA:62,6
DA:64,2
DA:65,2
DA:66,2
DA:68,1
DA:70,1
DA:79,6
DA:81,2
DA:82,2
DA:83,2
DA:85,1
DA:87,1
DA:90,6
LF:33
LH:32
BRDA:36,0,0,0
BRDA:36,0,1,0
BRDA:36,1,0,0
BRDA:36,1,1,0
BRDA:53,2,0,0
BRDA:53,2,1,1
BRDA:53,3,0,1
BRDA:53,3,1,0
BRDA:70,4,0,0
BRDA:70,4,1,1
BRDA:70,5,0,1
BRDA:70,5,1,0
BRDA:81,6,0,2
BRDA:81,6,1,0
BRDA:87,7,0,0
BRDA:87,7,1,1
BRDA:87,8,0,1
BRDA:87,8,1,0
BRF:18
BRH:7
end_of_record
TN:
SF:src\gateway\repositories\customer-meta-repository.ts
FN:17,(anonymous_15)
FN:19,CustomerMetaRepository
FN:25,(anonymous_17)
FN:40,(anonymous_20)
FN:56,(anonymous_23)
FNF:5
FNH:5
FNDA:6,(anonymous_15)
FNDA:1,CustomerMetaRepository
FNDA:1,(anonymous_17)
FNDA:1,(anonymous_20)
FNDA:1,(anonymous_23)
DA:1,6
DA:2,6
DA:3,6
DA:4,6
DA:6,6
DA:17,6
DA:18,1
DA:19,1
DA:25,6
DA:27,1
DA:28,1
DA:30,1
DA:32,0
DA:40,6
DA:42,1
DA:43,1
DA:45,1
DA:47,0
DA:56,6
DA:58,1
DA:59,1
DA:60,1
DA:62,1
DA:64,0
DA:67,6
LF:25
LH:22
BRDA:32,0,0,0
BRDA:32,0,1,0
BRDA:32,1,0,0
BRDA:32,1,1,0
BRDA:47,2,0,0
BRDA:47,2,1,0
BRDA:47,3,0,0
BRDA:47,3,1,0
BRDA:64,4,0,0
BRDA:64,4,1,0
BRDA:64,5,0,0
BRDA:64,5,1,0
BRF:12
BRH:0
end_of_record
TN:
SF:src\gateway\repositories\customer-repository.ts
FN:24,(anonymous_15)
FN:25,CustomerRepository
FN:32,(anonymous_17)
FN:48,(anonymous_20)
FN:64,(anonymous_23)
FN:81,(anonymous_26)
FN:97,(anonymous_29)
FNF:7
FNH:7
FNDA:6,(anonymous_15)
FNDA:1,CustomerRepository
FNDA:2,(anonymous_17)
FNDA:2,(anonymous_20)
FNDA:3,(anonymous_23)
FNDA:2,(anonymous_26)
FNDA:2,(anonymous_29)
DA:1,6
DA:2,6
DA:3,6
DA:4,6
DA:5,6
DA:24,6
DA:25,1
DA:32,6
DA:34,2
DA:35,2
DA:37,2
DA:39,0
DA:48,6
DA:50,2
DA:51,2
DA:53,1
DA:55,1
DA:64,6
DA:66,3
DA:67,3
DA:68,3
DA:70,3
DA:72,0
DA:81,6
DA:83,2
DA:84,2
DA:86,1
DA:88,1
DA:97,6
DA:99,2
DA:100,2
DA:101,2
DA:103,1
DA:105,1
DA:108,6
LF:35
LH:33
BRDA:39,0,0,0
BRDA:39,0,1,0
BRDA:39,1,0,0
BRDA:39,1,1,0
BRDA:55,2,0,0
BRDA:55,2,1,1
BRDA:55,3,0,1
BRDA:55,3,1,0
BRDA:72,4,0,0
BRDA:72,4,1,0
BRDA:72,5,0,0
BRDA:72,5,1,0
BRDA:88,6,0,0
BRDA:88,6,1,1
BRDA:88,7,0,1
BRDA:88,7,1,0
BRDA:105,8,0,0
BRDA:105,8,1,1
BRDA:105,9,0,1
BRDA:105,9,1,0
BRF:20
BRH:6
end_of_record
TN:
SF:src\gateway\repositories\index.ts
FNF:0
FNH:0
DA:1,6
DA:2,6
DA:3,6
DA:4,6
DA:5,6
DA:6,6
DA:7,6
DA:8,6
DA:9,6
DA:10,6
LF:10
LH:10
BRF:0
BRH:0
end_of_record
TN:
SF:src\gateway\request-handler\axios-handler.ts
FN:7,(anonymous_1)
FN:15,(anonymous_3)
FNF:2
FNH:2
FNDA:12,(anonymous_1)
FNDA:64,(anonymous_3)
DA:1,6
DA:3,6
DA:5,6
DA:7,6
DA:15,6
DA:17,64
DA:25,64
DA:32,64
DA:34,6
LF:9
LH:9
BRDA:20,0,0,64
BRDA:20,0,1,0
BRDA:21,1,0,4
BRDA:21,1,1,60
BRDA:26,2,0,18
BRDA:26,2,1,46
BRDA:27,3,0,18
BRDA:27,3,1,46
BRDA:27,4,0,64
BRDA:27,4,1,64
BRF:10
BRH:9
end_of_record
TN:
SF:src\gateway\request-handler\index.ts
FNF:0
FNH:0
DA:1,6
LF:1
LH:1
BRF:0
BRH:0
end_of_record
TN:
SF:tests\helpers\common-helpers.ts
FN:1,generateId
FN:6,digitsOnly
FNF:2
FNH:2
FNDA:3,generateId
FNDA:2,digitsOnly
DA:1,3
DA:2,3
DA:3,3
DA:6,3
DA:7,2
LF:5
LH:5
BRF:0
BRH:0
end_of_record
TN:
SF:tests\mock-data\case-log-data.ts
FNF:0
FNH:0
DA:3,1
DA:224,1
DA:233,1
DA:260,1
DA:270,1
LF:5
LH:5
BRF:0
BRH:0
end_of_record
TN:
SF:tests\mock-data\cases-data.ts
FNF:0
FNH:0
DA:18,1
DA:831,1
DA:840,1
DA:848,1
DA:854,1
DA:862,1
DA:904,1
DA:946,1
DA:988,1
DA:992,1
DA:996,1
DA:1005,1
DA:1013,1
DA:1018,1
DA:1028,1
DA:1034,1
DA:1043,1
DA:1054,1
DA:1073,1
DA:1075,1
DA:1084,1
DA:1089,1
DA:1096,1
DA:1103,1
DA:1110,1
DA:1117,1
DA:1124,1
DA:1131,1
LF:28
LH:28
BRF:0
BRH:0
end_of_record
TN:
SF:tests\mock-data\customer-data.ts
FNF:0
FNH:0
DA:11,1
DA:914,1
DA:923,1
DA:947,1
DA:975,1
DA:1065,1
DA:1074,1
DA:1082,1
DA:1089,1
DA:1094,1
DA:1099,1
DA:1107,1
DA:1117,1
LF:13
LH:13
BRF:0
BRH:0
end_of_record
TN:
SF:tests\mock-data\customer-location-data.ts
FNF:0
FNH:0
DA:4,1
DA:35,1
DA:44,1
DA:54,1
DA:80,1
DA:84,1
DA:109,1
DA:113,1
DA:139,1
DA:144,1
DA:153,1
DA:160,1
DA:165,1
DA:172,1
DA:181,1
DA:210,1
LF:16
LH:16
BRF:0
BRH:0
end_of_record
TN:
SF:tests\mock-data\customer-lookup-data.ts
FNF:0
FNH:0
DA:1,1
DA:66,1
DA:75,1
LF:3
LH:3
BRF:0
BRH:0
end_of_record
TN:
SF:tests\mock-data\customer-meta-data.ts
FNF:0
FNH:0
DA:1,1
DA:15,1
DA:35,1
LF:3
LH:3
BRF:0
BRH:0
end_of_record
TN:
SF:tests\mocks\case-log-mock.ts
FN:14,caseLogGetByIdMock
FN:18,(anonymous_2)
FN:30,caseLogCreateMock
FN:41,caseLogDeleteMock
FN:44,(anonymous_5)
FNF:5
FNH:5
FNDA:2,caseLogGetByIdMock
FNDA:24,(anonymous_2)
FNDA:2,caseLogCreateMock
FNDA:2,caseLogDeleteMock
FNDA:24,(anonymous_5)
DA:1,1
DA:2,1
DA:4,1
DA:11,1
DA:12,1
DA:14,1
DA:15,2
DA:17,2
DA:18,24
DA:19,2
DA:23,2
DA:24,2
DA:26,0
DA:30,1
DA:32,2
DA:34,2
DA:38,2
DA:41,1
DA:42,2
DA:44,24
DA:46,2
DA:50,2
DA:51,2
DA:53,0
LF:24
LH:22
BRDA:23,0,0,2
BRDA:23,0,1,0
BRDA:44,1,0,24
BRDA:44,1,1,24
BRDA:50,2,0,2
BRDA:50,2,1,0
BRF:6
BRH:4
end_of_record
TN:
SF:tests\mocks\cases-mock.ts
FN:23,getCasesMock
FN:37,getCasesByIdMock
FN:41,(anonymous_3)
FN:49,casesCreateOrUpdateMock
FN:66,casesSuccessResponseMock
FN:76,scheduleInvalidCaseIdMock
FN:86,scheduleTimeInvalidMock
FN:96,cancelScheduleInvalidCaseIdMock
FN:106,statusHistoryResponseMock
FN:116,statusHistoryErrorResponseMock
FN:126,chatHistoryResponseMock
FN:136,chatHistoryErrorResponseMock
FNF:12
FNH:12
FNDA:2,getCasesMock
FNDA:3,getCasesByIdMock
FNDA:11,(anonymous_3)
FNDA:2,casesCreateOrUpdateMock
FNDA:10,casesSuccessResponseMock
FNDA:1,scheduleInvalidCaseIdMock
FNDA:1,scheduleTimeInvalidMock
FNDA:1,cancelScheduleInvalidCaseIdMock
FNDA:1,statusHistoryResponseMock
FNDA:1,statusHistoryErrorResponseMock
FNDA:1,chatHistoryResponseMock
FNDA:1,chatHistoryErrorResponseMock
DA:1,1
DA:2,1
DA:5,1
DA:6,1
DA:7,1
DA:20,1
DA:21,1
DA:23,3
DA:24,2
DA:25,2
DA:27,2
DA:28,2
DA:30,2
DA:34,2
DA:37,1
DA:38,3
DA:40,3
DA:41,11
DA:42,3
DA:46,3
DA:49,1
DA:50,2
DA:52,2
DA:53,1
DA:55,2
DA:56,2
DA:57,2
DA:59,2
DA:63,2
DA:66,1
DA:67,10
DA:69,10
DA:73,10
DA:76,1
DA:77,1
DA:79,1
DA:83,1
DA:86,1
DA:87,1
DA:89,1
DA:93,1
DA:96,1
DA:97,1
DA:99,1
DA:103,1
DA:106,1
DA:107,1
DA:109,1
DA:113,1
DA:116,1
DA:117,1
DA:119,1
DA:123,1
DA:126,1
DA:127,1
DA:129,1
DA:133,1
DA:136,1
DA:137,1
DA:139,1
DA:143,1
LF:61
LH:61
BRDA:23,0,0,1
BRDA:23,1,0,1
BRDA:27,2,0,1
BRDA:28,3,0,0
BRDA:52,4,0,1
BRDA:52,5,0,2
BRDA:52,5,1,1
BRF:7
BRH:6
end_of_record
TN:
SF:tests\mocks\customer-location-mock.ts
FN:11,getCustomerLocationByIdMock
FN:15,(anonymous_2)
FN:27,getCustomerMetaStatusMock
FN:36,customerLocationCreateOrUpdateMock
FN:54,customerLocationDeleteMock
FN:57,(anonymous_6)
FN:70,getCustomerLocationLookupByExternalId
FN:73,(anonymous_8)
FN:84,getContactByCustomerLocationIdMock
FN:88,(anonymous_10)
FNF:10
FNH:10
FNDA:2,getCustomerLocationByIdMock
FNDA:2,(anonymous_2)
FNDA:1,getCustomerMetaStatusMock
FNDA:3,customerLocationCreateOrUpdateMock
FNDA:2,customerLocationDeleteMock
FNDA:2,(anonymous_6)
FNDA:2,getCustomerLocationLookupByExternalId
FNDA:2,(anonymous_8)
FNDA:2,getContactByCustomerLocationIdMock
FNDA:4,(anonymous_10)
DA:1,1
DA:2,1
DA:3,1
DA:6,1
DA:8,1
DA:9,1
DA:11,1
DA:12,2
DA:14,2
DA:15,2
DA:16,2
DA:20,2
DA:21,2
DA:23,0
DA:27,1
DA:28,1
DA:29,1
DA:32,1
DA:36,1
DA:37,3
DA:39,3
DA:40,1
DA:43,3
DA:44,3
DA:46,3
DA:50,3
DA:54,1
DA:55,2
DA:57,2
DA:59,2
DA:63,2
DA:64,2
DA:66,0
DA:70,1
DA:71,2
DA:72,2
DA:73,2
DA:74,2
DA:77,2
DA:78,2
DA:80,0
DA:84,1
DA:85,2
DA:87,2
DA:88,4
DA:89,2
DA:93,2
DA:94,2
DA:96,0
LF:49
LH:45
BRDA:20,0,0,2
BRDA:20,0,1,0
BRDA:39,1,0,1
BRDA:39,2,0,3
BRDA:39,2,1,2
BRDA:63,3,0,2
BRDA:63,3,1,0
BRDA:77,4,0,2
BRDA:77,4,1,0
BRDA:88,5,0,4
BRDA:88,5,1,4
BRDA:93,6,0,2
BRDA:93,6,1,0
BRF:13
BRH:9
end_of_record
TN:
SF:tests\mocks\customer-lookup-mock.ts
FN:8,customerLookupGetByIdMock
FN:22,customerLookupGetByEmailMock
FN:36,customerLookupGetByExternalIdMock
FN:50,customerLookupGetByIssueIdMock
FNF:4
FNH:4
FNDA:2,customerLookupGetByIdMock
FNDA:2,customerLookupGetByEmailMock
FNDA:2,customerLookupGetByExternalIdMock
FNDA:2,customerLookupGetByIssueIdMock
DA:1,1
DA:2,1
DA:3,1
DA:5,1
DA:6,1
DA:8,1
DA:9,2
DA:11,2
DA:15,2
DA:16,1
DA:18,1
DA:22,1
DA:23,2
DA:25,2
DA:29,2
DA:30,1
DA:32,1
DA:36,1
DA:37,2
DA:39,2
DA:43,2
DA:44,1
DA:46,1
DA:50,1
DA:51,2
DA:53,2
DA:57,2
DA:58,2
DA:60,0
LF:29
LH:28
BRDA:15,0,0,1
BRDA:15,0,1,1
BRDA:29,1,0,1
BRDA:29,1,1,1
BRDA:43,2,0,1
BRDA:43,2,1,1
BRDA:57,3,0,2
BRDA:57,3,1,0
BRF:8
BRH:7
end_of_record
TN:
SF:tests\mocks\customer-meta-mock.ts
FN:7,customerMetaStatusMock
FN:17,customerMetaIndustriesMock
FN:27,customerMetaCustomFormsMock
FN:31,(anonymous_4)
FNF:4
FNH:4
FNDA:1,customerMetaStatusMock
FNDA:1,customerMetaIndustriesMock
FNDA:1,customerMetaCustomFormsMock
FNDA:1,(anonymous_4)
DA:1,1
DA:2,1
DA:3,1
DA:4,1
DA:5,1
DA:7,1
DA:8,1
DA:10,1
DA:14,1
DA:17,1
DA:18,1
DA:20,1
DA:24,1
DA:27,1
DA:28,1
DA:30,1
DA:31,1
DA:32,1
DA:36,1
LF:19
LH:19
BRF:0
BRH:0
end_of_record
TN:
SF:tests\mocks\customer-mock.ts
FN:20,customerGetAllMock
FN:34,customerGetByIdMock
FN:38,(anonymous_3)
FN:50,customerCreateOrUpdateMock
FN:70,customerInvalidCreateOrUpdateMock
FN:90,customerDeleteMock
FN:93,(anonymous_7)
FN:106,customerSmsInviteMock
FNF:8
FNH:7
FNDA:2,customerGetAllMock
FNDA:2,customerGetByIdMock
FNDA:11,(anonymous_3)
FNDA:3,customerCreateOrUpdateMock
FNDA:0,customerInvalidCreateOrUpdateMock
FNDA:2,customerDeleteMock
FNDA:100,(anonymous_7)
FNDA:2,customerSmsInviteMock
DA:1,1
DA:2,1
DA:5,1
DA:6,1
DA:7,1
DA:8,1
DA:17,1
DA:18,1
DA:20,3
DA:21,2
DA:22,2
DA:24,2
DA:25,2
DA:27,2
DA:31,2
DA:34,1
DA:35,2
DA:37,2
DA:38,11
DA:39,2
DA:43,2
DA:44,1
DA:46,1
DA:50,1
DA:51,3
DA:53,3
DA:54,1
DA:57,3
DA:58,3
DA:59,3
DA:60,3
DA:61,3
DA:63,3
DA:67,3
DA:70,1
DA:71,0
DA:73,0
DA:74,0
DA:77,0
DA:78,0
DA:79,0
DA:80,0
DA:81,0
DA:83,0
DA:87,0
DA:90,1
DA:91,2
DA:93,100
DA:95,2
DA:99,2
DA:100,1
DA:102,1
DA:106,1
DA:107,2
DA:109,2
DA:113,2
DA:114,1
DA:116,1
LF:58
LH:48
BRDA:20,0,0,1
BRDA:20,1,0,1
BRDA:24,2,0,1
BRDA:25,3,0,0
BRDA:43,4,0,1
BRDA:43,4,1,1
BRDA:53,5,0,1
BRDA:53,6,0,3
BRDA:53,6,1,2
BRDA:73,7,0,0
BRDA:73,8,0,0
BRDA:73,8,1,0
BRDA:99,9,0,1
BRDA:99,9,1,1
BRDA:113,10,0,1
BRDA:113,10,1,1
BRF:16
BRH:12
end_of_record
